<?xml version="1.0" encoding="UTF-8"?>
<testsuite xmlns:xsi="http://www.w3.org/2001/XMLSchema-instance" xsi:noNamespaceSchemaLocation="https://maven.apache.org/surefire/maven-surefire-plugin/xsd/surefire-test-report-3.0.xsd" version="3.0" name="com.automationproject.demoCICD.TestClass1" time="32.371" tests="3" errors="0" skipped="0" failures="0">
  <properties>
    <property name="java.specification.version" value="17"/>
    <property name="webdriver.chrome.driver" value="C:\CICD\ChromeDriver\chromedriver.exe"/>
    <property name="sun.cpu.isalist" value="amd64"/>
    <property name="sun.jnu.encoding" value="Cp1252"/>
    <property name="java.class.path" value="C:\Users\owner\eclipse-workspace\demoCICD\target\test-classes;C:\Users\owner\eclipse-workspace\demoCICD\target\classes;C:\Users\owner\.m2\repository\org\seleniumhq\selenium\selenium-java\4.5.0\selenium-java-4.5.0.jar;C:\Users\owner\.m2\repository\org\seleniumhq\selenium\selenium-api\4.5.0\selenium-api-4.5.0.jar;C:\Users\owner\.m2\repository\org\seleniumhq\selenium\selenium-chrome-driver\4.5.0\selenium-chrome-driver-4.5.0.jar;C:\Users\owner\.m2\repository\org\seleniumhq\selenium\selenium-chromium-driver\4.5.0\selenium-chromium-driver-4.5.0.jar;C:\Users\owner\.m2\repository\org\seleniumhq\selenium\selenium-json\4.5.0\selenium-json-4.5.0.jar;C:\Users\owner\.m2\repository\org\seleniumhq\selenium\selenium-devtools-v104\4.5.0\selenium-devtools-v104-4.5.0.jar;C:\Users\owner\.m2\repository\org\seleniumhq\selenium\selenium-devtools-v105\4.5.0\selenium-devtools-v105-4.5.0.jar;C:\Users\owner\.m2\repository\org\seleniumhq\selenium\selenium-devtools-v106\4.5.0\selenium-devtools-v106-4.5.0.jar;C:\Users\owner\.m2\repository\org\seleniumhq\selenium\selenium-devtools-v85\4.5.0\selenium-devtools-v85-4.5.0.jar;C:\Users\owner\.m2\repository\org\seleniumhq\selenium\selenium-edge-driver\4.5.0\selenium-edge-driver-4.5.0.jar;C:\Users\owner\.m2\repository\org\seleniumhq\selenium\selenium-firefox-driver\4.5.0\selenium-firefox-driver-4.5.0.jar;C:\Users\owner\.m2\repository\org\seleniumhq\selenium\selenium-ie-driver\4.5.0\selenium-ie-driver-4.5.0.jar;C:\Users\owner\.m2\repository\org\seleniumhq\selenium\selenium-remote-driver\4.5.0\selenium-remote-driver-4.5.0.jar;C:\Users\owner\.m2\repository\io\netty\netty-buffer\4.1.79.Final\netty-buffer-4.1.79.Final.jar;C:\Users\owner\.m2\repository\io\netty\netty-codec-http\4.1.79.Final\netty-codec-http-4.1.79.Final.jar;C:\Users\owner\.m2\repository\io\netty\netty-codec\4.1.79.Final\netty-codec-4.1.79.Final.jar;C:\Users\owner\.m2\repository\io\netty\netty-handler\4.1.79.Final\netty-handler-4.1.79.Final.jar;C:\Users\owner\.m2\repository\io\netty\netty-common\4.1.79.Final\netty-common-4.1.79.Final.jar;C:\Users\owner\.m2\repository\io\netty\netty-transport-classes-epoll\4.1.79.Final\netty-transport-classes-epoll-4.1.79.Final.jar;C:\Users\owner\.m2\repository\io\netty\netty-transport-classes-kqueue\4.1.79.Final\netty-transport-classes-kqueue-4.1.79.Final.jar;C:\Users\owner\.m2\repository\io\netty\netty-transport-native-epoll\4.1.79.Final\netty-transport-native-epoll-4.1.79.Final.jar;C:\Users\owner\.m2\repository\io\netty\netty-transport-native-kqueue\4.1.79.Final\netty-transport-native-kqueue-4.1.79.Final.jar;C:\Users\owner\.m2\repository\io\netty\netty-transport-native-unix-common\4.1.79.Final\netty-transport-native-unix-common-4.1.79.Final.jar;C:\Users\owner\.m2\repository\io\netty\netty-transport\4.1.79.Final\netty-transport-4.1.79.Final.jar;C:\Users\owner\.m2\repository\io\netty\netty-resolver\4.1.79.Final\netty-resolver-4.1.79.Final.jar;C:\Users\owner\.m2\repository\io\opentelemetry\opentelemetry-api\1.17.0\opentelemetry-api-1.17.0.jar;C:\Users\owner\.m2\repository\io\opentelemetry\opentelemetry-context\1.17.0\opentelemetry-context-1.17.0.jar;C:\Users\owner\.m2\repository\io\opentelemetry\opentelemetry-exporter-logging\1.17.0\opentelemetry-exporter-logging-1.17.0.jar;C:\Users\owner\.m2\repository\io\opentelemetry\opentelemetry-sdk-metrics\1.17.0\opentelemetry-sdk-metrics-1.17.0.jar;C:\Users\owner\.m2\repository\io\opentelemetry\opentelemetry-sdk-logs\1.17.0-alpha\opentelemetry-sdk-logs-1.17.0-alpha.jar;C:\Users\owner\.m2\repository\io\opentelemetry\opentelemetry-sdk-common\1.17.0\opentelemetry-sdk-common-1.17.0.jar;C:\Users\owner\.m2\repository\io\opentelemetry\opentelemetry-sdk-extension-autoconfigure-spi\1.17.0\opentelemetry-sdk-extension-autoconfigure-spi-1.17.0.jar;C:\Users\owner\.m2\repository\io\opentelemetry\opentelemetry-sdk-extension-autoconfigure\1.17.0-alpha\opentelemetry-sdk-extension-autoconfigure-1.17.0-alpha.jar;C:\Users\owner\.m2\repository\io\opentelemetry\opentelemetry-exporter-common\1.17.0\opentelemetry-exporter-common-1.17.0.jar;C:\Users\owner\.m2\repository\io\opentelemetry\opentelemetry-sdk-trace\1.17.0\opentelemetry-sdk-trace-1.17.0.jar;C:\Users\owner\.m2\repository\io\opentelemetry\opentelemetry-sdk\1.17.0\opentelemetry-sdk-1.17.0.jar;C:\Users\owner\.m2\repository\io\opentelemetry\opentelemetry-semconv\1.17.0-alpha\opentelemetry-semconv-1.17.0-alpha.jar;C:\Users\owner\.m2\repository\io\ous\jtoml\2.0.0\jtoml-2.0.0.jar;C:\Users\owner\.m2\repository\net\bytebuddy\byte-buddy\1.12.14\byte-buddy-1.12.14.jar;C:\Users\owner\.m2\repository\org\apache\commons\commons-exec\1.3\commons-exec-1.3.jar;C:\Users\owner\.m2\repository\org\asynchttpclient\async-http-client\2.12.3\async-http-client-2.12.3.jar;C:\Users\owner\.m2\repository\org\asynchttpclient\async-http-client-netty-utils\2.12.3\async-http-client-netty-utils-2.12.3.jar;C:\Users\owner\.m2\repository\io\netty\netty-codec-socks\4.1.60.Final\netty-codec-socks-4.1.60.Final.jar;C:\Users\owner\.m2\repository\io\netty\netty-handler-proxy\4.1.60.Final\netty-handler-proxy-4.1.60.Final.jar;C:\Users\owner\.m2\repository\io\netty\netty-transport-native-epoll\4.1.60.Final\netty-transport-native-epoll-4.1.60.Final-linux-x86_64.jar;C:\Users\owner\.m2\repository\io\netty\netty-transport-native-kqueue\4.1.60.Final\netty-transport-native-kqueue-4.1.60.Final-osx-x86_64.jar;C:\Users\owner\.m2\repository\org\reactivestreams\reactive-streams\1.0.3\reactive-streams-1.0.3.jar;C:\Users\owner\.m2\repository\com\typesafe\netty\netty-reactive-streams\2.0.4\netty-reactive-streams-2.0.4.jar;C:\Users\owner\.m2\repository\com\sun\activation\jakarta.activation\1.2.2\jakarta.activation-1.2.2.jar;C:\Users\owner\.m2\repository\org\seleniumhq\selenium\selenium-safari-driver\4.5.0\selenium-safari-driver-4.5.0.jar;C:\Users\owner\.m2\repository\org\seleniumhq\selenium\selenium-support\4.5.0\selenium-support-4.5.0.jar;C:\Users\owner\.m2\repository\org\testng\testng\7.5\testng-7.5.jar;C:\Users\owner\.m2\repository\com\google\code\findbugs\jsr305\3.0.1\jsr305-3.0.1.jar;C:\Users\owner\.m2\repository\org\slf4j\slf4j-api\1.7.32\slf4j-api-1.7.32.jar;C:\Users\owner\.m2\repository\com\beust\jcommander\1.78\jcommander-1.78.jar;C:\Users\owner\.m2\repository\org\webjars\jquery\3.5.1\jquery-3.5.1.jar;C:\Users\owner\.m2\repository\org\seleniumhq\selenium\selenium-http-jdk-client\4.5.0\selenium-http-jdk-client-4.5.0.jar;C:\Users\owner\.m2\repository\com\google\auto\service\auto-service-annotations\1.0.1\auto-service-annotations-1.0.1.jar;C:\Users\owner\.m2\repository\com\google\auto\service\auto-service\1.0.1\auto-service-1.0.1.jar;C:\Users\owner\.m2\repository\com\google\auto\auto-common\1.2\auto-common-1.2.jar;C:\Users\owner\.m2\repository\org\seleniumhq\selenium\selenium-http\4.5.0\selenium-http-4.5.0.jar;C:\Users\owner\.m2\repository\dev\failsafe\failsafe\3.2.4\failsafe-3.2.4.jar;C:\Users\owner\.m2\repository\com\google\guava\guava\31.0.1-jre\guava-31.0.1-jre.jar;C:\Users\owner\.m2\repository\com\google\guava\failureaccess\1.0.1\failureaccess-1.0.1.jar;C:\Users\owner\.m2\repository\com\google\guava\listenablefuture\9999.0-empty-to-avoid-conflict-with-guava\listenablefuture-9999.0-empty-to-avoid-conflict-with-guava.jar;C:\Users\owner\.m2\repository\org\checkerframework\checker-qual\3.12.0\checker-qual-3.12.0.jar;C:\Users\owner\.m2\repository\com\google\errorprone\error_prone_annotations\2.7.1\error_prone_annotations-2.7.1.jar;C:\Users\owner\.m2\repository\com\google\j2objc\j2objc-annotations\1.3\j2objc-annotations-1.3.jar;C:\Users\owner\.m2\repository\net\rcarz\jira-client\0.4\jira-client-0.4.jar;C:\Users\owner\.m2\repository\org\apache\httpcomponents\httpmime\4.2.5\httpmime-4.2.5.jar;C:\Users\owner\.m2\repository\net\sf\json-lib\json-lib\2.4\json-lib-2.4-jdk15.jar;C:\Users\owner\.m2\repository\commons-beanutils\commons-beanutils\1.8.0\commons-beanutils-1.8.0.jar;C:\Users\owner\.m2\repository\net\sf\ezmorph\ezmorph\1.0.6\ezmorph-1.0.6.jar;C:\Users\owner\.m2\repository\joda-time\joda-time\2.3\joda-time-2.3.jar;C:\Users\owner\.m2\repository\org\apache\httpcomponents\httpclient\4.5.13\httpclient-4.5.13.jar;C:\Users\owner\.m2\repository\org\apache\httpcomponents\httpcore\4.4.13\httpcore-4.4.13.jar;C:\Users\owner\.m2\repository\commons-logging\commons-logging\1.2\commons-logging-1.2.jar;C:\Users\owner\.m2\repository\commons-codec\commons-codec\1.11\commons-codec-1.11.jar;C:\Users\owner\.m2\repository\com\google\code\gson\gson\2.10\gson-2.10.jar;C:\Users\owner\.m2\repository\org\catools\extentreport\0.1.49\extentreport-0.1.49.jar;C:\Users\owner\.m2\repository\org\catools\common.testng\0.1.49\common.testng-0.1.49.jar;C:\Users\owner\.m2\repository\org\catools\common.logger\0.1.49\common.logger-0.1.49.jar;C:\Users\owner\.m2\repository\org\catools\common.utils\0.1.49\common.utils-0.1.49.jar;C:\Users\owner\.m2\repository\org\catools\common.config\0.1.49\common.config-0.1.49.jar;C:\Users\owner\.m2\repository\org\catools\common.extension\0.1.49\common.extension-0.1.49.jar;C:\Users\owner\.m2\repository\org\catools\common.security\0.1.49\common.security-0.1.49.jar;C:\Users\owner\.m2\repository\com\aventstack\extentreports\4.1.5\extentreports-4.1.5.jar;C:\Users\owner\.m2\repository\org\freemarker\freemarker\2.3.29\freemarker-2.3.29.jar;C:\Users\owner\.m2\repository\org\mongodb\mongodb-driver\3.12.0\mongodb-driver-3.12.0.jar;C:\Users\owner\.m2\repository\org\mongodb\mongodb-driver-core\3.12.0\mongodb-driver-core-3.12.0.jar;C:\Users\owner\.m2\repository\org\mongodb\bson\3.12.0\bson-3.12.0.jar;C:\Users\owner\.m2\repository\com\github\lalyos\jfiglet\0.0.8\jfiglet-0.0.8.jar;C:\Users\owner\.m2\repository\com\diogonunes\JCDP\2.0.3.1\JCDP-2.0.3.1.jar;C:\Users\owner\.m2\repository\org\fusesource\jansi\jansi\1.15\jansi-1.15.jar;C:\Users\owner\.m2\repository\org\codehaus\groovy\groovy-jsr223\2.5.7\groovy-jsr223-2.5.7.jar;C:\Users\owner\.m2\repository\org\codehaus\groovy\groovy\2.5.7\groovy-2.5.7.jar;C:\Users\owner\.m2\repository\org\apache\logging\log4j\log4j-api\2.17.1\log4j-api-2.17.1.jar;C:\Users\owner\.m2\repository\org\apache\logging\log4j\log4j-core\2.17.1\log4j-core-2.17.1.jar;C:\Users\owner\.m2\repository\org\apache\logging\log4j\log4j-slf4j-impl\2.17.1\log4j-slf4j-impl-2.17.1.jar;C:\Users\owner\.m2\repository\org\projectlombok\lombok\1.18.10\lombok-1.18.10.jar;C:\Users\owner\.m2\repository\commons-io\commons-io\2.6\commons-io-2.6.jar;C:\Users\owner\.m2\repository\javax\xml\bind\jaxb-api\2.3.1\jaxb-api-2.3.1.jar;C:\Users\owner\.m2\repository\javax\activation\javax.activation-api\1.2.0\javax.activation-api-1.2.0.jar;C:\Users\owner\.m2\repository\javax\xml\bind\activation\1.0.2\activation-1.0.2.jar;C:\Users\owner\.m2\repository\org\glassfish\jaxb\jaxb-runtime\2.4.0-b180830.0438\jaxb-runtime-2.4.0-b180830.0438.jar;C:\Users\owner\.m2\repository\org\glassfish\jaxb\txw2\2.4.0-b180830.0438\txw2-2.4.0-b180830.0438.jar;C:\Users\owner\.m2\repository\com\sun\istack\istack-commons-runtime\3.0.7\istack-commons-runtime-3.0.7.jar;C:\Users\owner\.m2\repository\org\jvnet\staxex\stax-ex\1.8\stax-ex-1.8.jar;C:\Users\owner\.m2\repository\com\sun\xml\fastinfoset\FastInfoset\1.2.15\FastInfoset-1.2.15.jar;C:\Users\owner\.m2\repository\javax\ws\rs\javax.ws.rs-api\2.1.1\javax.ws.rs-api-2.1.1.jar;C:\Users\owner\.m2\repository\org\codehaus\jettison\jettison\1.4.0\jettison-1.4.0.jar;C:\Users\owner\.m2\repository\org\apache\commons\commons-text\1.6\commons-text-1.6.jar;C:\Users\owner\.m2\repository\org\apache\commons\commons-lang3\3.8.1\commons-lang3-3.8.1.jar;C:\Users\owner\.m2\repository\org\apache\commons\commons-csv\1.6\commons-csv-1.6.jar;C:\Users\owner\.m2\repository\org\apache\commons\commons-collections4\4.4\commons-collections4-4.4.jar;C:\Users\owner\.m2\repository\com\fasterxml\jackson\core\jackson-core\2.10.2\jackson-core-2.10.2.jar;C:\Users\owner\.m2\repository\com\fasterxml\jackson\dataformat\jackson-dataformat-yaml\2.10.2\jackson-dataformat-yaml-2.10.2.jar;C:\Users\owner\.m2\repository\org\yaml\snakeyaml\1.24\snakeyaml-1.24.jar;C:\Users\owner\.m2\repository\com\fasterxml\jackson\core\jackson-databind\2.10.2\jackson-databind-2.10.2.jar;C:\Users\owner\.m2\repository\com\fasterxml\jackson\core\jackson-annotations\2.10.2\jackson-annotations-2.10.2.jar;C:\Users\owner\.m2\repository\commons-collections\commons-collections\3.2.1\commons-collections-3.2.1.jar;C:\Users\owner\.m2\repository\org\bitbucket\cowwoc\diff-match-patch\1.2\diff-match-patch-1.2.jar;C:\Users\owner\.m2\repository\uk\com\robust-it\cloning\1.9.12\cloning-1.9.12.jar;C:\Users\owner\.m2\repository\org\objenesis\objenesis\3.0.1\objenesis-3.0.1.jar;C:\Users\owner\.m2\repository\io\github\bonigarcia\webdrivermanager\5.1.0\webdrivermanager-5.1.0.jar;C:\Users\owner\.m2\repository\com\github\docker-java\docker-java\3.2.13\docker-java-3.2.13.jar;C:\Users\owner\.m2\repository\com\github\docker-java\docker-java-core\3.2.13\docker-java-core-3.2.13.jar;C:\Users\owner\.m2\repository\com\github\docker-java\docker-java-api\3.2.13\docker-java-api-3.2.13.jar;C:\Users\owner\.m2\repository\org\apache\commons\commons-compress\1.21\commons-compress-1.21.jar;C:\Users\owner\.m2\repository\org\bouncycastle\bcpkix-jdk15on\1.64\bcpkix-jdk15on-1.64.jar;C:\Users\owner\.m2\repository\org\bouncycastle\bcprov-jdk15on\1.64\bcprov-jdk15on-1.64.jar;C:\Users\owner\.m2\repository\org\slf4j\jcl-over-slf4j\1.7.30\jcl-over-slf4j-1.7.30.jar;C:\Users\owner\.m2\repository\com\github\docker-java\docker-java-transport-httpclient5\3.2.13\docker-java-transport-httpclient5-3.2.13.jar;C:\Users\owner\.m2\repository\com\github\docker-java\docker-java-transport\3.2.13\docker-java-transport-3.2.13.jar;C:\Users\owner\.m2\repository\org\apache\httpcomponents\client5\httpclient5\5.0.3\httpclient5-5.0.3.jar;C:\Users\owner\.m2\repository\org\apache\httpcomponents\core5\httpcore5\5.0.2\httpcore5-5.0.2.jar;C:\Users\owner\.m2\repository\net\java\dev\jna\jna\5.8.0\jna-5.8.0.jar;C:\Users\owner\.m2\repository\org\brotli\dec\0.1.2\dec-0.1.2.jar;C:\Users\owner\.m2\repository\org\sonarsource\scanner\maven\sonar-maven-plugin\3.9.1.2184\sonar-maven-plugin-3.9.1.2184.jar;C:\Users\owner\.m2\repository\org\sonatype\plexus\plexus-sec-dispatcher\1.4\plexus-sec-dispatcher-1.4.jar;C:\Users\owner\.m2\repository\org\sonatype\plexus\plexus-cipher\1.4\plexus-cipher-1.4.jar;C:\Users\owner\.m2\repository\org\codehaus\plexus\plexus-utils\3.2.1\plexus-utils-3.2.1.jar;C:\Users\owner\.m2\repository\org\sonarsource\scanner\api\sonar-scanner-api\2.16.2.588\sonar-scanner-api-2.16.2.588.jar;C:\Users\owner\.m2\repository\commons-lang\commons-lang\2.6\commons-lang-2.6.jar;"/>
    <property name="java.vm.vendor" value="Eclipse Adoptium"/>
    <property name="sun.arch.data.model" value="64"/>
    <property name="user.variant" value=""/>
    <property name="java.vendor.url" value="https://adoptium.net/"/>
    <property name="user.timezone" value="Europe/London"/>
    <property name="os.name" value="Windows 10"/>
    <property name="java.vm.specification.version" value="17"/>
    <property name="sun.java.launcher" value="SUN_STANDARD"/>
    <property name="user.country" value="GB"/>
    <property name="sun.boot.library.path" value="C:\Users\owner\.p2\pool\plugins\org.eclipse.justj.openjdk.hotspot.jre.full.win32.x86_64_17.0.8.v20230831-1047\jre\bin"/>
    <property name="sun.java.command" value="C:\Users\owner\AppData\Local\Temp\surefire15264613607181932512\surefirebooter-20231016130908887_3.jar C:\Users\owner\AppData\Local\Temp\surefire15264613607181932512 2023-10-16T13-09-08_320-jvmRun1 surefire-20231016130908887_1tmp surefire_0-20231016130908887_2tmp"/>
    <property name="jdk.debug" value="release"/>
    <property name="surefire.test.class.path" value="C:\Users\owner\eclipse-workspace\demoCICD\target\test-classes;C:\Users\owner\eclipse-workspace\demoCICD\target\classes;C:\Users\owner\.m2\repository\org\seleniumhq\selenium\selenium-java\4.5.0\selenium-java-4.5.0.jar;C:\Users\owner\.m2\repository\org\seleniumhq\selenium\selenium-api\4.5.0\selenium-api-4.5.0.jar;C:\Users\owner\.m2\repository\org\seleniumhq\selenium\selenium-chrome-driver\4.5.0\selenium-chrome-driver-4.5.0.jar;C:\Users\owner\.m2\repository\org\seleniumhq\selenium\selenium-chromium-driver\4.5.0\selenium-chromium-driver-4.5.0.jar;C:\Users\owner\.m2\repository\org\seleniumhq\selenium\selenium-json\4.5.0\selenium-json-4.5.0.jar;C:\Users\owner\.m2\repository\org\seleniumhq\selenium\selenium-devtools-v104\4.5.0\selenium-devtools-v104-4.5.0.jar;C:\Users\owner\.m2\repository\org\seleniumhq\selenium\selenium-devtools-v105\4.5.0\selenium-devtools-v105-4.5.0.jar;C:\Users\owner\.m2\repository\org\seleniumhq\selenium\selenium-devtools-v106\4.5.0\selenium-devtools-v106-4.5.0.jar;C:\Users\owner\.m2\repository\org\seleniumhq\selenium\selenium-devtools-v85\4.5.0\selenium-devtools-v85-4.5.0.jar;C:\Users\owner\.m2\repository\org\seleniumhq\selenium\selenium-edge-driver\4.5.0\selenium-edge-driver-4.5.0.jar;C:\Users\owner\.m2\repository\org\seleniumhq\selenium\selenium-firefox-driver\4.5.0\selenium-firefox-driver-4.5.0.jar;C:\Users\owner\.m2\repository\org\seleniumhq\selenium\selenium-ie-driver\4.5.0\selenium-ie-driver-4.5.0.jar;C:\Users\owner\.m2\repository\org\seleniumhq\selenium\selenium-remote-driver\4.5.0\selenium-remote-driver-4.5.0.jar;C:\Users\owner\.m2\repository\io\netty\netty-buffer\4.1.79.Final\netty-buffer-4.1.79.Final.jar;C:\Users\owner\.m2\repository\io\netty\netty-codec-http\4.1.79.Final\netty-codec-http-4.1.79.Final.jar;C:\Users\owner\.m2\repository\io\netty\netty-codec\4.1.79.Final\netty-codec-4.1.79.Final.jar;C:\Users\owner\.m2\repository\io\netty\netty-handler\4.1.79.Final\netty-handler-4.1.79.Final.jar;C:\Users\owner\.m2\repository\io\netty\netty-common\4.1.79.Final\netty-common-4.1.79.Final.jar;C:\Users\owner\.m2\repository\io\netty\netty-transport-classes-epoll\4.1.79.Final\netty-transport-classes-epoll-4.1.79.Final.jar;C:\Users\owner\.m2\repository\io\netty\netty-transport-classes-kqueue\4.1.79.Final\netty-transport-classes-kqueue-4.1.79.Final.jar;C:\Users\owner\.m2\repository\io\netty\netty-transport-native-epoll\4.1.79.Final\netty-transport-native-epoll-4.1.79.Final.jar;C:\Users\owner\.m2\repository\io\netty\netty-transport-native-kqueue\4.1.79.Final\netty-transport-native-kqueue-4.1.79.Final.jar;C:\Users\owner\.m2\repository\io\netty\netty-transport-native-unix-common\4.1.79.Final\netty-transport-native-unix-common-4.1.79.Final.jar;C:\Users\owner\.m2\repository\io\netty\netty-transport\4.1.79.Final\netty-transport-4.1.79.Final.jar;C:\Users\owner\.m2\repository\io\netty\netty-resolver\4.1.79.Final\netty-resolver-4.1.79.Final.jar;C:\Users\owner\.m2\repository\io\opentelemetry\opentelemetry-api\1.17.0\opentelemetry-api-1.17.0.jar;C:\Users\owner\.m2\repository\io\opentelemetry\opentelemetry-context\1.17.0\opentelemetry-context-1.17.0.jar;C:\Users\owner\.m2\repository\io\opentelemetry\opentelemetry-exporter-logging\1.17.0\opentelemetry-exporter-logging-1.17.0.jar;C:\Users\owner\.m2\repository\io\opentelemetry\opentelemetry-sdk-metrics\1.17.0\opentelemetry-sdk-metrics-1.17.0.jar;C:\Users\owner\.m2\repository\io\opentelemetry\opentelemetry-sdk-logs\1.17.0-alpha\opentelemetry-sdk-logs-1.17.0-alpha.jar;C:\Users\owner\.m2\repository\io\opentelemetry\opentelemetry-sdk-common\1.17.0\opentelemetry-sdk-common-1.17.0.jar;C:\Users\owner\.m2\repository\io\opentelemetry\opentelemetry-sdk-extension-autoconfigure-spi\1.17.0\opentelemetry-sdk-extension-autoconfigure-spi-1.17.0.jar;C:\Users\owner\.m2\repository\io\opentelemetry\opentelemetry-sdk-extension-autoconfigure\1.17.0-alpha\opentelemetry-sdk-extension-autoconfigure-1.17.0-alpha.jar;C:\Users\owner\.m2\repository\io\opentelemetry\opentelemetry-exporter-common\1.17.0\opentelemetry-exporter-common-1.17.0.jar;C:\Users\owner\.m2\repository\io\opentelemetry\opentelemetry-sdk-trace\1.17.0\opentelemetry-sdk-trace-1.17.0.jar;C:\Users\owner\.m2\repository\io\opentelemetry\opentelemetry-sdk\1.17.0\opentelemetry-sdk-1.17.0.jar;C:\Users\owner\.m2\repository\io\opentelemetry\opentelemetry-semconv\1.17.0-alpha\opentelemetry-semconv-1.17.0-alpha.jar;C:\Users\owner\.m2\repository\io\ous\jtoml\2.0.0\jtoml-2.0.0.jar;C:\Users\owner\.m2\repository\net\bytebuddy\byte-buddy\1.12.14\byte-buddy-1.12.14.jar;C:\Users\owner\.m2\repository\org\apache\commons\commons-exec\1.3\commons-exec-1.3.jar;C:\Users\owner\.m2\repository\org\asynchttpclient\async-http-client\2.12.3\async-http-client-2.12.3.jar;C:\Users\owner\.m2\repository\org\asynchttpclient\async-http-client-netty-utils\2.12.3\async-http-client-netty-utils-2.12.3.jar;C:\Users\owner\.m2\repository\io\netty\netty-codec-socks\4.1.60.Final\netty-codec-socks-4.1.60.Final.jar;C:\Users\owner\.m2\repository\io\netty\netty-handler-proxy\4.1.60.Final\netty-handler-proxy-4.1.60.Final.jar;C:\Users\owner\.m2\repository\io\netty\netty-transport-native-epoll\4.1.60.Final\netty-transport-native-epoll-4.1.60.Final-linux-x86_64.jar;C:\Users\owner\.m2\repository\io\netty\netty-transport-native-kqueue\4.1.60.Final\netty-transport-native-kqueue-4.1.60.Final-osx-x86_64.jar;C:\Users\owner\.m2\repository\org\reactivestreams\reactive-streams\1.0.3\reactive-streams-1.0.3.jar;C:\Users\owner\.m2\repository\com\typesafe\netty\netty-reactive-streams\2.0.4\netty-reactive-streams-2.0.4.jar;C:\Users\owner\.m2\repository\com\sun\activation\jakarta.activation\1.2.2\jakarta.activation-1.2.2.jar;C:\Users\owner\.m2\repository\org\seleniumhq\selenium\selenium-safari-driver\4.5.0\selenium-safari-driver-4.5.0.jar;C:\Users\owner\.m2\repository\org\seleniumhq\selenium\selenium-support\4.5.0\selenium-support-4.5.0.jar;C:\Users\owner\.m2\repository\org\testng\testng\7.5\testng-7.5.jar;C:\Users\owner\.m2\repository\com\google\code\findbugs\jsr305\3.0.1\jsr305-3.0.1.jar;C:\Users\owner\.m2\repository\org\slf4j\slf4j-api\1.7.32\slf4j-api-1.7.32.jar;C:\Users\owner\.m2\repository\com\beust\jcommander\1.78\jcommander-1.78.jar;C:\Users\owner\.m2\repository\org\webjars\jquery\3.5.1\jquery-3.5.1.jar;C:\Users\owner\.m2\repository\org\seleniumhq\selenium\selenium-http-jdk-client\4.5.0\selenium-http-jdk-client-4.5.0.jar;C:\Users\owner\.m2\repository\com\google\auto\service\auto-service-annotations\1.0.1\auto-service-annotations-1.0.1.jar;C:\Users\owner\.m2\repository\com\google\auto\service\auto-service\1.0.1\auto-service-1.0.1.jar;C:\Users\owner\.m2\repository\com\google\auto\auto-common\1.2\auto-common-1.2.jar;C:\Users\owner\.m2\repository\org\seleniumhq\selenium\selenium-http\4.5.0\selenium-http-4.5.0.jar;C:\Users\owner\.m2\repository\dev\failsafe\failsafe\3.2.4\failsafe-3.2.4.jar;C:\Users\owner\.m2\repository\com\google\guava\guava\31.0.1-jre\guava-31.0.1-jre.jar;C:\Users\owner\.m2\repository\com\google\guava\failureaccess\1.0.1\failureaccess-1.0.1.jar;C:\Users\owner\.m2\repository\com\google\guava\listenablefuture\9999.0-empty-to-avoid-conflict-with-guava\listenablefuture-9999.0-empty-to-avoid-conflict-with-guava.jar;C:\Users\owner\.m2\repository\org\checkerframework\checker-qual\3.12.0\checker-qual-3.12.0.jar;C:\Users\owner\.m2\repository\com\google\errorprone\error_prone_annotations\2.7.1\error_prone_annotations-2.7.1.jar;C:\Users\owner\.m2\repository\com\google\j2objc\j2objc-annotations\1.3\j2objc-annotations-1.3.jar;C:\Users\owner\.m2\repository\net\rcarz\jira-client\0.4\jira-client-0.4.jar;C:\Users\owner\.m2\repository\org\apache\httpcomponents\httpmime\4.2.5\httpmime-4.2.5.jar;C:\Users\owner\.m2\repository\net\sf\json-lib\json-lib\2.4\json-lib-2.4-jdk15.jar;C:\Users\owner\.m2\repository\commons-beanutils\commons-beanutils\1.8.0\commons-beanutils-1.8.0.jar;C:\Users\owner\.m2\repository\net\sf\ezmorph\ezmorph\1.0.6\ezmorph-1.0.6.jar;C:\Users\owner\.m2\repository\joda-time\joda-time\2.3\joda-time-2.3.jar;C:\Users\owner\.m2\repository\org\apache\httpcomponents\httpclient\4.5.13\httpclient-4.5.13.jar;C:\Users\owner\.m2\repository\org\apache\httpcomponents\httpcore\4.4.13\httpcore-4.4.13.jar;C:\Users\owner\.m2\repository\commons-logging\commons-logging\1.2\commons-logging-1.2.jar;C:\Users\owner\.m2\repository\commons-codec\commons-codec\1.11\commons-codec-1.11.jar;C:\Users\owner\.m2\repository\com\google\code\gson\gson\2.10\gson-2.10.jar;C:\Users\owner\.m2\repository\org\catools\extentreport\0.1.49\extentreport-0.1.49.jar;C:\Users\owner\.m2\repository\org\catools\common.testng\0.1.49\common.testng-0.1.49.jar;C:\Users\owner\.m2\repository\org\catools\common.logger\0.1.49\common.logger-0.1.49.jar;C:\Users\owner\.m2\repository\org\catools\common.utils\0.1.49\common.utils-0.1.49.jar;C:\Users\owner\.m2\repository\org\catools\common.config\0.1.49\common.config-0.1.49.jar;C:\Users\owner\.m2\repository\org\catools\common.extension\0.1.49\common.extension-0.1.49.jar;C:\Users\owner\.m2\repository\org\catools\common.security\0.1.49\common.security-0.1.49.jar;C:\Users\owner\.m2\repository\com\aventstack\extentreports\4.1.5\extentreports-4.1.5.jar;C:\Users\owner\.m2\repository\org\freemarker\freemarker\2.3.29\freemarker-2.3.29.jar;C:\Users\owner\.m2\repository\org\mongodb\mongodb-driver\3.12.0\mongodb-driver-3.12.0.jar;C:\Users\owner\.m2\repository\org\mongodb\mongodb-driver-core\3.12.0\mongodb-driver-core-3.12.0.jar;C:\Users\owner\.m2\repository\org\mongodb\bson\3.12.0\bson-3.12.0.jar;C:\Users\owner\.m2\repository\com\github\lalyos\jfiglet\0.0.8\jfiglet-0.0.8.jar;C:\Users\owner\.m2\repository\com\diogonunes\JCDP\2.0.3.1\JCDP-2.0.3.1.jar;C:\Users\owner\.m2\repository\org\fusesource\jansi\jansi\1.15\jansi-1.15.jar;C:\Users\owner\.m2\repository\org\codehaus\groovy\groovy-jsr223\2.5.7\groovy-jsr223-2.5.7.jar;C:\Users\owner\.m2\repository\org\codehaus\groovy\groovy\2.5.7\groovy-2.5.7.jar;C:\Users\owner\.m2\repository\org\apache\logging\log4j\log4j-api\2.17.1\log4j-api-2.17.1.jar;C:\Users\owner\.m2\repository\org\apache\logging\log4j\log4j-core\2.17.1\log4j-core-2.17.1.jar;C:\Users\owner\.m2\repository\org\apache\logging\log4j\log4j-slf4j-impl\2.17.1\log4j-slf4j-impl-2.17.1.jar;C:\Users\owner\.m2\repository\org\projectlombok\lombok\1.18.10\lombok-1.18.10.jar;C:\Users\owner\.m2\repository\commons-io\commons-io\2.6\commons-io-2.6.jar;C:\Users\owner\.m2\repository\javax\xml\bind\jaxb-api\2.3.1\jaxb-api-2.3.1.jar;C:\Users\owner\.m2\repository\javax\activation\javax.activation-api\1.2.0\javax.activation-api-1.2.0.jar;C:\Users\owner\.m2\repository\javax\xml\bind\activation\1.0.2\activation-1.0.2.jar;C:\Users\owner\.m2\repository\org\glassfish\jaxb\jaxb-runtime\2.4.0-b180830.0438\jaxb-runtime-2.4.0-b180830.0438.jar;C:\Users\owner\.m2\repository\org\glassfish\jaxb\txw2\2.4.0-b180830.0438\txw2-2.4.0-b180830.0438.jar;C:\Users\owner\.m2\repository\com\sun\istack\istack-commons-runtime\3.0.7\istack-commons-runtime-3.0.7.jar;C:\Users\owner\.m2\repository\org\jvnet\staxex\stax-ex\1.8\stax-ex-1.8.jar;C:\Users\owner\.m2\repository\com\sun\xml\fastinfoset\FastInfoset\1.2.15\FastInfoset-1.2.15.jar;C:\Users\owner\.m2\repository\javax\ws\rs\javax.ws.rs-api\2.1.1\javax.ws.rs-api-2.1.1.jar;C:\Users\owner\.m2\repository\org\codehaus\jettison\jettison\1.4.0\jettison-1.4.0.jar;C:\Users\owner\.m2\repository\org\apache\commons\commons-text\1.6\commons-text-1.6.jar;C:\Users\owner\.m2\repository\org\apache\commons\commons-lang3\3.8.1\commons-lang3-3.8.1.jar;C:\Users\owner\.m2\repository\org\apache\commons\commons-csv\1.6\commons-csv-1.6.jar;C:\Users\owner\.m2\repository\org\apache\commons\commons-collections4\4.4\commons-collections4-4.4.jar;C:\Users\owner\.m2\repository\com\fasterxml\jackson\core\jackson-core\2.10.2\jackson-core-2.10.2.jar;C:\Users\owner\.m2\repository\com\fasterxml\jackson\dataformat\jackson-dataformat-yaml\2.10.2\jackson-dataformat-yaml-2.10.2.jar;C:\Users\owner\.m2\repository\org\yaml\snakeyaml\1.24\snakeyaml-1.24.jar;C:\Users\owner\.m2\repository\com\fasterxml\jackson\core\jackson-databind\2.10.2\jackson-databind-2.10.2.jar;C:\Users\owner\.m2\repository\com\fasterxml\jackson\core\jackson-annotations\2.10.2\jackson-annotations-2.10.2.jar;C:\Users\owner\.m2\repository\commons-collections\commons-collections\3.2.1\commons-collections-3.2.1.jar;C:\Users\owner\.m2\repository\org\bitbucket\cowwoc\diff-match-patch\1.2\diff-match-patch-1.2.jar;C:\Users\owner\.m2\repository\uk\com\robust-it\cloning\1.9.12\cloning-1.9.12.jar;C:\Users\owner\.m2\repository\org\objenesis\objenesis\3.0.1\objenesis-3.0.1.jar;C:\Users\owner\.m2\repository\io\github\bonigarcia\webdrivermanager\5.1.0\webdrivermanager-5.1.0.jar;C:\Users\owner\.m2\repository\com\github\docker-java\docker-java\3.2.13\docker-java-3.2.13.jar;C:\Users\owner\.m2\repository\com\github\docker-java\docker-java-core\3.2.13\docker-java-core-3.2.13.jar;C:\Users\owner\.m2\repository\com\github\docker-java\docker-java-api\3.2.13\docker-java-api-3.2.13.jar;C:\Users\owner\.m2\repository\org\apache\commons\commons-compress\1.21\commons-compress-1.21.jar;C:\Users\owner\.m2\repository\org\bouncycastle\bcpkix-jdk15on\1.64\bcpkix-jdk15on-1.64.jar;C:\Users\owner\.m2\repository\org\bouncycastle\bcprov-jdk15on\1.64\bcprov-jdk15on-1.64.jar;C:\Users\owner\.m2\repository\org\slf4j\jcl-over-slf4j\1.7.30\jcl-over-slf4j-1.7.30.jar;C:\Users\owner\.m2\repository\com\github\docker-java\docker-java-transport-httpclient5\3.2.13\docker-java-transport-httpclient5-3.2.13.jar;C:\Users\owner\.m2\repository\com\github\docker-java\docker-java-transport\3.2.13\docker-java-transport-3.2.13.jar;C:\Users\owner\.m2\repository\org\apache\httpcomponents\client5\httpclient5\5.0.3\httpclient5-5.0.3.jar;C:\Users\owner\.m2\repository\org\apache\httpcomponents\core5\httpcore5\5.0.2\httpcore5-5.0.2.jar;C:\Users\owner\.m2\repository\net\java\dev\jna\jna\5.8.0\jna-5.8.0.jar;C:\Users\owner\.m2\repository\org\brotli\dec\0.1.2\dec-0.1.2.jar;C:\Users\owner\.m2\repository\org\sonarsource\scanner\maven\sonar-maven-plugin\3.9.1.2184\sonar-maven-plugin-3.9.1.2184.jar;C:\Users\owner\.m2\repository\org\sonatype\plexus\plexus-sec-dispatcher\1.4\plexus-sec-dispatcher-1.4.jar;C:\Users\owner\.m2\repository\org\sonatype\plexus\plexus-cipher\1.4\plexus-cipher-1.4.jar;C:\Users\owner\.m2\repository\org\codehaus\plexus\plexus-utils\3.2.1\plexus-utils-3.2.1.jar;C:\Users\owner\.m2\repository\org\sonarsource\scanner\api\sonar-scanner-api\2.16.2.588\sonar-scanner-api-2.16.2.588.jar;C:\Users\owner\.m2\repository\commons-lang\commons-lang\2.6\commons-lang-2.6.jar;"/>
    <property name="sun.cpu.endian" value="little"/>
    <property name="user.home" value="C:\Users\owner"/>
    <property name="user.language" value="en"/>
    <property name="java.specification.vendor" value="Oracle Corporation"/>
    <property name="java.version.date" value="2023-08-24"/>
    <property name="java.home" value="C:\Users\owner\.p2\pool\plugins\org.eclipse.justj.openjdk.hotspot.jre.full.win32.x86_64_17.0.8.v20230831-1047\jre"/>
    <property name="file.separator" value="\"/>
    <property name="style.color" value="always"/>
    <property name="basedir" value="C:\Users\owner\eclipse-workspace\demoCICD"/>
    <property name="java.vm.compressedOopsMode" value="32-bit"/>
    <property name="line.separator" value="&#10;"/>
    <property name="java.vm.specification.vendor" value="Oracle Corporation"/>
    <property name="java.specification.name" value="Java Platform API Specification"/>
    <property name="surefire.real.class.path" value="C:\Users\owner\AppData\Local\Temp\surefire15264613607181932512\surefirebooter-20231016130908887_3.jar"/>
    <property name="user.script" value=""/>
    <property name="sun.management.compiler" value="HotSpot 64-Bit Tiered Compilers"/>
    <property name="java.runtime.version" value="17.0.8.1+1"/>
    <property name="user.name" value="owner"/>
    <property name="path.separator" value=";"/>
    <property name="os.version" value="10.0"/>
    <property name="java.runtime.name" value="OpenJDK Runtime Environment"/>
    <property name="file.encoding" value="Cp1252"/>
    <property name="java.vm.name" value="OpenJDK 64-Bit Server VM"/>
    <property name="java.vendor.version" value="Temurin-17.0.8.1+1"/>
    <property name="localRepository" value="C:\Users\owner\.m2\repository"/>
    <property name="java.vendor.url.bug" value="https://github.com/adoptium/adoptium-support/issues"/>
    <property name="java.io.tmpdir" value="C:\Users\owner\AppData\Local\Temp\"/>
    <property name="java.version" value="17.0.8.1"/>
    <property name="user.dir" value="C:\Users\owner\eclipse-workspace\demoCICD"/>
    <property name="os.arch" value="amd64"/>
    <property name="java.vm.specification.name" value="Java Virtual Machine Specification"/>
    <property name="sun.os.patch.level" value=""/>
    <property name="native.encoding" value="Cp1252"/>
    <property name="java.library.path" value="C:\Users\owner\.p2\pool\plugins\org.eclipse.justj.openjdk.hotspot.jre.full.win32.x86_64_17.0.8.v20230831-1047\jre\bin;C:\WINDOWS\Sun\Java\bin;C:\WINDOWS\system32;C:\WINDOWS;C:/Users/owner/.p2/pool/plugins/org.eclipse.justj.openjdk.hotspot.jre.full.win32.x86_64_20.0.2.v20230801-2057/jre/bin/server;C:/Users/owner/.p2/pool/plugins/org.eclipse.justj.openjdk.hotspot.jre.full.win32.x86_64_20.0.2.v20230801-2057/jre/bin;C:\Program Files\Common Files\Oracle\Java\javapath;%TRICENTIS_HOME%;%TBOX_HOME%\Resources\Mobile\Tools;C:\Program Files (x86)\Intel\iCLS Client\;C:\Program Files\Java\jdk1.8.0\jre\bin;C:\Program Files\Intel\iCLS Client\;C:\WINDOWS\system32;C:\WINDOWS;C:\WINDOWS\System32\Wbem;C:\WINDOWS\System32\WindowsPowerShell\v1.0\;C:\Program Files\Java\jre1.8.0\bin;C:\Program Files (x86)\Intel\Intel(R) Management Engine Components\DAL;C:\Program Files\Intel\Intel(R) Management Engine Components\DAL;C:\Program Files (x86)\Intel\Intel(R) Management Engine Components\IPT;C:\Program Files\Intel\Intel(R) Management Engine Components\IPT;C:\WINDOWS\System32\OpenSSH\;C:\Program Files\Intel\WiFi\bin\;C:\Program Files\Common Files\Intel\WirelessCommon\;C:\Program Files\Git\cmd;C:\Program Files\apache-maven-3.9.5-bin\apache-maven-3.9.5\bin;C:\Users\owner\AppData\Local\Microsoft\WindowsApps;;C:\Users\owner\Desktop;;."/>
    <property name="java.vm.info" value="mixed mode"/>
    <property name="java.vendor" value="Eclipse Adoptium"/>
    <property name="java.vm.version" value="17.0.8.1+1"/>
    <property name="sun.io.unicode.encoding" value="UnicodeLittle"/>
    <property name="java.class.version" value="61.0"/>
  </properties>
  <testcase name="Test1" classname="com.automationproject.demoCICD.TestClass1" time="0.797">
    <system-out><![CDATA[&amp#27;[35m23-10-16 13:09:23:587&amp#27;[m [&amp#27;[34mDEBUG&amp#27;[m] [Graph] ADDING NODE TestClass1.launchDriver()[pri:0, instance:null] 1974341900
&amp#27;[35m23-10-16 13:09:23:596&amp#27;[m [&amp#27;[34mDEBUG&amp#27;[m] [Graph] ================ SORTING
&amp#27;[35m23-10-16 13:09:23:599&amp#27;[m [&amp#27;[34mDEBUG&amp#27;[m] [Graph] =============== DONE SORTING
&amp#27;[35m23-10-16 13:09:23:599&amp#27;[m [&amp#27;[34mDEBUG&amp#27;[m] [Graph] ====== SORTED NODES
&amp#27;[35m23-10-16 13:09:23:600&amp#27;[m [&amp#27;[34mDEBUG&amp#27;[m] [Graph] ====== END SORTED NODES
&amp#27;[35m23-10-16 13:09:23:601&amp#27;[m [&amp#27;[34mDEBUG&amp#27;[m] [Graph] ADDING NODE TestClass1.quit()[pri:0, instance:null] 1563748152
&amp#27;[35m23-10-16 13:09:23:601&amp#27;[m [&amp#27;[34mDEBUG&amp#27;[m] [Graph] ================ SORTING
&amp#27;[35m23-10-16 13:09:23:601&amp#27;[m [&amp#27;[34mDEBUG&amp#27;[m] [Graph] =============== DONE SORTING
&amp#27;[35m23-10-16 13:09:23:602&amp#27;[m [&amp#27;[34mDEBUG&amp#27;[m] [Graph] ====== SORTED NODES
&amp#27;[35m23-10-16 13:09:23:602&amp#27;[m [&amp#27;[34mDEBUG&amp#27;[m] [Graph] ====== END SORTED NODES
&amp#27;[35m23-10-16 13:09:23:610&amp#27;[m [&amp#27;[34mDEBUG&amp#27;[m] [Graph] ADDING NODE TestClass1.Test1()[pri:0, instance:com.automationproject.demoCICD.TestClass1@7d3430a7] 1563998367
&amp#27;[35m23-10-16 13:09:23:611&amp#27;[m [&amp#27;[34mDEBUG&amp#27;[m] [Graph] ADDING NODE TestClass1.Test3()[pri:0, instance:com.automationproject.demoCICD.TestClass1@7d3430a7] 1563995825
&amp#27;[35m23-10-16 13:09:23:611&amp#27;[m [&amp#27;[34mDEBUG&amp#27;[m] [Graph] ADDING NODE TestClass1.Test2()[pri:0, instance:com.automationproject.demoCICD.TestClass1@7d3430a7] 1563995794
&amp#27;[35m23-10-16 13:09:23:611&amp#27;[m [&amp#27;[34mDEBUG&amp#27;[m] [Graph] ================ SORTING
&amp#27;[35m23-10-16 13:09:23:613&amp#27;[m [&amp#27;[34mDEBUG&amp#27;[m] [Graph] =============== DONE SORTING
&amp#27;[35m23-10-16 13:09:23:614&amp#27;[m [&amp#27;[34mDEBUG&amp#27;[m] [Graph] ====== SORTED NODES
&amp#27;[35m23-10-16 13:09:23:614&amp#27;[m [&amp#27;[34mDEBUG&amp#27;[m] [Graph] ====== END SORTED NODES
&amp#27;[35m23-10-16 13:09:24:488&amp#27;[m [&amp#27;[34mDEBUG&amp#27;[m] Using SLF4J as the default logging framework
&amp#27;[35m23-10-16 13:09:24:549&amp#27;[m [&amp#27;[34mDEBUG&amp#27;[m] -Dio.netty.leakDetection.level: simple
&amp#27;[35m23-10-16 13:09:24:550&amp#27;[m [&amp#27;[34mDEBUG&amp#27;[m] -Dio.netty.leakDetection.targetRecords: 4
&amp#27;[35m23-10-16 13:09:24:563&amp#27;[m [&amp#27;[34mDEBUG&amp#27;[m] Loaded default ResourceLeakDetector: io.netty.util.ResourceLeakDetector@5987e932
&amp#27;[35m23-10-16 13:09:24:623&amp#27;[m [&amp#27;[34mDEBUG&amp#27;[m] -Dio.netty.noUnsafe: false
&amp#27;[35m23-10-16 13:09:24:623&amp#27;[m [&amp#27;[34mDEBUG&amp#27;[m] Java version: 17
&amp#27;[35m23-10-16 13:09:24:625&amp#27;[m [&amp#27;[34mDEBUG&amp#27;[m] sun.misc.Unsafe.theUnsafe: available
&amp#27;[35m23-10-16 13:09:24:626&amp#27;[m [&amp#27;[34mDEBUG&amp#27;[m] sun.misc.Unsafe.copyMemory: available
&amp#27;[35m23-10-16 13:09:24:627&amp#27;[m [&amp#27;[34mDEBUG&amp#27;[m] sun.misc.Unsafe.storeFence: available
&amp#27;[35m23-10-16 13:09:24:629&amp#27;[m [&amp#27;[34mDEBUG&amp#27;[m] java.nio.Buffer.address: available
&amp#27;[35m23-10-16 13:09:24:630&amp#27;[m [&amp#27;[34mDEBUG&amp#27;[m] direct buffer constructor: unavailable
java.lang.UnsupportedOperationException: Reflective setAccessible(true) disabled
	at io.netty.util.internal.ReflectionUtil.trySetAccessible(ReflectionUtil.java:31) ~[netty-common-4.1.79.Final.jar:4.1.79.Final]
	at io.netty.util.internal.PlatformDependent0$5.run(PlatformDependent0.java:287) ~[netty-common-4.1.79.Final.jar:4.1.79.Final]
	at java.security.AccessController.doPrivileged(AccessController.java:318) ~[?:?]
	at io.netty.util.internal.PlatformDependent0.<clinit>(PlatformDependent0.java:281) ~[netty-common-4.1.79.Final.jar:4.1.79.Final]
	at io.netty.util.internal.PlatformDependent.isAndroid(PlatformDependent.java:333) ~[netty-common-4.1.79.Final.jar:4.1.79.Final]
	at io.netty.util.internal.PlatformDependent.<clinit>(PlatformDependent.java:88) ~[netty-common-4.1.79.Final.jar:4.1.79.Final]
	at io.netty.util.HashedWheelTimer.<init>(HashedWheelTimer.java:114) ~[netty-common-4.1.79.Final.jar:4.1.79.Final]
	at io.netty.util.HashedWheelTimer.<init>(HashedWheelTimer.java:251) ~[netty-common-4.1.79.Final.jar:4.1.79.Final]
	at io.netty.util.HashedWheelTimer.<init>(HashedWheelTimer.java:224) ~[netty-common-4.1.79.Final.jar:4.1.79.Final]
	at io.netty.util.HashedWheelTimer.<init>(HashedWheelTimer.java:203) ~[netty-common-4.1.79.Final.jar:4.1.79.Final]
	at org.asynchttpclient.DefaultAsyncHttpClient.newNettyTimer(DefaultAsyncHttpClient.java:111) ~[async-http-client-2.12.3.jar:?]
	at org.asynchttpclient.DefaultAsyncHttpClient.<init>(DefaultAsyncHttpClient.java:90) ~[async-http-client-2.12.3.jar:?]
	at org.asynchttpclient.Dsl.asyncHttpClient(Dsl.java:32) ~[async-http-client-2.12.3.jar:?]
	at org.openqa.selenium.remote.http.netty.NettyClient.createHttpClient(NettyClient.java:94) ~[selenium-remote-driver-4.5.0.jar:?]
	at org.openqa.selenium.remote.http.netty.NettyClient.<clinit>(NettyClient.java:47) ~[selenium-remote-driver-4.5.0.jar:?]
	at org.openqa.selenium.remote.http.netty.NettyClient$Factory.createClient(NettyClient.java:135) ~[selenium-remote-driver-4.5.0.jar:?]
	at org.openqa.selenium.remote.HttpCommandExecutor.<init>(HttpCommandExecutor.java:107) ~[selenium-remote-driver-4.5.0.jar:?]
	at org.openqa.selenium.remote.HttpCommandExecutor.<init>(HttpCommandExecutor.java:94) ~[selenium-remote-driver-4.5.0.jar:?]
	at org.openqa.selenium.remote.HttpCommandExecutor.<init>(HttpCommandExecutor.java:85) ~[selenium-remote-driver-4.5.0.jar:?]
	at org.openqa.selenium.remote.service.DriverCommandExecutor.<init>(DriverCommandExecutor.java:80) ~[selenium-remote-driver-4.5.0.jar:?]
	at org.openqa.selenium.chromium.ChromiumDriverCommandExecutor.<init>(ChromiumDriverCommandExecutor.java:35) ~[selenium-chromium-driver-4.5.0.jar:?]
	at org.openqa.selenium.chrome.ChromeDriver$ChromeDriverCommandExecutor.<init>(ChromeDriver.java:93) ~[selenium-chrome-driver-4.5.0.jar:?]
	at org.openqa.selenium.chrome.ChromeDriver.<init>(ChromeDriver.java:81) ~[selenium-chrome-driver-4.5.0.jar:?]
	at org.openqa.selenium.chrome.ChromeDriver.<init>(ChromeDriver.java:70) ~[selenium-chrome-driver-4.5.0.jar:?]
	at com.automationproject.demoCICD.TestClass1.launchDriver(TestClass1.java:21) ~[test-classes/:?]
	at jdk.internal.reflect.NativeMethodAccessorImpl.invoke0(Native Method) ~[?:?]
	at jdk.internal.reflect.NativeMethodAccessorImpl.invoke(NativeMethodAccessorImpl.java:77) ~[?:?]
	at jdk.internal.reflect.DelegatingMethodAccessorImpl.invoke(DelegatingMethodAccessorImpl.java:43) ~[?:?]
	at java.lang.reflect.Method.invoke(Method.java:568) ~[?:?]
	at org.testng.internal.invokers.MethodInvocationHelper.invokeMethod(MethodInvocationHelper.java:135) ~[testng-7.5.jar:7.5]
	at org.testng.internal.invokers.MethodInvocationHelper.invokeMethodConsideringTimeout(MethodInvocationHelper.java:65) ~[testng-7.5.jar:7.5]
	at org.testng.internal.invokers.ConfigInvoker.invokeConfigurationMethod(ConfigInvoker.java:381) ~[testng-7.5.jar:7.5]
	at org.testng.internal.invokers.ConfigInvoker.invokeConfigurations(ConfigInvoker.java:319) ~[testng-7.5.jar:7.5]
	at org.testng.internal.invokers.TestInvoker.runConfigMethods(TestInvoker.java:803) ~[testng-7.5.jar:7.5]
	at org.testng.internal.invokers.TestInvoker.invokeMethod(TestInvoker.java:589) ~[testng-7.5.jar:7.5]
	at org.testng.internal.invokers.TestInvoker.invokeTestMethod(TestInvoker.java:220) ~[testng-7.5.jar:7.5]
	at org.testng.internal.invokers.MethodRunner.runInSequence(MethodRunner.java:50) ~[testng-7.5.jar:7.5]
	at org.testng.internal.invokers.TestInvoker$MethodInvocationAgent.invoke(TestInvoker.java:945) ~[testng-7.5.jar:7.5]
	at org.testng.internal.invokers.TestInvoker.invokeTestMethods(TestInvoker.java:193) ~[testng-7.5.jar:7.5]
	at org.testng.internal.invokers.TestMethodWorker.invokeTestMethods(TestMethodWorker.java:146) ~[testng-7.5.jar:7.5]
	at org.testng.internal.invokers.TestMethodWorker.run(TestMethodWorker.java:128) ~[testng-7.5.jar:7.5]
	at java.util.ArrayList.forEach(ArrayList.java:1511) [?:?]
	at org.testng.TestRunner.privateRun(TestRunner.java:808) [testng-7.5.jar:7.5]
	at org.testng.TestRunner.run(TestRunner.java:603) [testng-7.5.jar:7.5]
	at org.testng.SuiteRunner.runTest(SuiteRunner.java:429) [testng-7.5.jar:7.5]
	at org.testng.SuiteRunner.runSequentially(SuiteRunner.java:423) [testng-7.5.jar:7.5]
	at org.testng.SuiteRunner.privateRun(SuiteRunner.java:383) [testng-7.5.jar:7.5]
	at org.testng.SuiteRunner.run(SuiteRunner.java:326) [testng-7.5.jar:7.5]
	at org.testng.SuiteRunnerWorker.runSuite(SuiteRunnerWorker.java:52) [testng-7.5.jar:7.5]
	at org.testng.SuiteRunnerWorker.run(SuiteRunnerWorker.java:95) [testng-7.5.jar:7.5]
	at org.testng.TestNG.runSuitesSequentially(TestNG.java:1249) [testng-7.5.jar:7.5]
	at org.testng.TestNG.runSuitesLocally(TestNG.java:1169) [testng-7.5.jar:7.5]
	at org.testng.TestNG.runSuites(TestNG.java:1092) [testng-7.5.jar:7.5]
	at org.testng.TestNG.run(TestNG.java:1060) [testng-7.5.jar:7.5]
	at org.apache.maven.surefire.testng.TestNGExecutor.run(TestNGExecutor.java:155) [surefire-testng-3.1.0.jar:3.1.0]
	at org.apache.maven.surefire.testng.TestNGDirectoryTestSuite.executeSingleClass(TestNGDirectoryTestSuite.java:102) [surefire-testng-3.1.0.jar:3.1.0]
	at org.apache.maven.surefire.testng.TestNGDirectoryTestSuite.execute(TestNGDirectoryTestSuite.java:91) [surefire-testng-3.1.0.jar:3.1.0]
	at org.apache.maven.surefire.testng.TestNGProvider.invoke(TestNGProvider.java:137) [surefire-testng-3.1.0.jar:3.1.0]
	at org.apache.maven.surefire.booter.ForkedBooter.runSuitesInProcess(ForkedBooter.java:385) [surefire-booter-3.1.0.jar:3.1.0]
	at org.apache.maven.surefire.booter.ForkedBooter.execute(ForkedBooter.java:162) [surefire-booter-3.1.0.jar:3.1.0]
	at org.apache.maven.surefire.booter.ForkedBooter.run(ForkedBooter.java:507) [surefire-booter-3.1.0.jar:3.1.0]
	at org.apache.maven.surefire.booter.ForkedBooter.main(ForkedBooter.java:495) [surefire-booter-3.1.0.jar:3.1.0]
&amp#27;[35m23-10-16 13:09:24:667&amp#27;[m [&amp#27;[34mDEBUG&amp#27;[m] java.nio.Bits.unaligned: available, true
&amp#27;[35m23-10-16 13:09:24:669&amp#27;[m [&amp#27;[34mDEBUG&amp#27;[m] jdk.internal.misc.Unsafe.allocateUninitializedArray(int): unavailable
java.lang.IllegalAccessException: class io.netty.util.internal.PlatformDependent0$7 cannot access class jdk.internal.misc.Unsafe (in module java.base) because module java.base does not export jdk.internal.misc to unnamed module @74ea2410
	at jdk.internal.reflect.Reflection.newIllegalAccessException(Reflection.java:392) ~[?:?]
	at java.lang.reflect.AccessibleObject.checkAccess(AccessibleObject.java:674) ~[?:?]
	at java.lang.reflect.Method.invoke(Method.java:560) ~[?:?]
	at io.netty.util.internal.PlatformDependent0$7.run(PlatformDependent0.java:409) ~[netty-common-4.1.79.Final.jar:4.1.79.Final]
	at java.security.AccessController.doPrivileged(AccessController.java:318) ~[?:?]
	at io.netty.util.internal.PlatformDependent0.<clinit>(PlatformDependent0.java:400) ~[netty-common-4.1.79.Final.jar:4.1.79.Final]
	at io.netty.util.internal.PlatformDependent.isAndroid(PlatformDependent.java:333) ~[netty-common-4.1.79.Final.jar:4.1.79.Final]
	at io.netty.util.internal.PlatformDependent.<clinit>(PlatformDependent.java:88) ~[netty-common-4.1.79.Final.jar:4.1.79.Final]
	at io.netty.util.HashedWheelTimer.<init>(HashedWheelTimer.java:114) ~[netty-common-4.1.79.Final.jar:4.1.79.Final]
	at io.netty.util.HashedWheelTimer.<init>(HashedWheelTimer.java:251) ~[netty-common-4.1.79.Final.jar:4.1.79.Final]
	at io.netty.util.HashedWheelTimer.<init>(HashedWheelTimer.java:224) ~[netty-common-4.1.79.Final.jar:4.1.79.Final]
	at io.netty.util.HashedWheelTimer.<init>(HashedWheelTimer.java:203) ~[netty-common-4.1.79.Final.jar:4.1.79.Final]
	at org.asynchttpclient.DefaultAsyncHttpClient.newNettyTimer(DefaultAsyncHttpClient.java:111) ~[async-http-client-2.12.3.jar:?]
	at org.asynchttpclient.DefaultAsyncHttpClient.<init>(DefaultAsyncHttpClient.java:90) ~[async-http-client-2.12.3.jar:?]
	at org.asynchttpclient.Dsl.asyncHttpClient(Dsl.java:32) ~[async-http-client-2.12.3.jar:?]
	at org.openqa.selenium.remote.http.netty.NettyClient.createHttpClient(NettyClient.java:94) ~[selenium-remote-driver-4.5.0.jar:?]
	at org.openqa.selenium.remote.http.netty.NettyClient.<clinit>(NettyClient.java:47) ~[selenium-remote-driver-4.5.0.jar:?]
	at org.openqa.selenium.remote.http.netty.NettyClient$Factory.createClient(NettyClient.java:135) ~[selenium-remote-driver-4.5.0.jar:?]
	at org.openqa.selenium.remote.HttpCommandExecutor.<init>(HttpCommandExecutor.java:107) ~[selenium-remote-driver-4.5.0.jar:?]
	at org.openqa.selenium.remote.HttpCommandExecutor.<init>(HttpCommandExecutor.java:94) ~[selenium-remote-driver-4.5.0.jar:?]
	at org.openqa.selenium.remote.HttpCommandExecutor.<init>(HttpCommandExecutor.java:85) ~[selenium-remote-driver-4.5.0.jar:?]
	at org.openqa.selenium.remote.service.DriverCommandExecutor.<init>(DriverCommandExecutor.java:80) ~[selenium-remote-driver-4.5.0.jar:?]
	at org.openqa.selenium.chromium.ChromiumDriverCommandExecutor.<init>(ChromiumDriverCommandExecutor.java:35) ~[selenium-chromium-driver-4.5.0.jar:?]
	at org.openqa.selenium.chrome.ChromeDriver$ChromeDriverCommandExecutor.<init>(ChromeDriver.java:93) ~[selenium-chrome-driver-4.5.0.jar:?]
	at org.openqa.selenium.chrome.ChromeDriver.<init>(ChromeDriver.java:81) ~[selenium-chrome-driver-4.5.0.jar:?]
	at org.openqa.selenium.chrome.ChromeDriver.<init>(ChromeDriver.java:70) ~[selenium-chrome-driver-4.5.0.jar:?]
	at com.automationproject.demoCICD.TestClass1.launchDriver(TestClass1.java:21) ~[test-classes/:?]
	at jdk.internal.reflect.NativeMethodAccessorImpl.invoke0(Native Method) ~[?:?]
	at jdk.internal.reflect.NativeMethodAccessorImpl.invoke(NativeMethodAccessorImpl.java:77) ~[?:?]
	at jdk.internal.reflect.DelegatingMethodAccessorImpl.invoke(DelegatingMethodAccessorImpl.java:43) ~[?:?]
	at java.lang.reflect.Method.invoke(Method.java:568) ~[?:?]
	at org.testng.internal.invokers.MethodInvocationHelper.invokeMethod(MethodInvocationHelper.java:135) ~[testng-7.5.jar:7.5]
	at org.testng.internal.invokers.MethodInvocationHelper.invokeMethodConsideringTimeout(MethodInvocationHelper.java:65) ~[testng-7.5.jar:7.5]
	at org.testng.internal.invokers.ConfigInvoker.invokeConfigurationMethod(ConfigInvoker.java:381) ~[testng-7.5.jar:7.5]
	at org.testng.internal.invokers.ConfigInvoker.invokeConfigurations(ConfigInvoker.java:319) ~[testng-7.5.jar:7.5]
	at org.testng.internal.invokers.TestInvoker.runConfigMethods(TestInvoker.java:803) ~[testng-7.5.jar:7.5]
	at org.testng.internal.invokers.TestInvoker.invokeMethod(TestInvoker.java:589) ~[testng-7.5.jar:7.5]
	at org.testng.internal.invokers.TestInvoker.invokeTestMethod(TestInvoker.java:220) ~[testng-7.5.jar:7.5]
	at org.testng.internal.invokers.MethodRunner.runInSequence(MethodRunner.java:50) ~[testng-7.5.jar:7.5]
	at org.testng.internal.invokers.TestInvoker$MethodInvocationAgent.invoke(TestInvoker.java:945) ~[testng-7.5.jar:7.5]
	at org.testng.internal.invokers.TestInvoker.invokeTestMethods(TestInvoker.java:193) ~[testng-7.5.jar:7.5]
	at org.testng.internal.invokers.TestMethodWorker.invokeTestMethods(TestMethodWorker.java:146) ~[testng-7.5.jar:7.5]
	at org.testng.internal.invokers.TestMethodWorker.run(TestMethodWorker.java:128) ~[testng-7.5.jar:7.5]
	at java.util.ArrayList.forEach(ArrayList.java:1511) [?:?]
	at org.testng.TestRunner.privateRun(TestRunner.java:808) [testng-7.5.jar:7.5]
	at org.testng.TestRunner.run(TestRunner.java:603) [testng-7.5.jar:7.5]
	at org.testng.SuiteRunner.runTest(SuiteRunner.java:429) [testng-7.5.jar:7.5]
	at org.testng.SuiteRunner.runSequentially(SuiteRunner.java:423) [testng-7.5.jar:7.5]
	at org.testng.SuiteRunner.privateRun(SuiteRunner.java:383) [testng-7.5.jar:7.5]
	at org.testng.SuiteRunner.run(SuiteRunner.java:326) [testng-7.5.jar:7.5]
	at org.testng.SuiteRunnerWorker.runSuite(SuiteRunnerWorker.java:52) [testng-7.5.jar:7.5]
	at org.testng.SuiteRunnerWorker.run(SuiteRunnerWorker.java:95) [testng-7.5.jar:7.5]
	at org.testng.TestNG.runSuitesSequentially(TestNG.java:1249) [testng-7.5.jar:7.5]
	at org.testng.TestNG.runSuitesLocally(TestNG.java:1169) [testng-7.5.jar:7.5]
	at org.testng.TestNG.runSuites(TestNG.java:1092) [testng-7.5.jar:7.5]
	at org.testng.TestNG.run(TestNG.java:1060) [testng-7.5.jar:7.5]
	at org.apache.maven.surefire.testng.TestNGExecutor.run(TestNGExecutor.java:155) [surefire-testng-3.1.0.jar:3.1.0]
	at org.apache.maven.surefire.testng.TestNGDirectoryTestSuite.executeSingleClass(TestNGDirectoryTestSuite.java:102) [surefire-testng-3.1.0.jar:3.1.0]
	at org.apache.maven.surefire.testng.TestNGDirectoryTestSuite.execute(TestNGDirectoryTestSuite.java:91) [surefire-testng-3.1.0.jar:3.1.0]
	at org.apache.maven.surefire.testng.TestNGProvider.invoke(TestNGProvider.java:137) [surefire-testng-3.1.0.jar:3.1.0]
	at org.apache.maven.surefire.booter.ForkedBooter.runSuitesInProcess(ForkedBooter.java:385) [surefire-booter-3.1.0.jar:3.1.0]
	at org.apache.maven.surefire.booter.ForkedBooter.execute(ForkedBooter.java:162) [surefire-booter-3.1.0.jar:3.1.0]
	at org.apache.maven.surefire.booter.ForkedBooter.run(ForkedBooter.java:507) [surefire-booter-3.1.0.jar:3.1.0]
	at org.apache.maven.surefire.booter.ForkedBooter.main(ForkedBooter.java:495) [surefire-booter-3.1.0.jar:3.1.0]
&amp#27;[35m23-10-16 13:09:24:672&amp#27;[m [&amp#27;[34mDEBUG&amp#27;[m] java.nio.DirectByteBuffer.<init>(long, int): unavailable
&amp#27;[35m23-10-16 13:09:24:672&amp#27;[m [&amp#27;[34mDEBUG&amp#27;[m] sun.misc.Unsafe: available
&amp#27;[35m23-10-16 13:09:24:673&amp#27;[m [&amp#27;[34mDEBUG&amp#27;[m] maxDirectMemory: 2109734912 bytes (maybe)
&amp#27;[35m23-10-16 13:09:24:673&amp#27;[m [&amp#27;[34mDEBUG&amp#27;[m] -Dio.netty.tmpdir: C:\Users\owner\AppData\Local\Temp (java.io.tmpdir)
&amp#27;[35m23-10-16 13:09:24:673&amp#27;[m [&amp#27;[34mDEBUG&amp#27;[m] -Dio.netty.bitMode: 64 (sun.arch.data.model)
&amp#27;[35m23-10-16 13:09:24:674&amp#27;[m [&amp#27;[34mDEBUG&amp#27;[m] Platform: Windows
&amp#27;[35m23-10-16 13:09:24:676&amp#27;[m [&amp#27;[34mDEBUG&amp#27;[m] -Dio.netty.maxDirectMemory: -1 bytes
&amp#27;[35m23-10-16 13:09:24:676&amp#27;[m [&amp#27;[34mDEBUG&amp#27;[m] -Dio.netty.uninitializedArrayAllocationThreshold: -1
&amp#27;[35m23-10-16 13:09:24:678&amp#27;[m [&amp#27;[34mDEBUG&amp#27;[m] java.nio.ByteBuffer.cleaner(): available
&amp#27;[35m23-10-16 13:09:24:678&amp#27;[m [&amp#27;[34mDEBUG&amp#27;[m] -Dio.netty.noPreferDirect: false
&amp#27;[35m23-10-16 13:09:24:686&amp#27;[m [&amp#27;[34mDEBUG&amp#27;[m] org.jctools-core.MpscChunkedArrayQueue: available
&amp#27;[35m23-10-16 13:09:24:811&amp#27;[m [&amp#27;[34mDEBUG&amp#27;[m] -Dio.netty.threadLocalMap.stringBuilder.initialSize: 1024
&amp#27;[35m23-10-16 13:09:24:811&amp#27;[m [&amp#27;[34mDEBUG&amp#27;[m] -Dio.netty.threadLocalMap.stringBuilder.maxSize: 4096
&amp#27;[35m23-10-16 13:09:25:487&amp#27;[m [&amp#27;[34mDEBUG&amp#27;[m] Default protocols (JDK): [TLSv1.3, TLSv1.2] 
&amp#27;[35m23-10-16 13:09:25:487&amp#27;[m [&amp#27;[34mDEBUG&amp#27;[m] Default cipher suites (JDK): [TLS_ECDHE_ECDSA_WITH_AES_256_GCM_SHA384, TLS_ECDHE_ECDSA_WITH_AES_128_GCM_SHA256, TLS_ECDHE_RSA_WITH_AES_128_GCM_SHA256, TLS_ECDHE_RSA_WITH_AES_256_GCM_SHA384, TLS_ECDHE_RSA_WITH_AES_128_CBC_SHA, TLS_ECDHE_RSA_WITH_AES_256_CBC_SHA, TLS_RSA_WITH_AES_128_GCM_SHA256, TLS_RSA_WITH_AES_128_CBC_SHA, TLS_RSA_WITH_AES_256_CBC_SHA, TLS_AES_128_GCM_SHA256, TLS_AES_256_GCM_SHA384]
&amp#27;[35m23-10-16 13:09:25:606&amp#27;[m [&amp#27;[34mDEBUG&amp#27;[m] -Dio.netty.eventLoopThreads: 8
&amp#27;[35m23-10-16 13:09:25:623&amp#27;[m [&amp#27;[34mDEBUG&amp#27;[m] -Dio.netty.noKeySetOptimization: false
&amp#27;[35m23-10-16 13:09:25:623&amp#27;[m [&amp#27;[34mDEBUG&amp#27;[m] -Dio.netty.selectorAutoRebuildThreshold: 512
&amp#27;[35m23-10-16 13:09:25:687&amp#27;[m [&amp#27;[30mTRACE&amp#27;[m] instrumented a special java.util.Set into: sun.nio.ch.WEPollSelectorImpl@1f1cae23
&amp#27;[35m23-10-16 13:09:25:690&amp#27;[m [&amp#27;[30mTRACE&amp#27;[m] instrumented a special java.util.Set into: sun.nio.ch.WEPollSelectorImpl@77bd7fe7
&amp#27;[35m23-10-16 13:09:25:693&amp#27;[m [&amp#27;[30mTRACE&amp#27;[m] instrumented a special java.util.Set into: sun.nio.ch.WEPollSelectorImpl@35d3ab60
&amp#27;[35m23-10-16 13:09:25:695&amp#27;[m [&amp#27;[30mTRACE&amp#27;[m] instrumented a special java.util.Set into: sun.nio.ch.WEPollSelectorImpl@10876a6
&amp#27;[35m23-10-16 13:09:25:697&amp#27;[m [&amp#27;[30mTRACE&amp#27;[m] instrumented a special java.util.Set into: sun.nio.ch.WEPollSelectorImpl@71870da7
&amp#27;[35m23-10-16 13:09:25:704&amp#27;[m [&amp#27;[30mTRACE&amp#27;[m] instrumented a special java.util.Set into: sun.nio.ch.WEPollSelectorImpl@6dd91637
&amp#27;[35m23-10-16 13:09:25:706&amp#27;[m [&amp#27;[30mTRACE&amp#27;[m] instrumented a special java.util.Set into: sun.nio.ch.WEPollSelectorImpl@45792847
&amp#27;[35m23-10-16 13:09:25:708&amp#27;[m [&amp#27;[30mTRACE&amp#27;[m] instrumented a special java.util.Set into: sun.nio.ch.WEPollSelectorImpl@706cb08
&amp#27;[35m23-10-16 13:09:25:807&amp#27;[m [&amp#27;[34mDEBUG&amp#27;[m] -Dio.netty.allocator.numHeapArenas: 8
&amp#27;[35m23-10-16 13:09:25:807&amp#27;[m [&amp#27;[34mDEBUG&amp#27;[m] -Dio.netty.allocator.numDirectArenas: 8
&amp#27;[35m23-10-16 13:09:25:807&amp#27;[m [&amp#27;[34mDEBUG&amp#27;[m] -Dio.netty.allocator.pageSize: 8192
&amp#27;[35m23-10-16 13:09:25:807&amp#27;[m [&amp#27;[34mDEBUG&amp#27;[m] -Dio.netty.allocator.maxOrder: 9
&amp#27;[35m23-10-16 13:09:25:807&amp#27;[m [&amp#27;[34mDEBUG&amp#27;[m] -Dio.netty.allocator.chunkSize: 4194304
&amp#27;[35m23-10-16 13:09:25:808&amp#27;[m [&amp#27;[34mDEBUG&amp#27;[m] -Dio.netty.allocator.smallCacheSize: 256
&amp#27;[35m23-10-16 13:09:25:808&amp#27;[m [&amp#27;[34mDEBUG&amp#27;[m] -Dio.netty.allocator.normalCacheSize: 64
&amp#27;[35m23-10-16 13:09:25:808&amp#27;[m [&amp#27;[34mDEBUG&amp#27;[m] -Dio.netty.allocator.maxCachedBufferCapacity: 32768
&amp#27;[35m23-10-16 13:09:25:808&amp#27;[m [&amp#27;[34mDEBUG&amp#27;[m] -Dio.netty.allocator.cacheTrimInterval: 8192
&amp#27;[35m23-10-16 13:09:25:808&amp#27;[m [&amp#27;[34mDEBUG&amp#27;[m] -Dio.netty.allocator.cacheTrimIntervalMillis: 0
&amp#27;[35m23-10-16 13:09:25:808&amp#27;[m [&amp#27;[34mDEBUG&amp#27;[m] -Dio.netty.allocator.useCacheForAllThreads: false
&amp#27;[35m23-10-16 13:09:25:808&amp#27;[m [&amp#27;[34mDEBUG&amp#27;[m] -Dio.netty.allocator.maxCachedByteBuffersPerChunk: 1023
&amp#27;[35m23-10-16 13:09:25:844&amp#27;[m [&amp#27;[34mDEBUG&amp#27;[m] -Dio.netty.allocator.type: pooled
&amp#27;[35m23-10-16 13:09:25:844&amp#27;[m [&amp#27;[34mDEBUG&amp#27;[m] -Dio.netty.threadLocalDirectBufferSize: 0
&amp#27;[35m23-10-16 13:09:25:844&amp#27;[m [&amp#27;[34mDEBUG&amp#27;[m] -Dio.netty.maxThreadLocalCharBufferSize: 16384
&amp#27;[35m23-10-16 13:09:27:402&amp#27;[m [&amp#27;[34mDEBUG&amp#27;[m] -Dio.netty.processId: 9152 (auto-detected)
&amp#27;[35m23-10-16 13:09:27:420&amp#27;[m [&amp#27;[34mDEBUG&amp#27;[m] -Djava.net.preferIPv4Stack: false
&amp#27;[35m23-10-16 13:09:27:420&amp#27;[m [&amp#27;[34mDEBUG&amp#27;[m] -Djava.net.preferIPv6Addresses: false
&amp#27;[35m23-10-16 13:09:27:447&amp#27;[m [&amp#27;[34mDEBUG&amp#27;[m] Loopback interface: lo (Software Loopback Interface 1, 127.0.0.1)
&amp#27;[35m23-10-16 13:09:27:448&amp#27;[m [&amp#27;[34mDEBUG&amp#27;[m] Failed to get SOMAXCONN from sysctl and file \proc\sys\net\core\somaxconn. Default: 200
&amp#27;[35m23-10-16 13:09:27:505&amp#27;[m [&amp#27;[34mDEBUG&amp#27;[m] -Dio.netty.machineId: 98:e7:f4:ff:fe:61:be:99 (auto-detected)
&amp#27;[35m23-10-16 13:09:27:717&amp#27;[m [&amp#27;[34mDEBUG&amp#27;[m] -Dio.netty.buffer.checkAccessible: true
&amp#27;[35m23-10-16 13:09:27:718&amp#27;[m [&amp#27;[34mDEBUG&amp#27;[m] -Dio.netty.buffer.checkBounds: true
&amp#27;[35m23-10-16 13:09:27:718&amp#27;[m [&amp#27;[34mDEBUG&amp#27;[m] Loaded default ResourceLeakDetector: io.netty.util.ResourceLeakDetector@329b30e
&amp#27;[35m23-10-16 13:09:27:775&amp#27;[m [&amp#27;[30mTRACE&amp#27;[m] [id: 0x3659f1ca] REGISTERED
&amp#27;[35m23-10-16 13:09:27:775&amp#27;[m [&amp#27;[30mTRACE&amp#27;[m] [id: 0x3659f1ca] CONNECT: localhost/127.0.0.1:58296
&amp#27;[35m23-10-16 13:09:27:788&amp#27;[m [&amp#27;[34mDEBUG&amp#27;[m] Using new Channel '[id: 0x3659f1ca, L:/127.0.0.1:58161 - R:localhost/127.0.0.1:58296]' for 'POST' to '/session'
&amp#27;[35m23-10-16 13:09:27:865&amp#27;[m [&amp#27;[34mDEBUG&amp#27;[m] -Dio.netty.recycler.maxCapacityPerThread: 4096
&amp#27;[35m23-10-16 13:09:27:865&amp#27;[m [&amp#27;[34mDEBUG&amp#27;[m] -Dio.netty.recycler.ratio: 8
&amp#27;[35m23-10-16 13:09:27:866&amp#27;[m [&amp#27;[34mDEBUG&amp#27;[m] -Dio.netty.recycler.chunkSize: 32
&amp#27;[35m23-10-16 13:09:27:866&amp#27;[m [&amp#27;[34mDEBUG&amp#27;[m] -Dio.netty.recycler.blocking: false
&amp#27;[35m23-10-16 13:09:27:909&amp#27;[m [&amp#27;[30mTRACE&amp#27;[m] [id: 0x3659f1ca, L:/127.0.0.1:58161 - R:localhost/127.0.0.1:58296] WRITE: 173B
         +-------------------------------------------------+
         |  0  1  2  3  4  5  6  7  8  9  a  b  c  d  e  f |
+--------+-------------------------------------------------+----------------+
|00000000| 50 4f 53 54 20 2f 73 65 73 73 69 6f 6e 20 48 54 |POST /session HT|
|00000010| 54 50 2f 31 2e 31 0d 0a 55 73 65 72 2d 41 67 65 |TP/1.1..User-Age|
|00000020| 6e 74 3a 20 73 65 6c 65 6e 69 75 6d 2f 34 2e 35 |nt: selenium/4.5|
|00000030| 2e 30 20 28 6a 61 76 61 20 77 69 6e 64 6f 77 73 |.0 (java windows|
|00000040| 29 0d 0a 43 6f 6e 74 65 6e 74 2d 4c 65 6e 67 74 |)..Content-Lengt|
|00000050| 68 3a 20 34 33 39 0d 0a 43 6f 6e 74 65 6e 74 2d |h: 439..Content-|
|00000060| 54 79 70 65 3a 20 61 70 70 6c 69 63 61 74 69 6f |Type: applicatio|
|00000070| 6e 2f 6a 73 6f 6e 3b 20 63 68 61 72 73 65 74 3d |n/json; charset=|
|00000080| 75 74 66 2d 38 0d 0a 68 6f 73 74 3a 20 6c 6f 63 |utf-8..host: loc|
|00000090| 61 6c 68 6f 73 74 3a 35 38 32 39 36 0d 0a 61 63 |alhost:58296..ac|
|000000a0| 63 65 70 74 3a 20 2a 2f 2a 0d 0a 0d 0a          |cept: */*....   |
+--------+-------------------------------------------------+----------------+
&amp#27;[35m23-10-16 13:09:27:917&amp#27;[m [&amp#27;[30mTRACE&amp#27;[m] [id: 0x3659f1ca, L:/127.0.0.1:58161 - R:localhost/127.0.0.1:58296] WRITE: 439B
         +-------------------------------------------------+
         |  0  1  2  3  4  5  6  7  8  9  a  b  c  d  e  f |
+--------+-------------------------------------------------+----------------+
|00000000| 7b 0a 20 20 22 64 65 73 69 72 65 64 43 61 70 61 |{.  "desiredCapa|
|00000010| 62 69 6c 69 74 69 65 73 22 3a 20 7b 0a 20 20 20 |bilities": {.   |
|00000020| 20 22 62 72 6f 77 73 65 72 4e 61 6d 65 22 3a 20 | "browserName": |
|00000030| 22 63 68 72 6f 6d 65 22 2c 0a 20 20 20 20 22 67 |"chrome",.    "g|
|00000040| 6f 6f 67 3a 63 68 72 6f 6d 65 4f 70 74 69 6f 6e |oog:chromeOption|
|00000050| 73 22 3a 20 7b 0a 20 20 20 20 20 20 22 61 72 67 |s": {.      "arg|
|00000060| 73 22 3a 20 5b 0a 20 20 20 20 20 20 20 20 22 2d |s": [.        "-|
|00000070| 2d 72 65 6d 6f 74 65 2d 61 6c 6c 6f 77 2d 6f 72 |-remote-allow-or|
|00000080| 69 67 69 6e 73 3d 2a 22 0a 20 20 20 20 20 20 5d |igins=*".      ]|
|00000090| 2c 0a 20 20 20 20 20 20 22 65 78 74 65 6e 73 69 |,.      "extensi|
|000000a0| 6f 6e 73 22 3a 20 5b 0a 20 20 20 20 20 20 5d 0a |ons": [.      ].|
|000000b0| 20 20 20 20 7d 0a 20 20 7d 2c 0a 20 20 22 63 61 |    }.  },.  "ca|
|000000c0| 70 61 62 69 6c 69 74 69 65 73 22 3a 20 7b 0a 20 |pabilities": {. |
|000000d0| 20 20 20 22 66 69 72 73 74 4d 61 74 63 68 22 3a |   "firstMatch":|
|000000e0| 20 5b 0a 20 20 20 20 20 20 7b 0a 20 20 20 20 20 | [.      {.     |
|000000f0| 20 20 20 22 62 72 6f 77 73 65 72 4e 61 6d 65 22 |   "browserName"|
|00000100| 3a 20 22 63 68 72 6f 6d 65 22 2c 0a 20 20 20 20 |: "chrome",.    |
|00000110| 20 20 20 20 22 67 6f 6f 67 3a 63 68 72 6f 6d 65 |    "goog:chrome|
|00000120| 4f 70 74 69 6f 6e 73 22 3a 20 7b 0a 20 20 20 20 |Options": {.    |
|00000130| 20 20 20 20 20 20 22 61 72 67 73 22 3a 20 5b 0a |      "args": [.|
|00000140| 20 20 20 20 20 20 20 20 20 20 20 20 22 2d 2d 72 |            "--r|
|00000150| 65 6d 6f 74 65 2d 61 6c 6c 6f 77 2d 6f 72 69 67 |emote-allow-orig|
|00000160| 69 6e 73 3d 2a 22 0a 20 20 20 20 20 20 20 20 20 |ins=*".         |
|00000170| 20 5d 2c 0a 20 20 20 20 20 20 20 20 20 20 22 65 | ],.          "e|
|00000180| 78 74 65 6e 73 69 6f 6e 73 22 3a 20 5b 0a 20 20 |xtensions": [.  |
|00000190| 20 20 20 20 20 20 20 20 5d 0a 20 20 20 20 20 20 |        ].      |
|000001a0| 20 20 7d 0a 20 20 20 20 20 20 7d 0a 20 20 20 20 |  }.      }.    |
|000001b0| 5d 0a 20 20 7d 0a 7d                            |].  }.}         |
+--------+-------------------------------------------------+----------------+
&amp#27;[35m23-10-16 13:09:27:917&amp#27;[m [&amp#27;[30mTRACE&amp#27;[m] [id: 0x3659f1ca, L:/127.0.0.1:58161 - R:localhost/127.0.0.1:58296] FLUSH
&amp#27;[35m23-10-16 13:09:27:921&amp#27;[m [&amp#27;[30mTRACE&amp#27;[m] [id: 0x3659f1ca, L:/127.0.0.1:58161 - R:localhost/127.0.0.1:58296] WRITE: 0B
&amp#27;[35m23-10-16 13:09:27:921&amp#27;[m [&amp#27;[30mTRACE&amp#27;[m] [id: 0x3659f1ca, L:/127.0.0.1:58161 - R:localhost/127.0.0.1:58296] FLUSH
&amp#27;[35m23-10-16 13:09:27:921&amp#27;[m [&amp#27;[30mTRACE&amp#27;[m] [id: 0x3659f1ca, L:/127.0.0.1:58161 - R:localhost/127.0.0.1:58296] ACTIVE
&amp#27;[35m23-10-16 13:09:29:204&amp#27;[m [&amp#27;[30mTRACE&amp#27;[m] [id: 0x3659f1ca, L:/127.0.0.1:58161 - R:localhost/127.0.0.1:58296] READ: 992B
         +-------------------------------------------------+
         |  0  1  2  3  4  5  6  7  8  9  a  b  c  d  e  f |
+--------+-------------------------------------------------+----------------+
|00000000| 48 54 54 50 2f 31 2e 31 20 32 30 30 20 4f 4b 0d |HTTP/1.1 200 OK.|
|00000010| 0a 43 6f 6e 74 65 6e 74 2d 4c 65 6e 67 74 68 3a |.Content-Length:|
|00000020| 38 38 33 0d 0a 43 6f 6e 74 65 6e 74 2d 54 79 70 |883..Content-Typ|
|00000030| 65 3a 61 70 70 6c 69 63 61 74 69 6f 6e 2f 6a 73 |e:application/js|
|00000040| 6f 6e 3b 20 63 68 61 72 73 65 74 3d 75 74 66 2d |on; charset=utf-|
|00000050| 38 0d 0a 63 61 63 68 65 2d 63 6f 6e 74 72 6f 6c |8..cache-control|
|00000060| 3a 6e 6f 2d 63 61 63 68 65 0d 0a 0d 0a 7b 22 76 |:no-cache....{"v|
|00000070| 61 6c 75 65 22 3a 7b 22 63 61 70 61 62 69 6c 69 |alue":{"capabili|
|00000080| 74 69 65 73 22 3a 7b 22 61 63 63 65 70 74 49 6e |ties":{"acceptIn|
|00000090| 73 65 63 75 72 65 43 65 72 74 73 22 3a 66 61 6c |secureCerts":fal|
|000000a0| 73 65 2c 22 62 72 6f 77 73 65 72 4e 61 6d 65 22 |se,"browserName"|
|000000b0| 3a 22 63 68 72 6f 6d 65 22 2c 22 62 72 6f 77 73 |:"chrome","brows|
|000000c0| 65 72 56 65 72 73 69 6f 6e 22 3a 22 31 31 38 2e |erVersion":"118.|
|000000d0| 30 2e 35 39 39 33 2e 37 30 22 2c 22 63 68 72 6f |0.5993.70","chro|
|000000e0| 6d 65 22 3a 7b 22 63 68 72 6f 6d 65 64 72 69 76 |me":{"chromedriv|
|000000f0| 65 72 56 65 72 73 69 6f 6e 22 3a 22 31 31 37 2e |erVersion":"117.|
|00000100| 30 2e 35 39 33 38 2e 31 34 39 20 28 65 33 33 34 |0.5938.149 (e334|
|00000110| 34 64 64 65 66 61 31 32 65 36 30 34 33 36 66 61 |4ddefa12e60436fa|
|00000120| 32 38 63 38 31 63 66 32 30 37 63 31 61 66 62 34 |28c81cf207c1afb4|
|00000130| 64 30 61 39 2d 72 65 66 73 2f 62 72 61 6e 63 68 |d0a9-refs/branch|
|00000140| 2d 68 65 61 64 73 2f 35 39 33 38 40 7b 23 31 35 |-heads/5938@{#15|
|00000150| 33 39 7d 29 22 2c 22 75 73 65 72 44 61 74 61 44 |39})","userDataD|
|00000160| 69 72 22 3a 22 43 3a 5c 5c 55 73 65 72 73 5c 5c |ir":"C:\\Users\\|
|00000170| 6f 77 6e 65 72 5c 5c 41 70 70 44 61 74 61 5c 5c |owner\\AppData\\|
|00000180| 4c 6f 63 61 6c 5c 5c 54 65 6d 70 5c 5c 73 63 6f |Local\\Temp\\sco|
|00000190| 70 65 64 5f 64 69 72 31 33 38 30 38 5f 31 34 32 |ped_dir13808_142|
|000001a0| 36 32 36 32 33 34 31 22 7d 2c 22 66 65 64 63 6d |6262341"},"fedcm|
|000001b0| 3a 61 63 63 6f 75 6e 74 73 22 3a 74 72 75 65 2c |:accounts":true,|
|000001c0| 22 67 6f 6f 67 3a 63 68 72 6f 6d 65 4f 70 74 69 |"goog:chromeOpti|
|000001d0| 6f 6e 73 22 3a 7b 22 64 65 62 75 67 67 65 72 41 |ons":{"debuggerA|
|000001e0| 64 64 72 65 73 73 22 3a 22 6c 6f 63 61 6c 68 6f |ddress":"localho|
|000001f0| 73 74 3a 35 38 31 36 32 22 7d 2c 22 6e 65 74 77 |st:58162"},"netw|
|00000200| 6f 72 6b 43 6f 6e 6e 65 63 74 69 6f 6e 45 6e 61 |orkConnectionEna|
|00000210| 62 6c 65 64 22 3a 66 61 6c 73 65 2c 22 70 61 67 |bled":false,"pag|
|00000220| 65 4c 6f 61 64 53 74 72 61 74 65 67 79 22 3a 22 |eLoadStrategy":"|
|00000230| 6e 6f 72 6d 61 6c 22 2c 22 70 6c 61 74 66 6f 72 |normal","platfor|
|00000240| 6d 4e 61 6d 65 22 3a 22 77 69 6e 64 6f 77 73 22 |mName":"windows"|
|00000250| 2c 22 70 72 6f 78 79 22 3a 7b 7d 2c 22 73 65 74 |,"proxy":{},"set|
|00000260| 57 69 6e 64 6f 77 52 65 63 74 22 3a 74 72 75 65 |WindowRect":true|
|00000270| 2c 22 73 74 72 69 63 74 46 69 6c 65 49 6e 74 65 |,"strictFileInte|
|00000280| 72 61 63 74 61 62 69 6c 69 74 79 22 3a 66 61 6c |ractability":fal|
|00000290| 73 65 2c 22 74 69 6d 65 6f 75 74 73 22 3a 7b 22 |se,"timeouts":{"|
|000002a0| 69 6d 70 6c 69 63 69 74 22 3a 30 2c 22 70 61 67 |implicit":0,"pag|
|000002b0| 65 4c 6f 61 64 22 3a 33 30 30 30 30 30 2c 22 73 |eLoad":300000,"s|
|000002c0| 63 72 69 70 74 22 3a 33 30 30 30 30 7d 2c 22 75 |cript":30000},"u|
|000002d0| 6e 68 61 6e 64 6c 65 64 50 72 6f 6d 70 74 42 65 |nhandledPromptBe|
|000002e0| 68 61 76 69 6f 72 22 3a 22 64 69 73 6d 69 73 73 |havior":"dismiss|
|000002f0| 20 61 6e 64 20 6e 6f 74 69 66 79 22 2c 22 77 65 | and notify","we|
|00000300| 62 61 75 74 68 6e 3a 65 78 74 65 6e 73 69 6f 6e |bauthn:extension|
|00000310| 3a 63 72 65 64 42 6c 6f 62 22 3a 74 72 75 65 2c |:credBlob":true,|
|00000320| 22 77 65 62 61 75 74 68 6e 3a 65 78 74 65 6e 73 |"webauthn:extens|
|00000330| 69 6f 6e 3a 6c 61 72 67 65 42 6c 6f 62 22 3a 74 |ion:largeBlob":t|
|00000340| 72 75 65 2c 22 77 65 62 61 75 74 68 6e 3a 65 78 |rue,"webauthn:ex|
|00000350| 74 65 6e 73 69 6f 6e 3a 6d 69 6e 50 69 6e 4c 65 |tension:minPinLe|
|00000360| 6e 67 74 68 22 3a 74 72 75 65 2c 22 77 65 62 61 |ngth":true,"weba|
|00000370| 75 74 68 6e 3a 65 78 74 65 6e 73 69 6f 6e 3a 70 |uthn:extension:p|
|00000380| 72 66 22 3a 74 72 75 65 2c 22 77 65 62 61 75 74 |rf":true,"webaut|
|00000390| 68 6e 3a 76 69 72 74 75 61 6c 41 75 74 68 65 6e |hn:virtualAuthen|
|000003a0| 74 69 63 61 74 6f 72 73 22 3a 74 72 75 65 7d 2c |ticators":true},|
|000003b0| 22 73 65 73 73 69 6f 6e 49 64 22 3a 22 31 39 34 |"sessionId":"194|
|000003c0| 62 36 65 63 32 61 62 36 65 34 34 35 62 65 34 35 |b6ec2ab6e445be45|
|000003d0| 32 63 64 63 32 30 32 35 30 34 62 36 31 22 7d 7d |2cdc202504b61"}}|
+--------+-------------------------------------------------+----------------+
&amp#27;[35m23-10-16 13:09:29:382&amp#27;[m [&amp#27;[34mDEBUG&amp#27;[m] brotli4j not in the classpath; Brotli support will be unavailable.
&amp#27;[35m23-10-16 13:09:29:459&amp#27;[m [&amp#27;[34mDEBUG&amp#27;[m] 

Request DefaultHttpRequest(decodeResult: success, version: HTTP/1.1)
POST /session HTTP/1.1
User-Agent: selenium/4.5.0 (java windows)
Content-Length: 439
Content-Type: application/json; charset=utf-8
host: localhost:58296
accept: */*

Response DefaultHttpResponse(decodeResult: success, version: HTTP/1.1)
HTTP/1.1 200 OK
Content-Type: application/json; charset=utf-8
cache-control: no-cache
content-length: 883

&amp#27;[35m23-10-16 13:09:29:623&amp#27;[m [&amp#27;[34mDEBUG&amp#27;[m] Adding key: http://localhost:58296 for channel [id: 0x3659f1ca, L:/127.0.0.1:58161 - R:localhost/127.0.0.1:58296]
&amp#27;[35m23-10-16 13:09:29:626&amp#27;[m [&amp#27;[30mTRACE&amp#27;[m] [id: 0x3659f1ca, L:/127.0.0.1:58161 - R:localhost/127.0.0.1:58296] READ COMPLETE
&amp#27;[35m23-10-16 13:09:29:896&amp#27;[m [&amp#27;[34mDEBUG&amp#27;[m] Entry count for : http://localhost:58296 : 1
&amp#27;[35m23-10-16 13:09:30:998&amp#27;[m [&amp#27;[34mDEBUG&amp#27;[m] Entry count for : http://localhost:58296 : 1
&amp#27;[35m23-10-16 13:09:32:093&amp#27;[m [&amp#27;[34mDEBUG&amp#27;[m] Entry count for : http://localhost:58296 : 1
&amp#27;[35m23-10-16 13:09:32:484&amp#27;[m [&amp#27;[30mTRACE&amp#27;[m] [id: 0xd89e3ee8] REGISTERED
&amp#27;[35m23-10-16 13:09:32:485&amp#27;[m [&amp#27;[30mTRACE&amp#27;[m] [id: 0xd89e3ee8] CONNECT: localhost/127.0.0.1:58162
&amp#27;[35m23-10-16 13:09:32:486&amp#27;[m [&amp#27;[34mDEBUG&amp#27;[m] Using new Channel '[id: 0xd89e3ee8, L:/127.0.0.1:58168 - R:localhost/127.0.0.1:58162]' for 'GET' to '/json/version'
&amp#27;[35m23-10-16 13:09:32:487&amp#27;[m [&amp#27;[30mTRACE&amp#27;[m] [id: 0xd89e3ee8, L:/127.0.0.1:58168 - R:localhost/127.0.0.1:58162] WRITE: 109B
         +-------------------------------------------------+
         |  0  1  2  3  4  5  6  7  8  9  a  b  c  d  e  f |
+--------+-------------------------------------------------+----------------+
|00000000| 47 45 54 20 2f 6a 73 6f 6e 2f 76 65 72 73 69 6f |GET /json/versio|
|00000010| 6e 20 48 54 54 50 2f 31 2e 31 0d 0a 55 73 65 72 |n HTTP/1.1..User|
|00000020| 2d 41 67 65 6e 74 3a 20 73 65 6c 65 6e 69 75 6d |-Agent: selenium|
|00000030| 2f 34 2e 35 2e 30 20 28 6a 61 76 61 20 77 69 6e |/4.5.0 (java win|
|00000040| 64 6f 77 73 29 0d 0a 68 6f 73 74 3a 20 6c 6f 63 |dows)..host: loc|
|00000050| 61 6c 68 6f 73 74 3a 35 38 31 36 32 0d 0a 61 63 |alhost:58162..ac|
|00000060| 63 65 70 74 3a 20 2a 2f 2a 0d 0a 0d 0a          |cept: */*....   |
+--------+-------------------------------------------------+----------------+
&amp#27;[35m23-10-16 13:09:32:488&amp#27;[m [&amp#27;[30mTRACE&amp#27;[m] [id: 0xd89e3ee8, L:/127.0.0.1:58168 - R:localhost/127.0.0.1:58162] FLUSH
&amp#27;[35m23-10-16 13:09:32:488&amp#27;[m [&amp#27;[30mTRACE&amp#27;[m] [id: 0xd89e3ee8, L:/127.0.0.1:58168 - R:localhost/127.0.0.1:58162] ACTIVE
&amp#27;[35m23-10-16 13:09:32:489&amp#27;[m [&amp#27;[30mTRACE&amp#27;[m] [id: 0xd89e3ee8, L:/127.0.0.1:58168 - R:localhost/127.0.0.1:58162] READ: 556B
         +-------------------------------------------------+
         |  0  1  2  3  4  5  6  7  8  9  a  b  c  d  e  f |
+--------+-------------------------------------------------+----------------+
|00000000| 48 54 54 50 2f 31 2e 31 20 32 30 30 20 4f 4b 0d |HTTP/1.1 200 OK.|
|00000010| 0a 43 6f 6e 74 65 6e 74 2d 53 65 63 75 72 69 74 |.Content-Securit|
|00000020| 79 2d 50 6f 6c 69 63 79 3a 66 72 61 6d 65 2d 61 |y-Policy:frame-a|
|00000030| 6e 63 65 73 74 6f 72 73 20 27 6e 6f 6e 65 27 0d |ncestors 'none'.|
|00000040| 0a 43 6f 6e 74 65 6e 74 2d 4c 65 6e 67 74 68 3a |.Content-Length:|
|00000050| 34 32 33 0d 0a 43 6f 6e 74 65 6e 74 2d 54 79 70 |423..Content-Typ|
|00000060| 65 3a 61 70 70 6c 69 63 61 74 69 6f 6e 2f 6a 73 |e:application/js|
|00000070| 6f 6e 3b 20 63 68 61 72 73 65 74 3d 55 54 46 2d |on; charset=UTF-|
|00000080| 38 0d 0a 0d 0a 7b 0d 0a 20 20 20 22 42 72 6f 77 |8....{..   "Brow|
|00000090| 73 65 72 22 3a 20 22 43 68 72 6f 6d 65 2f 31 31 |ser": "Chrome/11|
|000000a0| 38 2e 30 2e 35 39 39 33 2e 37 30 22 2c 0d 0a 20 |8.0.5993.70",.. |
|000000b0| 20 20 22 50 72 6f 74 6f 63 6f 6c 2d 56 65 72 73 |  "Protocol-Vers|
|000000c0| 69 6f 6e 22 3a 20 22 31 2e 33 22 2c 0d 0a 20 20 |ion": "1.3",..  |
|000000d0| 20 22 55 73 65 72 2d 41 67 65 6e 74 22 3a 20 22 | "User-Agent": "|
|000000e0| 4d 6f 7a 69 6c 6c 61 2f 35 2e 30 20 28 57 69 6e |Mozilla/5.0 (Win|
|000000f0| 64 6f 77 73 20 4e 54 20 31 30 2e 30 3b 20 57 69 |dows NT 10.0; Wi|
|00000100| 6e 36 34 3b 20 78 36 34 29 20 41 70 70 6c 65 57 |n64; x64) AppleW|
|00000110| 65 62 4b 69 74 2f 35 33 37 2e 33 36 20 28 4b 48 |ebKit/537.36 (KH|
|00000120| 54 4d 4c 2c 20 6c 69 6b 65 20 47 65 63 6b 6f 29 |TML, like Gecko)|
|00000130| 20 43 68 72 6f 6d 65 2f 31 31 38 2e 30 2e 30 2e | Chrome/118.0.0.|
|00000140| 30 20 53 61 66 61 72 69 2f 35 33 37 2e 33 36 22 |0 Safari/537.36"|
|00000150| 2c 0d 0a 20 20 20 22 56 38 2d 56 65 72 73 69 6f |,..   "V8-Versio|
|00000160| 6e 22 3a 20 22 31 31 2e 38 2e 31 37 32 2e 31 35 |n": "11.8.172.15|
|00000170| 22 2c 0d 0a 20 20 20 22 57 65 62 4b 69 74 2d 56 |",..   "WebKit-V|
|00000180| 65 72 73 69 6f 6e 22 3a 20 22 35 33 37 2e 33 36 |ersion": "537.36|
|00000190| 20 28 40 65 35 32 66 33 33 66 33 30 62 39 31 62 | (@e52f33f30b91b|
|000001a0| 34 64 64 66 61 64 36 34 39 61 63 64 64 63 33 39 |4ddfad649acddc39|
|000001b0| 61 62 35 37 30 34 37 33 62 38 36 29 22 2c 0d 0a |ab570473b86)",..|
|000001c0| 20 20 20 22 77 65 62 53 6f 63 6b 65 74 44 65 62 |   "webSocketDeb|
|000001d0| 75 67 67 65 72 55 72 6c 22 3a 20 22 77 73 3a 2f |uggerUrl": "ws:/|
|000001e0| 2f 6c 6f 63 61 6c 68 6f 73 74 3a 35 38 31 36 32 |/localhost:58162|
|000001f0| 2f 64 65 76 74 6f 6f 6c 73 2f 62 72 6f 77 73 65 |/devtools/browse|
|00000200| 72 2f 30 30 64 33 38 61 35 35 2d 37 37 35 30 2d |r/00d38a55-7750-|
|00000210| 34 36 31 37 2d 39 32 64 37 2d 64 30 32 38 64 66 |4617-92d7-d028df|
|00000220| 37 63 35 34 34 65 22 0d 0a 7d 0d 0a             |7c544e"..}..    |
+--------+-------------------------------------------------+----------------+
&amp#27;[35m23-10-16 13:09:32:489&amp#27;[m [&amp#27;[34mDEBUG&amp#27;[m] 

Request DefaultFullHttpRequest(decodeResult: success, version: HTTP/1.1, content: EmptyByteBufBE)
GET /json/version HTTP/1.1
User-Agent: selenium/4.5.0 (java windows)
host: localhost:58162
accept: */*

Response DefaultHttpResponse(decodeResult: success, version: HTTP/1.1)
HTTP/1.1 200 OK
Content-Security-Policy: frame-ancestors 'none'
Content-Type: application/json; charset=UTF-8
content-length: 423

&amp#27;[35m23-10-16 13:09:32:490&amp#27;[m [&amp#27;[34mDEBUG&amp#27;[m] Adding key: http://localhost:58162 for channel [id: 0xd89e3ee8, L:/127.0.0.1:58168 - R:localhost/127.0.0.1:58162]
&amp#27;[35m23-10-16 13:09:32:490&amp#27;[m [&amp#27;[30mTRACE&amp#27;[m] [id: 0xd89e3ee8, L:/127.0.0.1:58168 - R:localhost/127.0.0.1:58162] READ COMPLETE
&amp#27;[35m23-10-16 13:09:32:624&amp#27;[m [&amp#27;[34mDEBUG&amp#27;[m] -Dio.netty.initialSeedUniquifier: 0xff7d34148de3f41e
&amp#27;[35m23-10-16 13:09:32:627&amp#27;[m [&amp#27;[30mTRACE&amp#27;[m] [id: 0xd60f78ce] REGISTERED
&amp#27;[35m23-10-16 13:09:32:627&amp#27;[m [&amp#27;[30mTRACE&amp#27;[m] [id: 0xd60f78ce] CONNECT: localhost/127.0.0.1:58162
&amp#27;[35m23-10-16 13:09:32:628&amp#27;[m [&amp#27;[34mDEBUG&amp#27;[m] Using new Channel '[id: 0xd60f78ce, L:/127.0.0.1:58169 - R:localhost/127.0.0.1:58162]' for 'GET' to '/devtools/browser/00d38a55-7750-4617-92d7-d028df7c544e'
&amp#27;[35m23-10-16 13:09:32:630&amp#27;[m [&amp#27;[30mTRACE&amp#27;[m] [id: 0xd60f78ce, L:/127.0.0.1:58169 - R:localhost/127.0.0.1:58162] WRITE: 273B
         +-------------------------------------------------+
         |  0  1  2  3  4  5  6  7  8  9  a  b  c  d  e  f |
+--------+-------------------------------------------------+----------------+
|00000000| 47 45 54 20 2f 64 65 76 74 6f 6f 6c 73 2f 62 72 |GET /devtools/br|
|00000010| 6f 77 73 65 72 2f 30 30 64 33 38 61 35 35 2d 37 |owser/00d38a55-7|
|00000020| 37 35 30 2d 34 36 31 37 2d 39 32 64 37 2d 64 30 |750-4617-92d7-d0|
|00000030| 32 38 64 66 37 63 35 34 34 65 20 48 54 54 50 2f |28df7c544e HTTP/|
|00000040| 31 2e 31 0d 0a 75 70 67 72 61 64 65 3a 20 77 65 |1.1..upgrade: we|
|00000050| 62 73 6f 63 6b 65 74 0d 0a 63 6f 6e 6e 65 63 74 |bsocket..connect|
|00000060| 69 6f 6e 3a 20 75 70 67 72 61 64 65 0d 0a 73 65 |ion: upgrade..se|
|00000070| 63 2d 77 65 62 73 6f 63 6b 65 74 2d 6b 65 79 3a |c-websocket-key:|
|00000080| 20 4d 68 2f 45 51 59 31 68 79 53 59 33 38 50 4c | Mh/EQY1hySY38PL|
|00000090| 49 55 54 39 70 31 51 3d 3d 0d 0a 73 65 63 2d 77 |IUT9p1Q==..sec-w|
|000000a0| 65 62 73 6f 63 6b 65 74 2d 76 65 72 73 69 6f 6e |ebsocket-version|
|000000b0| 3a 20 31 33 0d 0a 6f 72 69 67 69 6e 3a 20 68 74 |: 13..origin: ht|
|000000c0| 74 70 3a 2f 2f 6c 6f 63 61 6c 68 6f 73 74 3a 35 |tp://localhost:5|
|000000d0| 38 31 36 32 0d 0a 68 6f 73 74 3a 20 6c 6f 63 61 |8162..host: loca|
|000000e0| 6c 68 6f 73 74 3a 35 38 31 36 32 0d 0a 61 63 63 |lhost:58162..acc|
|000000f0| 65 70 74 3a 20 2a 2f 2a 0d 0a 75 73 65 72 2d 61 |ept: */*..user-a|
|00000100| 67 65 6e 74 3a 20 41 48 43 2f 32 2e 31 0d 0a 0d |gent: AHC/2.1...|
|00000110| 0a                                              |.               |
+--------+-------------------------------------------------+----------------+
&amp#27;[35m23-10-16 13:09:32:631&amp#27;[m [&amp#27;[30mTRACE&amp#27;[m] [id: 0xd60f78ce, L:/127.0.0.1:58169 - R:localhost/127.0.0.1:58162] FLUSH
&amp#27;[35m23-10-16 13:09:32:631&amp#27;[m [&amp#27;[30mTRACE&amp#27;[m] [id: 0xd60f78ce, L:/127.0.0.1:58169 - R:localhost/127.0.0.1:58162] ACTIVE
&amp#27;[35m23-10-16 13:09:32:632&amp#27;[m [&amp#27;[30mTRACE&amp#27;[m] [id: 0xd60f78ce, L:/127.0.0.1:58169 - R:localhost/127.0.0.1:58162] READ: 138B
         +-------------------------------------------------+
         |  0  1  2  3  4  5  6  7  8  9  a  b  c  d  e  f |
+--------+-------------------------------------------------+----------------+
|00000000| 48 54 54 50 2f 31 2e 31 20 31 30 31 20 57 65 62 |HTTP/1.1 101 Web|
|00000010| 53 6f 63 6b 65 74 20 50 72 6f 74 6f 63 6f 6c 20 |Socket Protocol |
|00000020| 48 61 6e 64 73 68 61 6b 65 0d 0a 55 70 67 72 61 |Handshake..Upgra|
|00000030| 64 65 3a 20 57 65 62 53 6f 63 6b 65 74 0d 0a 43 |de: WebSocket..C|
|00000040| 6f 6e 6e 65 63 74 69 6f 6e 3a 20 55 70 67 72 61 |onnection: Upgra|
|00000050| 64 65 0d 0a 53 65 63 2d 57 65 62 53 6f 63 6b 65 |de..Sec-WebSocke|
|00000060| 74 2d 41 63 63 65 70 74 3a 20 38 42 74 44 45 4a |t-Accept: 8BtDEJ|
|00000070| 39 54 4e 76 53 68 5a 77 73 42 71 57 6f 53 79 72 |9TNvShZwsBqWoSyr|
|00000080| 62 30 5a 33 34 3d 0d 0a 0d 0a                   |b0Z34=....      |
+--------+-------------------------------------------------+----------------+
&amp#27;[35m23-10-16 13:09:32:632&amp#27;[m [&amp#27;[34mDEBUG&amp#27;[m] 

Request DefaultFullHttpRequest(decodeResult: success, version: HTTP/1.1, content: EmptyByteBufBE)
GET /devtools/browser/00d38a55-7750-4617-92d7-d028df7c544e HTTP/1.1
upgrade: websocket
connection: upgrade
sec-websocket-key: Mh/EQY1hySY38PLIUT9p1Q==
sec-websocket-version: 13
origin: http://localhost:58162
host: localhost:58162
accept: */*
user-agent: AHC/2.1

Response DefaultHttpResponse(decodeResult: success, version: HTTP/1.1)
HTTP/1.1 101 WebSocket Protocol Handshake
Upgrade: WebSocket
Connection: Upgrade
Sec-WebSocket-Accept: 8BtDEJ9TNvShZwsBqWoSyrb0Z34=

&amp#27;[35m23-10-16 13:09:33:193&amp#27;[m [&amp#27;[34mDEBUG&amp#27;[m] Entry count for : http://localhost:58296 : 1
&amp#27;[35m23-10-16 13:09:33:193&amp#27;[m [&amp#27;[34mDEBUG&amp#27;[m] Entry count for : http://localhost:58162 : 1
&amp#27;[35m23-10-16 13:09:33:390&amp#27;[m [&amp#27;[30mTRACE&amp#27;[m] [id: 0xd60f78ce, L:/127.0.0.1:58169 - R:localhost/127.0.0.1:58162] READ COMPLETE
&amp#27;[35m23-10-16 13:09:34:034&amp#27;[m [&amp#27;[34mDEBUG&amp#27;[m] Using pooled Channel '[id: 0x3659f1ca, L:/127.0.0.1:58161 - R:localhost/127.0.0.1:58296]' for 'POST' to 'http://localhost:58296/session/194b6ec2ab6e445be452cdc202504b61/url'
&amp#27;[35m23-10-16 13:09:34:034&amp#27;[m [&amp#27;[34mDEBUG&amp#27;[m] Using open Channel [id: 0x3659f1ca, L:/127.0.0.1:58161 - R:localhost/127.0.0.1:58296] for POST '/session/194b6ec2ab6e445be452cdc202504b61/url'
&amp#27;[35m23-10-16 13:09:34:105&amp#27;[m [&amp#27;[30mTRACE&amp#27;[m] [id: 0x3659f1ca, L:/127.0.0.1:58161 - R:localhost/127.0.0.1:58296] WRITE: 209B
         +-------------------------------------------------+
         |  0  1  2  3  4  5  6  7  8  9  a  b  c  d  e  f |
+--------+-------------------------------------------------+----------------+
|00000000| 50 4f 53 54 20 2f 73 65 73 73 69 6f 6e 2f 31 39 |POST /session/19|
|00000010| 34 62 36 65 63 32 61 62 36 65 34 34 35 62 65 34 |4b6ec2ab6e445be4|
|00000020| 35 32 63 64 63 32 30 32 35 30 34 62 36 31 2f 75 |52cdc202504b61/u|
|00000030| 72 6c 20 48 54 54 50 2f 31 2e 31 0d 0a 55 73 65 |rl HTTP/1.1..Use|
|00000040| 72 2d 41 67 65 6e 74 3a 20 73 65 6c 65 6e 69 75 |r-Agent: seleniu|
|00000050| 6d 2f 34 2e 35 2e 30 20 28 6a 61 76 61 20 77 69 |m/4.5.0 (java wi|
|00000060| 6e 64 6f 77 73 29 0d 0a 43 6f 6e 74 65 6e 74 2d |ndows)..Content-|
|00000070| 4c 65 6e 67 74 68 3a 20 36 39 0d 0a 43 6f 6e 74 |Length: 69..Cont|
|00000080| 65 6e 74 2d 54 79 70 65 3a 20 61 70 70 6c 69 63 |ent-Type: applic|
|00000090| 61 74 69 6f 6e 2f 6a 73 6f 6e 3b 20 63 68 61 72 |ation/json; char|
|000000a0| 73 65 74 3d 75 74 66 2d 38 0d 0a 68 6f 73 74 3a |set=utf-8..host:|
|000000b0| 20 6c 6f 63 61 6c 68 6f 73 74 3a 35 38 32 39 36 | localhost:58296|
|000000c0| 0d 0a 61 63 63 65 70 74 3a 20 2a 2f 2a 0d 0a 0d |..accept: */*...|
|000000d0| 0a                                              |.               |
+--------+-------------------------------------------------+----------------+
&amp#27;[35m23-10-16 13:09:34:106&amp#27;[m [&amp#27;[30mTRACE&amp#27;[m] [id: 0x3659f1ca, L:/127.0.0.1:58161 - R:localhost/127.0.0.1:58296] WRITE: 69B
         +-------------------------------------------------+
         |  0  1  2  3  4  5  6  7  8  9  a  b  c  d  e  f |
+--------+-------------------------------------------------+----------------+
|00000000| 7b 0a 20 20 22 75 72 6c 22 3a 20 22 68 74 74 70 |{.  "url": "http|
|00000010| 73 3a 5c 75 30 30 32 66 5c 75 30 30 32 66 6c 6f |s:\u002f\u002flo|
|00000020| 67 69 6e 2e 73 61 6c 65 73 66 6f 72 63 65 2e 63 |gin.salesforce.c|
|00000030| 6f 6d 5c 75 30 30 32 66 3f 6c 6f 63 61 6c 65 3d |om\u002f?locale=|
|00000040| 65 75 22 0a 7d                                  |eu".}           |
+--------+-------------------------------------------------+----------------+
&amp#27;[35m23-10-16 13:09:34:107&amp#27;[m [&amp#27;[30mTRACE&amp#27;[m] [id: 0x3659f1ca, L:/127.0.0.1:58161 - R:localhost/127.0.0.1:58296] FLUSH
&amp#27;[35m23-10-16 13:09:34:108&amp#27;[m [&amp#27;[30mTRACE&amp#27;[m] [id: 0x3659f1ca, L:/127.0.0.1:58161 - R:localhost/127.0.0.1:58296] WRITE: 0B
&amp#27;[35m23-10-16 13:09:34:108&amp#27;[m [&amp#27;[30mTRACE&amp#27;[m] [id: 0x3659f1ca, L:/127.0.0.1:58161 - R:localhost/127.0.0.1:58296] FLUSH
&amp#27;[35m23-10-16 13:09:34:293&amp#27;[m [&amp#27;[34mDEBUG&amp#27;[m] Entry count for : http://localhost:58162 : 1
&amp#27;[35m23-10-16 13:09:35:392&amp#27;[m [&amp#27;[34mDEBUG&amp#27;[m] Entry count for : http://localhost:58162 : 1
&amp#27;[35m23-10-16 13:09:35:957&amp#27;[m [&amp#27;[30mTRACE&amp#27;[m] [id: 0x3659f1ca, L:/127.0.0.1:58161 - R:localhost/127.0.0.1:58296] READ: 122B
         +-------------------------------------------------+
         |  0  1  2  3  4  5  6  7  8  9  a  b  c  d  e  f |
+--------+-------------------------------------------------+----------------+
|00000000| 48 54 54 50 2f 31 2e 31 20 32 30 30 20 4f 4b 0d |HTTP/1.1 200 OK.|
|00000010| 0a 43 6f 6e 74 65 6e 74 2d 4c 65 6e 67 74 68 3a |.Content-Length:|
|00000020| 31 34 0d 0a 43 6f 6e 74 65 6e 74 2d 54 79 70 65 |14..Content-Type|
|00000030| 3a 61 70 70 6c 69 63 61 74 69 6f 6e 2f 6a 73 6f |:application/jso|
|00000040| 6e 3b 20 63 68 61 72 73 65 74 3d 75 74 66 2d 38 |n; charset=utf-8|
|00000050| 0d 0a 63 61 63 68 65 2d 63 6f 6e 74 72 6f 6c 3a |..cache-control:|
|00000060| 6e 6f 2d 63 61 63 68 65 0d 0a 0d 0a 7b 22 76 61 |no-cache....{"va|
|00000070| 6c 75 65 22 3a 6e 75 6c 6c 7d                   |lue":null}      |
+--------+-------------------------------------------------+----------------+
&amp#27;[35m23-10-16 13:09:35:957&amp#27;[m [&amp#27;[34mDEBUG&amp#27;[m] 

Request DefaultHttpRequest(decodeResult: success, version: HTTP/1.1)
POST /session/194b6ec2ab6e445be452cdc202504b61/url HTTP/1.1
User-Agent: selenium/4.5.0 (java windows)
Content-Length: 69
Content-Type: application/json; charset=utf-8
host: localhost:58296
accept: */*

Response DefaultHttpResponse(decodeResult: success, version: HTTP/1.1)
HTTP/1.1 200 OK
Content-Type: application/json; charset=utf-8
cache-control: no-cache
content-length: 14

&amp#27;[35m23-10-16 13:09:35:958&amp#27;[m [&amp#27;[34mDEBUG&amp#27;[m] Adding key: http://localhost:58296 for channel [id: 0x3659f1ca, L:/127.0.0.1:58161 - R:localhost/127.0.0.1:58296]
&amp#27;[35m23-10-16 13:09:35:958&amp#27;[m [&amp#27;[30mTRACE&amp#27;[m] [id: 0x3659f1ca, L:/127.0.0.1:58161 - R:localhost/127.0.0.1:58296] READ COMPLETE
&amp#27;[35m23-10-16 13:09:35:965&amp#27;[m [&amp#27;[34mDEBUG&amp#27;[m] Using pooled Channel '[id: 0x3659f1ca, L:/127.0.0.1:58161 - R:localhost/127.0.0.1:58296]' for 'POST' to 'http://localhost:58296/session/194b6ec2ab6e445be452cdc202504b61/url'
&amp#27;[35m23-10-16 13:09:35:966&amp#27;[m [&amp#27;[34mDEBUG&amp#27;[m] Using open Channel [id: 0x3659f1ca, L:/127.0.0.1:58161 - R:localhost/127.0.0.1:58296] for POST '/session/194b6ec2ab6e445be452cdc202504b61/url'
&amp#27;[35m23-10-16 13:09:35:967&amp#27;[m [&amp#27;[30mTRACE&amp#27;[m] [id: 0x3659f1ca, L:/127.0.0.1:58161 - R:localhost/127.0.0.1:58296] WRITE: 209B
         +-------------------------------------------------+
         |  0  1  2  3  4  5  6  7  8  9  a  b  c  d  e  f |
+--------+-------------------------------------------------+----------------+
|00000000| 50 4f 53 54 20 2f 73 65 73 73 69 6f 6e 2f 31 39 |POST /session/19|
|00000010| 34 62 36 65 63 32 61 62 36 65 34 34 35 62 65 34 |4b6ec2ab6e445be4|
|00000020| 35 32 63 64 63 32 30 32 35 30 34 62 36 31 2f 75 |52cdc202504b61/u|
|00000030| 72 6c 20 48 54 54 50 2f 31 2e 31 0d 0a 55 73 65 |rl HTTP/1.1..Use|
|00000040| 72 2d 41 67 65 6e 74 3a 20 73 65 6c 65 6e 69 75 |r-Agent: seleniu|
|00000050| 6d 2f 34 2e 35 2e 30 20 28 6a 61 76 61 20 77 69 |m/4.5.0 (java wi|
|00000060| 6e 64 6f 77 73 29 0d 0a 43 6f 6e 74 65 6e 74 2d |ndows)..Content-|
|00000070| 4c 65 6e 67 74 68 3a 20 36 39 0d 0a 43 6f 6e 74 |Length: 69..Cont|
|00000080| 65 6e 74 2d 54 79 70 65 3a 20 61 70 70 6c 69 63 |ent-Type: applic|
|00000090| 61 74 69 6f 6e 2f 6a 73 6f 6e 3b 20 63 68 61 72 |ation/json; char|
|000000a0| 73 65 74 3d 75 74 66 2d 38 0d 0a 68 6f 73 74 3a |set=utf-8..host:|
|000000b0| 20 6c 6f 63 61 6c 68 6f 73 74 3a 35 38 32 39 36 | localhost:58296|
|000000c0| 0d 0a 61 63 63 65 70 74 3a 20 2a 2f 2a 0d 0a 0d |..accept: */*...|
|000000d0| 0a                                              |.               |
+--------+-------------------------------------------------+----------------+
&amp#27;[35m23-10-16 13:09:35:967&amp#27;[m [&amp#27;[30mTRACE&amp#27;[m] [id: 0x3659f1ca, L:/127.0.0.1:58161 - R:localhost/127.0.0.1:58296] WRITE: 69B
         +-------------------------------------------------+
         |  0  1  2  3  4  5  6  7  8  9  a  b  c  d  e  f |
+--------+-------------------------------------------------+----------------+
|00000000| 7b 0a 20 20 22 75 72 6c 22 3a 20 22 68 74 74 70 |{.  "url": "http|
|00000010| 73 3a 5c 75 30 30 32 66 5c 75 30 30 32 66 6c 6f |s:\u002f\u002flo|
|00000020| 67 69 6e 2e 73 61 6c 65 73 66 6f 72 63 65 2e 63 |gin.salesforce.c|
|00000030| 6f 6d 5c 75 30 30 32 66 3f 6c 6f 63 61 6c 65 3d |om\u002f?locale=|
|00000040| 65 75 22 0a 7d                                  |eu".}           |
+--------+-------------------------------------------------+----------------+
&amp#27;[35m23-10-16 13:09:35:968&amp#27;[m [&amp#27;[30mTRACE&amp#27;[m] [id: 0x3659f1ca, L:/127.0.0.1:58161 - R:localhost/127.0.0.1:58296] FLUSH
&amp#27;[35m23-10-16 13:09:35:968&amp#27;[m [&amp#27;[30mTRACE&amp#27;[m] [id: 0x3659f1ca, L:/127.0.0.1:58161 - R:localhost/127.0.0.1:58296] WRITE: 0B
&amp#27;[35m23-10-16 13:09:35:969&amp#27;[m [&amp#27;[30mTRACE&amp#27;[m] [id: 0x3659f1ca, L:/127.0.0.1:58161 - R:localhost/127.0.0.1:58296] FLUSH
&amp#27;[35m23-10-16 13:09:36:499&amp#27;[m [&amp#27;[34mDEBUG&amp#27;[m] Entry count for : http://localhost:58162 : 1
&amp#27;[35m23-10-16 13:09:36:517&amp#27;[m [&amp#27;[30mTRACE&amp#27;[m] [id: 0x3659f1ca, L:/127.0.0.1:58161 - R:localhost/127.0.0.1:58296] READ: 122B
         +-------------------------------------------------+
         |  0  1  2  3  4  5  6  7  8  9  a  b  c  d  e  f |
+--------+-------------------------------------------------+----------------+
|00000000| 48 54 54 50 2f 31 2e 31 20 32 30 30 20 4f 4b 0d |HTTP/1.1 200 OK.|
|00000010| 0a 43 6f 6e 74 65 6e 74 2d 4c 65 6e 67 74 68 3a |.Content-Length:|
|00000020| 31 34 0d 0a 43 6f 6e 74 65 6e 74 2d 54 79 70 65 |14..Content-Type|
|00000030| 3a 61 70 70 6c 69 63 61 74 69 6f 6e 2f 6a 73 6f |:application/jso|
|00000040| 6e 3b 20 63 68 61 72 73 65 74 3d 75 74 66 2d 38 |n; charset=utf-8|
|00000050| 0d 0a 63 61 63 68 65 2d 63 6f 6e 74 72 6f 6c 3a |..cache-control:|
|00000060| 6e 6f 2d 63 61 63 68 65 0d 0a 0d 0a 7b 22 76 61 |no-cache....{"va|
|00000070| 6c 75 65 22 3a 6e 75 6c 6c 7d                   |lue":null}      |
+--------+-------------------------------------------------+----------------+
&amp#27;[35m23-10-16 13:09:36:518&amp#27;[m [&amp#27;[34mDEBUG&amp#27;[m] 

Request DefaultHttpRequest(decodeResult: success, version: HTTP/1.1)
POST /session/194b6ec2ab6e445be452cdc202504b61/url HTTP/1.1
User-Agent: selenium/4.5.0 (java windows)
Content-Length: 69
Content-Type: application/json; charset=utf-8
host: localhost:58296
accept: */*

Response DefaultHttpResponse(decodeResult: success, version: HTTP/1.1)
HTTP/1.1 200 OK
Content-Type: application/json; charset=utf-8
cache-control: no-cache
content-length: 14

&amp#27;[35m23-10-16 13:09:36:518&amp#27;[m [&amp#27;[34mDEBUG&amp#27;[m] Adding key: http://localhost:58296 for channel [id: 0x3659f1ca, L:/127.0.0.1:58161 - R:localhost/127.0.0.1:58296]
&amp#27;[35m23-10-16 13:09:36:519&amp#27;[m [&amp#27;[30mTRACE&amp#27;[m] [id: 0x3659f1ca, L:/127.0.0.1:58161 - R:localhost/127.0.0.1:58296] READ COMPLETE
&amp#27;[35m23-10-16 13:09:36:520&amp#27;[m [&amp#27;[34mDEBUG&amp#27;[m] Using pooled Channel '[id: 0x3659f1ca, L:/127.0.0.1:58161 - R:localhost/127.0.0.1:58296]' for 'GET' to 'http://localhost:58296/session/194b6ec2ab6e445be452cdc202504b61/title'
&amp#27;[35m23-10-16 13:09:36:520&amp#27;[m [&amp#27;[34mDEBUG&amp#27;[m] Using open Channel [id: 0x3659f1ca, L:/127.0.0.1:58161 - R:localhost/127.0.0.1:58296] for GET '/session/194b6ec2ab6e445be452cdc202504b61/title'
&amp#27;[35m23-10-16 13:09:36:520&amp#27;[m [&amp#27;[30mTRACE&amp#27;[m] [id: 0x3659f1ca, L:/127.0.0.1:58161 - R:localhost/127.0.0.1:58296] WRITE: 215B
         +-------------------------------------------------+
         |  0  1  2  3  4  5  6  7  8  9  a  b  c  d  e  f |
+--------+-------------------------------------------------+----------------+
|00000000| 47 45 54 20 2f 73 65 73 73 69 6f 6e 2f 31 39 34 |GET /session/194|
|00000010| 62 36 65 63 32 61 62 36 65 34 34 35 62 65 34 35 |b6ec2ab6e445be45|
|00000020| 32 63 64 63 32 30 32 35 30 34 62 36 31 2f 74 69 |2cdc202504b61/ti|
|00000030| 74 6c 65 20 48 54 54 50 2f 31 2e 31 0d 0a 55 73 |tle HTTP/1.1..Us|
|00000040| 65 72 2d 41 67 65 6e 74 3a 20 73 65 6c 65 6e 69 |er-Agent: seleni|
|00000050| 75 6d 2f 34 2e 35 2e 30 20 28 6a 61 76 61 20 77 |um/4.5.0 (java w|
|00000060| 69 6e 64 6f 77 73 29 0d 0a 43 61 63 68 65 2d 43 |indows)..Cache-C|
|00000070| 6f 6e 74 72 6f 6c 3a 20 6e 6f 2d 63 61 63 68 65 |ontrol: no-cache|
|00000080| 0d 0a 43 6f 6e 74 65 6e 74 2d 54 79 70 65 3a 20 |..Content-Type: |
|00000090| 61 70 70 6c 69 63 61 74 69 6f 6e 2f 6a 73 6f 6e |application/json|
|000000a0| 3b 20 63 68 61 72 73 65 74 3d 75 74 66 2d 38 0d |; charset=utf-8.|
|000000b0| 0a 68 6f 73 74 3a 20 6c 6f 63 61 6c 68 6f 73 74 |.host: localhost|
|000000c0| 3a 35 38 32 39 36 0d 0a 61 63 63 65 70 74 3a 20 |:58296..accept: |
|000000d0| 2a 2f 2a 0d 0a 0d 0a                            |*/*....         |
+--------+-------------------------------------------------+----------------+
&amp#27;[35m23-10-16 13:09:36:520&amp#27;[m [&amp#27;[30mTRACE&amp#27;[m] [id: 0x3659f1ca, L:/127.0.0.1:58161 - R:localhost/127.0.0.1:58296] FLUSH
&amp#27;[35m23-10-16 13:09:36:755&amp#27;[m [&amp#27;[30mTRACE&amp#27;[m] [id: 0x3659f1ca, L:/127.0.0.1:58161 - R:localhost/127.0.0.1:58296] READ: 138B
         +-------------------------------------------------+
         |  0  1  2  3  4  5  6  7  8  9  a  b  c  d  e  f |
+--------+-------------------------------------------------+----------------+
|00000000| 48 54 54 50 2f 31 2e 31 20 32 30 30 20 4f 4b 0d |HTTP/1.1 200 OK.|
|00000010| 0a 43 6f 6e 74 65 6e 74 2d 4c 65 6e 67 74 68 3a |.Content-Length:|
|00000020| 33 30 0d 0a 43 6f 6e 74 65 6e 74 2d 54 79 70 65 |30..Content-Type|
|00000030| 3a 61 70 70 6c 69 63 61 74 69 6f 6e 2f 6a 73 6f |:application/jso|
|00000040| 6e 3b 20 63 68 61 72 73 65 74 3d 75 74 66 2d 38 |n; charset=utf-8|
|00000050| 0d 0a 63 61 63 68 65 2d 63 6f 6e 74 72 6f 6c 3a |..cache-control:|
|00000060| 6e 6f 2d 63 61 63 68 65 0d 0a 0d 0a 7b 22 76 61 |no-cache....{"va|
|00000070| 6c 75 65 22 3a 22 4c 6f 67 69 6e 20 7c 20 53 61 |lue":"Login | Sa|
|00000080| 6c 65 73 66 6f 72 63 65 22 7d                   |lesforce"}      |
+--------+-------------------------------------------------+----------------+
&amp#27;[35m23-10-16 13:09:36:755&amp#27;[m [&amp#27;[34mDEBUG&amp#27;[m] 

Request DefaultFullHttpRequest(decodeResult: success, version: HTTP/1.1, content: EmptyByteBufBE)
GET /session/194b6ec2ab6e445be452cdc202504b61/title HTTP/1.1
User-Agent: selenium/4.5.0 (java windows)
Cache-Control: no-cache
Content-Type: application/json; charset=utf-8
host: localhost:58296
accept: */*

Response DefaultHttpResponse(decodeResult: success, version: HTTP/1.1)
HTTP/1.1 200 OK
Content-Type: application/json; charset=utf-8
cache-control: no-cache
content-length: 30

&amp#27;[35m23-10-16 13:09:36:756&amp#27;[m [&amp#27;[34mDEBUG&amp#27;[m] Adding key: http://localhost:58296 for channel [id: 0x3659f1ca, L:/127.0.0.1:58161 - R:localhost/127.0.0.1:58296]
&amp#27;[35m23-10-16 13:09:36:756&amp#27;[m [&amp#27;[30mTRACE&amp#27;[m] [id: 0x3659f1ca, L:/127.0.0.1:58161 - R:localhost/127.0.0.1:58296] READ COMPLETE
Test Case Title 1 is - Login | Salesforce
]]></system-out>
    <system-err><![CDATA[Starting ChromeDriver 117.0.5938.149 (e3344ddefa12e60436fa28c81cf207c1afb4d0a9-refs/branch-heads/5938@{#1539}) on port 58296
Only local connections are allowed.
Please see https://chromedriver.chromium.org/security-considerations for suggestions on keeping ChromeDriver safe.
ChromeDriver was started successfully.
[1697458169.056][WARNING]: This version of ChromeDriver has not been tested with Chrome version 118.
Oct 16, 2023 1:09:32 PM org.openqa.selenium.remote.ProtocolHandshake createSession
INFO: Detected upstream dialect: W3C
Oct 16, 2023 1:09:33 PM org.openqa.selenium.devtools.CdpVersionFinder findNearestMatch
WARNING: Unable to find an exact match for CDP version 118, so returning the closest version found: a no-op implementation
Oct 16, 2023 1:09:33 PM org.openqa.selenium.devtools.CdpVersionFinder findNearestMatch
INFO: Unable to find CDP implementation matching 118.
Oct 16, 2023 1:09:33 PM org.openqa.selenium.chromium.ChromiumDriver lambda$new$3
WARNING: Unable to find version of CDP to use for . You may need to include a dependency on a specific version of the CDP using something similar to `org.seleniumhq.selenium:selenium-devtools-v86:4.5.0` where the version ("v86") matches the version of the chromium-based browser you're using and the version number of the artifact is the same as Selenium's.
]]></system-err>
  </testcase>
  <testcase name="Test2" classname="com.automationproject.demoCICD.TestClass1" time="0.273">
    <system-out><![CDATA[&amp#27;[35m23-10-16 13:09:36:832&amp#27;[m [&amp#27;[34mDEBUG&amp#27;[m] Using pooled Channel '[id: 0x3659f1ca, L:/127.0.0.1:58161 - R:localhost/127.0.0.1:58296]' for 'DELETE' to 'http://localhost:58296/session/194b6ec2ab6e445be452cdc202504b61'
&amp#27;[35m23-10-16 13:09:36:832&amp#27;[m [&amp#27;[34mDEBUG&amp#27;[m] Using open Channel [id: 0x3659f1ca, L:/127.0.0.1:58161 - R:localhost/127.0.0.1:58296] for DELETE '/session/194b6ec2ab6e445be452cdc202504b61'
&amp#27;[35m23-10-16 13:09:36:832&amp#27;[m [&amp#27;[30mTRACE&amp#27;[m] [id: 0x3659f1ca, L:/127.0.0.1:58161 - R:localhost/127.0.0.1:58296] WRITE: 187B
         +-------------------------------------------------+
         |  0  1  2  3  4  5  6  7  8  9  a  b  c  d  e  f |
+--------+-------------------------------------------------+----------------+
|00000000| 44 45 4c 45 54 45 20 2f 73 65 73 73 69 6f 6e 2f |DELETE /session/|
|00000010| 31 39 34 62 36 65 63 32 61 62 36 65 34 34 35 62 |194b6ec2ab6e445b|
|00000020| 65 34 35 32 63 64 63 32 30 32 35 30 34 62 36 31 |e452cdc202504b61|
|00000030| 20 48 54 54 50 2f 31 2e 31 0d 0a 55 73 65 72 2d | HTTP/1.1..User-|
|00000040| 41 67 65 6e 74 3a 20 73 65 6c 65 6e 69 75 6d 2f |Agent: selenium/|
|00000050| 34 2e 35 2e 30 20 28 6a 61 76 61 20 77 69 6e 64 |4.5.0 (java wind|
|00000060| 6f 77 73 29 0d 0a 43 6f 6e 74 65 6e 74 2d 54 79 |ows)..Content-Ty|
|00000070| 70 65 3a 20 61 70 70 6c 69 63 61 74 69 6f 6e 2f |pe: application/|
|00000080| 6a 73 6f 6e 3b 20 63 68 61 72 73 65 74 3d 75 74 |json; charset=ut|
|00000090| 66 2d 38 0d 0a 68 6f 73 74 3a 20 6c 6f 63 61 6c |f-8..host: local|
|000000a0| 68 6f 73 74 3a 35 38 32 39 36 0d 0a 61 63 63 65 |host:58296..acce|
|000000b0| 70 74 3a 20 2a 2f 2a 0d 0a 0d 0a                |pt: */*....     |
+--------+-------------------------------------------------+----------------+
&amp#27;[35m23-10-16 13:09:36:833&amp#27;[m [&amp#27;[30mTRACE&amp#27;[m] [id: 0x3659f1ca, L:/127.0.0.1:58161 - R:localhost/127.0.0.1:58296] FLUSH
&amp#27;[35m23-10-16 13:09:36:840&amp#27;[m [&amp#27;[30mTRACE&amp#27;[m] Encoding WebSocket Frame opCode=8 length=26
&amp#27;[35m23-10-16 13:09:36:842&amp#27;[m [&amp#27;[30mTRACE&amp#27;[m] [id: 0xd60f78ce, L:/127.0.0.1:58169 - R:localhost/127.0.0.1:58162] WRITE: 32B
         +-------------------------------------------------+
         |  0  1  2  3  4  5  6  7  8  9  a  b  c  d  e  f |
+--------+-------------------------------------------------+----------------+
|00000000| 88 9a 4f 09 ce bf 4c e1 99 da 2d 4d bc d6 39 6c |..O...L...-M..9l|
|00000010| bc 9f 2c 65 a1 cc 26 67 a9 9f 3c 66 ad d4 2a 7d |..,e..&g..<f..*}|
+--------+-------------------------------------------------+----------------+
&amp#27;[35m23-10-16 13:09:36:843&amp#27;[m [&amp#27;[30mTRACE&amp#27;[m] [id: 0xd60f78ce, L:/127.0.0.1:58169 - R:localhost/127.0.0.1:58162] FLUSH
&amp#27;[35m23-10-16 13:09:36:945&amp#27;[m [&amp#27;[30mTRACE&amp#27;[m] [id: 0xd89e3ee8, L:/127.0.0.1:58168 - R:localhost/127.0.0.1:58162] READ COMPLETE
&amp#27;[35m23-10-16 13:09:36:946&amp#27;[m [&amp#27;[30mTRACE&amp#27;[m] [id: 0xd89e3ee8, L:/127.0.0.1:58168 - R:localhost/127.0.0.1:58162] EXCEPTION: java.net.SocketException: Connection reset
java.net.SocketException: Connection reset
	at sun.nio.ch.SocketChannelImpl.throwConnectionReset(SocketChannelImpl.java:394) ~[?:?]
	at sun.nio.ch.SocketChannelImpl.read(SocketChannelImpl.java:426) ~[?:?]
	at io.netty.buffer.PooledByteBuf.setBytes(PooledByteBuf.java:258) ~[netty-buffer-4.1.79.Final.jar:4.1.79.Final]
	at io.netty.buffer.AbstractByteBuf.writeBytes(AbstractByteBuf.java:1132) ~[netty-buffer-4.1.79.Final.jar:4.1.79.Final]
	at io.netty.channel.socket.nio.NioSocketChannel.doReadBytes(NioSocketChannel.java:357) ~[netty-transport-4.1.79.Final.jar:4.1.79.Final]
	at io.netty.channel.nio.AbstractNioByteChannel$NioByteUnsafe.read(AbstractNioByteChannel.java:151) [netty-transport-4.1.79.Final.jar:4.1.79.Final]
	at io.netty.channel.nio.NioEventLoop.processSelectedKey(NioEventLoop.java:722) [netty-transport-4.1.79.Final.jar:4.1.79.Final]
	at io.netty.channel.nio.NioEventLoop.processSelectedKeysOptimized(NioEventLoop.java:658) [netty-transport-4.1.79.Final.jar:4.1.79.Final]
	at io.netty.channel.nio.NioEventLoop.processSelectedKeys(NioEventLoop.java:584) [netty-transport-4.1.79.Final.jar:4.1.79.Final]
	at io.netty.channel.nio.NioEventLoop.run(NioEventLoop.java:496) [netty-transport-4.1.79.Final.jar:4.1.79.Final]
	at io.netty.util.concurrent.SingleThreadEventExecutor$4.run(SingleThreadEventExecutor.java:997) [netty-common-4.1.79.Final.jar:4.1.79.Final]
	at io.netty.util.internal.ThreadExecutorMap$2.run(ThreadExecutorMap.java:74) [netty-common-4.1.79.Final.jar:4.1.79.Final]
	at io.netty.util.concurrent.FastThreadLocalRunnable.run(FastThreadLocalRunnable.java:30) [netty-common-4.1.79.Final.jar:4.1.79.Final]
	at java.lang.Thread.run(Thread.java:833) [?:?]
&amp#27;[35m23-10-16 13:09:36:947&amp#27;[m [&amp#27;[34mDEBUG&amp#27;[m] Unexpected I/O exception on channel [id: 0xd89e3ee8, L:/127.0.0.1:58168 - R:localhost/127.0.0.1:58162]
java.net.SocketException: Connection reset
	at sun.nio.ch.SocketChannelImpl.throwConnectionReset(SocketChannelImpl.java:394) ~[?:?]
	at sun.nio.ch.SocketChannelImpl.read(SocketChannelImpl.java:426) ~[?:?]
	at io.netty.buffer.PooledByteBuf.setBytes(PooledByteBuf.java:258) ~[netty-buffer-4.1.79.Final.jar:4.1.79.Final]
	at io.netty.buffer.AbstractByteBuf.writeBytes(AbstractByteBuf.java:1132) ~[netty-buffer-4.1.79.Final.jar:4.1.79.Final]
	at io.netty.channel.socket.nio.NioSocketChannel.doReadBytes(NioSocketChannel.java:357) ~[netty-transport-4.1.79.Final.jar:4.1.79.Final]
	at io.netty.channel.nio.AbstractNioByteChannel$NioByteUnsafe.read(AbstractNioByteChannel.java:151) [netty-transport-4.1.79.Final.jar:4.1.79.Final]
	at io.netty.channel.nio.NioEventLoop.processSelectedKey(NioEventLoop.java:722) [netty-transport-4.1.79.Final.jar:4.1.79.Final]
	at io.netty.channel.nio.NioEventLoop.processSelectedKeysOptimized(NioEventLoop.java:658) [netty-transport-4.1.79.Final.jar:4.1.79.Final]
	at io.netty.channel.nio.NioEventLoop.processSelectedKeys(NioEventLoop.java:584) [netty-transport-4.1.79.Final.jar:4.1.79.Final]
	at io.netty.channel.nio.NioEventLoop.run(NioEventLoop.java:496) [netty-transport-4.1.79.Final.jar:4.1.79.Final]
	at io.netty.util.concurrent.SingleThreadEventExecutor$4.run(SingleThreadEventExecutor.java:997) [netty-common-4.1.79.Final.jar:4.1.79.Final]
	at io.netty.util.internal.ThreadExecutorMap$2.run(ThreadExecutorMap.java:74) [netty-common-4.1.79.Final.jar:4.1.79.Final]
	at io.netty.util.concurrent.FastThreadLocalRunnable.run(FastThreadLocalRunnable.java:30) [netty-common-4.1.79.Final.jar:4.1.79.Final]
	at java.lang.Thread.run(Thread.java:833) [?:?]
&amp#27;[35m23-10-16 13:09:36:947&amp#27;[m [&amp#27;[34mDEBUG&amp#27;[m] Closing Channel [id: 0xd89e3ee8, L:/127.0.0.1:58168 - R:localhost/127.0.0.1:58162] 
&amp#27;[35m23-10-16 13:09:36:948&amp#27;[m [&amp#27;[30mTRACE&amp#27;[m] [id: 0xd89e3ee8, L:/127.0.0.1:58168 - R:localhost/127.0.0.1:58162] CLOSE
&amp#27;[35m23-10-16 13:09:36:950&amp#27;[m [&amp#27;[30mTRACE&amp#27;[m] [id: 0xd89e3ee8, L:/127.0.0.1:58168 ! R:localhost/127.0.0.1:58162] USER_EVENT: io.netty.channel.socket.ChannelInputShutdownReadComplete@40e1c826
&amp#27;[35m23-10-16 13:09:36:982&amp#27;[m [&amp#27;[30mTRACE&amp#27;[m] [id: 0xd89e3ee8, L:/127.0.0.1:58168 ! R:localhost/127.0.0.1:58162] INACTIVE
&amp#27;[35m23-10-16 13:09:36:984&amp#27;[m [&amp#27;[34mDEBUG&amp#27;[m] Channel Closed: [id: 0xd89e3ee8, L:/127.0.0.1:58168 ! R:localhost/127.0.0.1:58162] with attribute DISCARD
&amp#27;[35m23-10-16 13:09:36:984&amp#27;[m [&amp#27;[30mTRACE&amp#27;[m] [id: 0xd89e3ee8, L:/127.0.0.1:58168 ! R:localhost/127.0.0.1:58162] UNREGISTERED
&amp#27;[35m23-10-16 13:09:36:989&amp#27;[m [&amp#27;[30mTRACE&amp#27;[m] [id: 0xd60f78ce, L:/127.0.0.1:58169 - R:localhost/127.0.0.1:58162] READ COMPLETE
&amp#27;[35m23-10-16 13:09:36:990&amp#27;[m [&amp#27;[30mTRACE&amp#27;[m] [id: 0xd60f78ce, L:/127.0.0.1:58169 - R:localhost/127.0.0.1:58162] EXCEPTION: java.net.SocketException: Connection reset
java.net.SocketException: Connection reset
	at sun.nio.ch.SocketChannelImpl.throwConnectionReset(SocketChannelImpl.java:394) ~[?:?]
	at sun.nio.ch.SocketChannelImpl.read(SocketChannelImpl.java:426) ~[?:?]
	at io.netty.buffer.PooledByteBuf.setBytes(PooledByteBuf.java:258) ~[netty-buffer-4.1.79.Final.jar:4.1.79.Final]
	at io.netty.buffer.AbstractByteBuf.writeBytes(AbstractByteBuf.java:1132) ~[netty-buffer-4.1.79.Final.jar:4.1.79.Final]
	at io.netty.channel.socket.nio.NioSocketChannel.doReadBytes(NioSocketChannel.java:357) ~[netty-transport-4.1.79.Final.jar:4.1.79.Final]
	at io.netty.channel.nio.AbstractNioByteChannel$NioByteUnsafe.read(AbstractNioByteChannel.java:151) [netty-transport-4.1.79.Final.jar:4.1.79.Final]
	at io.netty.channel.nio.NioEventLoop.processSelectedKey(NioEventLoop.java:722) [netty-transport-4.1.79.Final.jar:4.1.79.Final]
	at io.netty.channel.nio.NioEventLoop.processSelectedKeysOptimized(NioEventLoop.java:658) [netty-transport-4.1.79.Final.jar:4.1.79.Final]
	at io.netty.channel.nio.NioEventLoop.processSelectedKeys(NioEventLoop.java:584) [netty-transport-4.1.79.Final.jar:4.1.79.Final]
	at io.netty.channel.nio.NioEventLoop.run(NioEventLoop.java:496) [netty-transport-4.1.79.Final.jar:4.1.79.Final]
	at io.netty.util.concurrent.SingleThreadEventExecutor$4.run(SingleThreadEventExecutor.java:997) [netty-common-4.1.79.Final.jar:4.1.79.Final]
	at io.netty.util.internal.ThreadExecutorMap$2.run(ThreadExecutorMap.java:74) [netty-common-4.1.79.Final.jar:4.1.79.Final]
	at io.netty.util.concurrent.FastThreadLocalRunnable.run(FastThreadLocalRunnable.java:30) [netty-common-4.1.79.Final.jar:4.1.79.Final]
	at java.lang.Thread.run(Thread.java:833) [?:?]
&amp#27;[35m23-10-16 13:09:36:991&amp#27;[m [&amp#27;[34mDEBUG&amp#27;[m] Unexpected I/O exception on channel [id: 0xd60f78ce, L:/127.0.0.1:58169 - R:localhost/127.0.0.1:58162]
java.net.SocketException: Connection reset
	at sun.nio.ch.SocketChannelImpl.throwConnectionReset(SocketChannelImpl.java:394) ~[?:?]
	at sun.nio.ch.SocketChannelImpl.read(SocketChannelImpl.java:426) ~[?:?]
	at io.netty.buffer.PooledByteBuf.setBytes(PooledByteBuf.java:258) ~[netty-buffer-4.1.79.Final.jar:4.1.79.Final]
	at io.netty.buffer.AbstractByteBuf.writeBytes(AbstractByteBuf.java:1132) ~[netty-buffer-4.1.79.Final.jar:4.1.79.Final]
	at io.netty.channel.socket.nio.NioSocketChannel.doReadBytes(NioSocketChannel.java:357) ~[netty-transport-4.1.79.Final.jar:4.1.79.Final]
	at io.netty.channel.nio.AbstractNioByteChannel$NioByteUnsafe.read(AbstractNioByteChannel.java:151) [netty-transport-4.1.79.Final.jar:4.1.79.Final]
	at io.netty.channel.nio.NioEventLoop.processSelectedKey(NioEventLoop.java:722) [netty-transport-4.1.79.Final.jar:4.1.79.Final]
	at io.netty.channel.nio.NioEventLoop.processSelectedKeysOptimized(NioEventLoop.java:658) [netty-transport-4.1.79.Final.jar:4.1.79.Final]
	at io.netty.channel.nio.NioEventLoop.processSelectedKeys(NioEventLoop.java:584) [netty-transport-4.1.79.Final.jar:4.1.79.Final]
	at io.netty.channel.nio.NioEventLoop.run(NioEventLoop.java:496) [netty-transport-4.1.79.Final.jar:4.1.79.Final]
	at io.netty.util.concurrent.SingleThreadEventExecutor$4.run(SingleThreadEventExecutor.java:997) [netty-common-4.1.79.Final.jar:4.1.79.Final]
	at io.netty.util.internal.ThreadExecutorMap$2.run(ThreadExecutorMap.java:74) [netty-common-4.1.79.Final.jar:4.1.79.Final]
	at io.netty.util.concurrent.FastThreadLocalRunnable.run(FastThreadLocalRunnable.java:30) [netty-common-4.1.79.Final.jar:4.1.79.Final]
	at java.lang.Thread.run(Thread.java:833) [?:?]
&amp#27;[35m23-10-16 13:09:36:995&amp#27;[m [&amp#27;[34mDEBUG&amp#27;[m] Was unable to recover Future: NettyResponseFuture{currentRetry=0,
	isDone=1,
	isCancelled=0,
	asyncHandler=org.asynchttpclient.ws.WebSocketUpgradeHandler@3d403a05,
	nettyRequest=org.asynchttpclient.netty.request.NettyRequest@17987766,
	future=java.util.concurrent.CompletableFuture@5b078183[Completed normally],
	uri=ws://localhost:58162/devtools/browser/00d38a55-7750-4617-92d7-d028df7c544e,
	keepAlive=true,
	redirectCount=0,
	timeoutsHolder=null,
	inAuth=0,
	touch=1697458176992}
&amp#27;[35m23-10-16 13:09:36:995&amp#27;[m [&amp#27;[34mDEBUG&amp#27;[m] Closing Channel [id: 0xd60f78ce, L:/127.0.0.1:58169 - R:localhost/127.0.0.1:58162] 
&amp#27;[35m23-10-16 13:09:36:996&amp#27;[m [&amp#27;[30mTRACE&amp#27;[m] [id: 0xd60f78ce, L:/127.0.0.1:58169 - R:localhost/127.0.0.1:58162] CLOSE
&amp#27;[35m23-10-16 13:09:36:998&amp#27;[m [&amp#27;[33mWARN&amp#27;[m] onError
java.net.SocketException: Connection reset
	at sun.nio.ch.SocketChannelImpl.throwConnectionReset(SocketChannelImpl.java:394) ~[?:?]
	at sun.nio.ch.SocketChannelImpl.read(SocketChannelImpl.java:426) ~[?:?]
	at io.netty.buffer.PooledByteBuf.setBytes(PooledByteBuf.java:258) ~[netty-buffer-4.1.79.Final.jar:4.1.79.Final]
	at io.netty.buffer.AbstractByteBuf.writeBytes(AbstractByteBuf.java:1132) ~[netty-buffer-4.1.79.Final.jar:4.1.79.Final]
	at io.netty.channel.socket.nio.NioSocketChannel.doReadBytes(NioSocketChannel.java:357) ~[netty-transport-4.1.79.Final.jar:4.1.79.Final]
	at io.netty.channel.nio.AbstractNioByteChannel$NioByteUnsafe.read(AbstractNioByteChannel.java:151) [netty-transport-4.1.79.Final.jar:4.1.79.Final]
	at io.netty.channel.nio.NioEventLoop.processSelectedKey(NioEventLoop.java:722) [netty-transport-4.1.79.Final.jar:4.1.79.Final]
	at io.netty.channel.nio.NioEventLoop.processSelectedKeysOptimized(NioEventLoop.java:658) [netty-transport-4.1.79.Final.jar:4.1.79.Final]
	at io.netty.channel.nio.NioEventLoop.processSelectedKeys(NioEventLoop.java:584) [netty-transport-4.1.79.Final.jar:4.1.79.Final]
	at io.netty.channel.nio.NioEventLoop.run(NioEventLoop.java:496) [netty-transport-4.1.79.Final.jar:4.1.79.Final]
	at io.netty.util.concurrent.SingleThreadEventExecutor$4.run(SingleThreadEventExecutor.java:997) [netty-common-4.1.79.Final.jar:4.1.79.Final]
	at io.netty.util.internal.ThreadExecutorMap$2.run(ThreadExecutorMap.java:74) [netty-common-4.1.79.Final.jar:4.1.79.Final]
	at io.netty.util.concurrent.FastThreadLocalRunnable.run(FastThreadLocalRunnable.java:30) [netty-common-4.1.79.Final.jar:4.1.79.Final]
	at java.lang.Thread.run(Thread.java:833) [?:?]
&amp#27;[35m23-10-16 13:09:37:002&amp#27;[m [&amp#27;[34mDEBUG&amp#27;[m] Closing Channel [id: 0xd60f78ce, L:/127.0.0.1:58169 ! R:localhost/127.0.0.1:58162] 
&amp#27;[35m23-10-16 13:09:37:003&amp#27;[m [&amp#27;[30mTRACE&amp#27;[m] [id: 0xd60f78ce, L:/127.0.0.1:58169 ! R:localhost/127.0.0.1:58162] USER_EVENT: io.netty.channel.socket.ChannelInputShutdownReadComplete@40e1c826
&amp#27;[35m23-10-16 13:09:37:003&amp#27;[m [&amp#27;[30mTRACE&amp#27;[m] [id: 0xd60f78ce, L:/127.0.0.1:58169 ! R:localhost/127.0.0.1:58162] INACTIVE
&amp#27;[35m23-10-16 13:09:37:003&amp#27;[m [&amp#27;[34mDEBUG&amp#27;[m] Channel Closed: [id: 0xd60f78ce, L:/127.0.0.1:58169 ! R:localhost/127.0.0.1:58162] with attribute DISCARD
&amp#27;[35m23-10-16 13:09:37:003&amp#27;[m [&amp#27;[30mTRACE&amp#27;[m] [id: 0xd60f78ce, L:/127.0.0.1:58169 ! R:localhost/127.0.0.1:58162] UNREGISTERED
&amp#27;[35m23-10-16 13:09:37:026&amp#27;[m [&amp#27;[30mTRACE&amp#27;[m] [id: 0x3659f1ca, L:/127.0.0.1:58161 - R:localhost/127.0.0.1:58296] READ: 122B
         +-------------------------------------------------+
         |  0  1  2  3  4  5  6  7  8  9  a  b  c  d  e  f |
+--------+-------------------------------------------------+----------------+
|00000000| 48 54 54 50 2f 31 2e 31 20 32 30 30 20 4f 4b 0d |HTTP/1.1 200 OK.|
|00000010| 0a 43 6f 6e 74 65 6e 74 2d 4c 65 6e 67 74 68 3a |.Content-Length:|
|00000020| 31 34 0d 0a 43 6f 6e 74 65 6e 74 2d 54 79 70 65 |14..Content-Type|
|00000030| 3a 61 70 70 6c 69 63 61 74 69 6f 6e 2f 6a 73 6f |:application/jso|
|00000040| 6e 3b 20 63 68 61 72 73 65 74 3d 75 74 66 2d 38 |n; charset=utf-8|
|00000050| 0d 0a 63 61 63 68 65 2d 63 6f 6e 74 72 6f 6c 3a |..cache-control:|
|00000060| 6e 6f 2d 63 61 63 68 65 0d 0a 0d 0a 7b 22 76 61 |no-cache....{"va|
|00000070| 6c 75 65 22 3a 6e 75 6c 6c 7d                   |lue":null}      |
+--------+-------------------------------------------------+----------------+
&amp#27;[35m23-10-16 13:09:37:027&amp#27;[m [&amp#27;[34mDEBUG&amp#27;[m] 

Request DefaultFullHttpRequest(decodeResult: success, version: HTTP/1.1, content: EmptyByteBufBE)
DELETE /session/194b6ec2ab6e445be452cdc202504b61 HTTP/1.1
User-Agent: selenium/4.5.0 (java windows)
Content-Type: application/json; charset=utf-8
host: localhost:58296
accept: */*

Response DefaultHttpResponse(decodeResult: success, version: HTTP/1.1)
HTTP/1.1 200 OK
Content-Type: application/json; charset=utf-8
cache-control: no-cache
content-length: 14

&amp#27;[35m23-10-16 13:09:37:027&amp#27;[m [&amp#27;[34mDEBUG&amp#27;[m] Adding key: http://localhost:58296 for channel [id: 0x3659f1ca, L:/127.0.0.1:58161 - R:localhost/127.0.0.1:58296]
&amp#27;[35m23-10-16 13:09:37:028&amp#27;[m [&amp#27;[30mTRACE&amp#27;[m] [id: 0x3659f1ca, L:/127.0.0.1:58161 - R:localhost/127.0.0.1:58296] READ COMPLETE
&amp#27;[35m23-10-16 13:09:37:101&amp#27;[m [&amp#27;[30mTRACE&amp#27;[m] [id: 0x3659f1ca, L:/127.0.0.1:58161 - R:localhost/127.0.0.1:58296] READ COMPLETE
&amp#27;[35m23-10-16 13:09:37:101&amp#27;[m [&amp#27;[30mTRACE&amp#27;[m] [id: 0x3659f1ca, L:/127.0.0.1:58161 ! R:localhost/127.0.0.1:58296] INACTIVE
&amp#27;[35m23-10-16 13:09:37:101&amp#27;[m [&amp#27;[34mDEBUG&amp#27;[m] Channel Closed: [id: 0x3659f1ca, L:/127.0.0.1:58161 ! R:localhost/127.0.0.1:58296] with attribute DISCARD
&amp#27;[35m23-10-16 13:09:37:102&amp#27;[m [&amp#27;[30mTRACE&amp#27;[m] [id: 0x3659f1ca, L:/127.0.0.1:58161 ! R:localhost/127.0.0.1:58296] UNREGISTERED
&amp#27;[35m23-10-16 13:09:37:592&amp#27;[m [&amp#27;[34mDEBUG&amp#27;[m] Entry count for : http://localhost:58296 : 1
&amp#27;[35m23-10-16 13:09:37:592&amp#27;[m [&amp#27;[34mDEBUG&amp#27;[m] Entry count for : http://localhost:58162 : 1
&amp#27;[35m23-10-16 13:09:37:593&amp#27;[m [&amp#27;[34mDEBUG&amp#27;[m] Adding Candidate expired Channel [id: 0x3659f1ca, L:/127.0.0.1:58161 ! R:localhost/127.0.0.1:58296] isIdleTimeoutExpired=false isRemotelyClosed=true isTtlExpired=false
&amp#27;[35m23-10-16 13:09:37:594&amp#27;[m [&amp#27;[34mDEBUG&amp#27;[m] Closing Idle Channel [id: 0x3659f1ca, L:/127.0.0.1:58161 ! R:localhost/127.0.0.1:58296]
&amp#27;[35m23-10-16 13:09:37:595&amp#27;[m [&amp#27;[34mDEBUG&amp#27;[m] Adding Candidate expired Channel [id: 0xd89e3ee8, L:/127.0.0.1:58168 ! R:localhost/127.0.0.1:58162] isIdleTimeoutExpired=false isRemotelyClosed=true isTtlExpired=false
&amp#27;[35m23-10-16 13:09:37:595&amp#27;[m [&amp#27;[34mDEBUG&amp#27;[m] Closing Idle Channel [id: 0xd89e3ee8, L:/127.0.0.1:58168 ! R:localhost/127.0.0.1:58162]
&amp#27;[35m23-10-16 13:09:37:596&amp#27;[m [&amp#27;[34mDEBUG&amp#27;[m] Closed 2 connections out of 2 in 3 ms
&amp#27;[35m23-10-16 13:09:37:651&amp#27;[m [&amp#27;[30mTRACE&amp#27;[m] [id: 0x44fe0519] REGISTERED
&amp#27;[35m23-10-16 13:09:37:652&amp#27;[m [&amp#27;[30mTRACE&amp#27;[m] [id: 0x44fe0519] CONNECT: localhost/127.0.0.1:55697
&amp#27;[35m23-10-16 13:09:37:653&amp#27;[m [&amp#27;[34mDEBUG&amp#27;[m] Using new Channel '[id: 0x44fe0519, L:/127.0.0.1:58190 - R:localhost/127.0.0.1:55697]' for 'POST' to '/session'
&amp#27;[35m23-10-16 13:09:37:657&amp#27;[m [&amp#27;[30mTRACE&amp#27;[m] [id: 0x44fe0519, L:/127.0.0.1:58190 - R:localhost/127.0.0.1:55697] WRITE: 173B
         +-------------------------------------------------+
         |  0  1  2  3  4  5  6  7  8  9  a  b  c  d  e  f |
+--------+-------------------------------------------------+----------------+
|00000000| 50 4f 53 54 20 2f 73 65 73 73 69 6f 6e 20 48 54 |POST /session HT|
|00000010| 54 50 2f 31 2e 31 0d 0a 55 73 65 72 2d 41 67 65 |TP/1.1..User-Age|
|00000020| 6e 74 3a 20 73 65 6c 65 6e 69 75 6d 2f 34 2e 35 |nt: selenium/4.5|
|00000030| 2e 30 20 28 6a 61 76 61 20 77 69 6e 64 6f 77 73 |.0 (java windows|
|00000040| 29 0d 0a 43 6f 6e 74 65 6e 74 2d 4c 65 6e 67 74 |)..Content-Lengt|
|00000050| 68 3a 20 34 33 39 0d 0a 43 6f 6e 74 65 6e 74 2d |h: 439..Content-|
|00000060| 54 79 70 65 3a 20 61 70 70 6c 69 63 61 74 69 6f |Type: applicatio|
|00000070| 6e 2f 6a 73 6f 6e 3b 20 63 68 61 72 73 65 74 3d |n/json; charset=|
|00000080| 75 74 66 2d 38 0d 0a 68 6f 73 74 3a 20 6c 6f 63 |utf-8..host: loc|
|00000090| 61 6c 68 6f 73 74 3a 35 35 36 39 37 0d 0a 61 63 |alhost:55697..ac|
|000000a0| 63 65 70 74 3a 20 2a 2f 2a 0d 0a 0d 0a          |cept: */*....   |
+--------+-------------------------------------------------+----------------+
&amp#27;[35m23-10-16 13:09:37:662&amp#27;[m [&amp#27;[30mTRACE&amp#27;[m] [id: 0x44fe0519, L:/127.0.0.1:58190 - R:localhost/127.0.0.1:55697] WRITE: 439B
         +-------------------------------------------------+
         |  0  1  2  3  4  5  6  7  8  9  a  b  c  d  e  f |
+--------+-------------------------------------------------+----------------+
|00000000| 7b 0a 20 20 22 64 65 73 69 72 65 64 43 61 70 61 |{.  "desiredCapa|
|00000010| 62 69 6c 69 74 69 65 73 22 3a 20 7b 0a 20 20 20 |bilities": {.   |
|00000020| 20 22 62 72 6f 77 73 65 72 4e 61 6d 65 22 3a 20 | "browserName": |
|00000030| 22 63 68 72 6f 6d 65 22 2c 0a 20 20 20 20 22 67 |"chrome",.    "g|
|00000040| 6f 6f 67 3a 63 68 72 6f 6d 65 4f 70 74 69 6f 6e |oog:chromeOption|
|00000050| 73 22 3a 20 7b 0a 20 20 20 20 20 20 22 61 72 67 |s": {.      "arg|
|00000060| 73 22 3a 20 5b 0a 20 20 20 20 20 20 20 20 22 2d |s": [.        "-|
|00000070| 2d 72 65 6d 6f 74 65 2d 61 6c 6c 6f 77 2d 6f 72 |-remote-allow-or|
|00000080| 69 67 69 6e 73 3d 2a 22 0a 20 20 20 20 20 20 5d |igins=*".      ]|
|00000090| 2c 0a 20 20 20 20 20 20 22 65 78 74 65 6e 73 69 |,.      "extensi|
|000000a0| 6f 6e 73 22 3a 20 5b 0a 20 20 20 20 20 20 5d 0a |ons": [.      ].|
|000000b0| 20 20 20 20 7d 0a 20 20 7d 2c 0a 20 20 22 63 61 |    }.  },.  "ca|
|000000c0| 70 61 62 69 6c 69 74 69 65 73 22 3a 20 7b 0a 20 |pabilities": {. |
|000000d0| 20 20 20 22 66 69 72 73 74 4d 61 74 63 68 22 3a |   "firstMatch":|
|000000e0| 20 5b 0a 20 20 20 20 20 20 7b 0a 20 20 20 20 20 | [.      {.     |
|000000f0| 20 20 20 22 62 72 6f 77 73 65 72 4e 61 6d 65 22 |   "browserName"|
|00000100| 3a 20 22 63 68 72 6f 6d 65 22 2c 0a 20 20 20 20 |: "chrome",.    |
|00000110| 20 20 20 20 22 67 6f 6f 67 3a 63 68 72 6f 6d 65 |    "goog:chrome|
|00000120| 4f 70 74 69 6f 6e 73 22 3a 20 7b 0a 20 20 20 20 |Options": {.    |
|00000130| 20 20 20 20 20 20 22 61 72 67 73 22 3a 20 5b 0a |      "args": [.|
|00000140| 20 20 20 20 20 20 20 20 20 20 20 20 22 2d 2d 72 |            "--r|
|00000150| 65 6d 6f 74 65 2d 61 6c 6c 6f 77 2d 6f 72 69 67 |emote-allow-orig|
|00000160| 69 6e 73 3d 2a 22 0a 20 20 20 20 20 20 20 20 20 |ins=*".         |
|00000170| 20 5d 2c 0a 20 20 20 20 20 20 20 20 20 20 22 65 | ],.          "e|
|00000180| 78 74 65 6e 73 69 6f 6e 73 22 3a 20 5b 0a 20 20 |xtensions": [.  |
|00000190| 20 20 20 20 20 20 20 20 5d 0a 20 20 20 20 20 20 |        ].      |
|000001a0| 20 20 7d 0a 20 20 20 20 20 20 7d 0a 20 20 20 20 |  }.      }.    |
|000001b0| 5d 0a 20 20 7d 0a 7d                            |].  }.}         |
+--------+-------------------------------------------------+----------------+
&amp#27;[35m23-10-16 13:09:37:662&amp#27;[m [&amp#27;[30mTRACE&amp#27;[m] [id: 0x44fe0519, L:/127.0.0.1:58190 - R:localhost/127.0.0.1:55697] FLUSH
&amp#27;[35m23-10-16 13:09:37:662&amp#27;[m [&amp#27;[30mTRACE&amp#27;[m] [id: 0x44fe0519, L:/127.0.0.1:58190 - R:localhost/127.0.0.1:55697] WRITE: 0B
&amp#27;[35m23-10-16 13:09:37:663&amp#27;[m [&amp#27;[30mTRACE&amp#27;[m] [id: 0x44fe0519, L:/127.0.0.1:58190 - R:localhost/127.0.0.1:55697] FLUSH
&amp#27;[35m23-10-16 13:09:37:663&amp#27;[m [&amp#27;[30mTRACE&amp#27;[m] [id: 0x44fe0519, L:/127.0.0.1:58190 - R:localhost/127.0.0.1:55697] ACTIVE
&amp#27;[35m23-10-16 13:09:38:653&amp#27;[m [&amp#27;[30mTRACE&amp#27;[m] [id: 0x44fe0519, L:/127.0.0.1:58190 - R:localhost/127.0.0.1:55697] READ: 991B
         +-------------------------------------------------+
         |  0  1  2  3  4  5  6  7  8  9  a  b  c  d  e  f |
+--------+-------------------------------------------------+----------------+
|00000000| 48 54 54 50 2f 31 2e 31 20 32 30 30 20 4f 4b 0d |HTTP/1.1 200 OK.|
|00000010| 0a 43 6f 6e 74 65 6e 74 2d 4c 65 6e 67 74 68 3a |.Content-Length:|
|00000020| 38 38 32 0d 0a 43 6f 6e 74 65 6e 74 2d 54 79 70 |882..Content-Typ|
|00000030| 65 3a 61 70 70 6c 69 63 61 74 69 6f 6e 2f 6a 73 |e:application/js|
|00000040| 6f 6e 3b 20 63 68 61 72 73 65 74 3d 75 74 66 2d |on; charset=utf-|
|00000050| 38 0d 0a 63 61 63 68 65 2d 63 6f 6e 74 72 6f 6c |8..cache-control|
|00000060| 3a 6e 6f 2d 63 61 63 68 65 0d 0a 0d 0a 7b 22 76 |:no-cache....{"v|
|00000070| 61 6c 75 65 22 3a 7b 22 63 61 70 61 62 69 6c 69 |alue":{"capabili|
|00000080| 74 69 65 73 22 3a 7b 22 61 63 63 65 70 74 49 6e |ties":{"acceptIn|
|00000090| 73 65 63 75 72 65 43 65 72 74 73 22 3a 66 61 6c |secureCerts":fal|
|000000a0| 73 65 2c 22 62 72 6f 77 73 65 72 4e 61 6d 65 22 |se,"browserName"|
|000000b0| 3a 22 63 68 72 6f 6d 65 22 2c 22 62 72 6f 77 73 |:"chrome","brows|
|000000c0| 65 72 56 65 72 73 69 6f 6e 22 3a 22 31 31 38 2e |erVersion":"118.|
|000000d0| 30 2e 35 39 39 33 2e 37 30 22 2c 22 63 68 72 6f |0.5993.70","chro|
|000000e0| 6d 65 22 3a 7b 22 63 68 72 6f 6d 65 64 72 69 76 |me":{"chromedriv|
|000000f0| 65 72 56 65 72 73 69 6f 6e 22 3a 22 31 31 37 2e |erVersion":"117.|
|00000100| 30 2e 35 39 33 38 2e 31 34 39 20 28 65 33 33 34 |0.5938.149 (e334|
|00000110| 34 64 64 65 66 61 31 32 65 36 30 34 33 36 66 61 |4ddefa12e60436fa|
|00000120| 32 38 63 38 31 63 66 32 30 37 63 31 61 66 62 34 |28c81cf207c1afb4|
|00000130| 64 30 61 39 2d 72 65 66 73 2f 62 72 61 6e 63 68 |d0a9-refs/branch|
|00000140| 2d 68 65 61 64 73 2f 35 39 33 38 40 7b 23 31 35 |-heads/5938@{#15|
|00000150| 33 39 7d 29 22 2c 22 75 73 65 72 44 61 74 61 44 |39})","userDataD|
|00000160| 69 72 22 3a 22 43 3a 5c 5c 55 73 65 72 73 5c 5c |ir":"C:\\Users\\|
|00000170| 6f 77 6e 65 72 5c 5c 41 70 70 44 61 74 61 5c 5c |owner\\AppData\\|
|00000180| 4c 6f 63 61 6c 5c 5c 54 65 6d 70 5c 5c 73 63 6f |Local\\Temp\\sco|
|00000190| 70 65 64 5f 64 69 72 38 39 33 32 5f 31 37 31 37 |ped_dir8932_1717|
|000001a0| 31 30 38 35 35 34 22 7d 2c 22 66 65 64 63 6d 3a |108554"},"fedcm:|
|000001b0| 61 63 63 6f 75 6e 74 73 22 3a 74 72 75 65 2c 22 |accounts":true,"|
|000001c0| 67 6f 6f 67 3a 63 68 72 6f 6d 65 4f 70 74 69 6f |goog:chromeOptio|
|000001d0| 6e 73 22 3a 7b 22 64 65 62 75 67 67 65 72 41 64 |ns":{"debuggerAd|
|000001e0| 64 72 65 73 73 22 3a 22 6c 6f 63 61 6c 68 6f 73 |dress":"localhos|
|000001f0| 74 3a 35 38 31 39 31 22 7d 2c 22 6e 65 74 77 6f |t:58191"},"netwo|
|00000200| 72 6b 43 6f 6e 6e 65 63 74 69 6f 6e 45 6e 61 62 |rkConnectionEnab|
|00000210| 6c 65 64 22 3a 66 61 6c 73 65 2c 22 70 61 67 65 |led":false,"page|
|00000220| 4c 6f 61 64 53 74 72 61 74 65 67 79 22 3a 22 6e |LoadStrategy":"n|
|00000230| 6f 72 6d 61 6c 22 2c 22 70 6c 61 74 66 6f 72 6d |ormal","platform|
|00000240| 4e 61 6d 65 22 3a 22 77 69 6e 64 6f 77 73 22 2c |Name":"windows",|
|00000250| 22 70 72 6f 78 79 22 3a 7b 7d 2c 22 73 65 74 57 |"proxy":{},"setW|
|00000260| 69 6e 64 6f 77 52 65 63 74 22 3a 74 72 75 65 2c |indowRect":true,|
|00000270| 22 73 74 72 69 63 74 46 69 6c 65 49 6e 74 65 72 |"strictFileInter|
|00000280| 61 63 74 61 62 69 6c 69 74 79 22 3a 66 61 6c 73 |actability":fals|
|00000290| 65 2c 22 74 69 6d 65 6f 75 74 73 22 3a 7b 22 69 |e,"timeouts":{"i|
|000002a0| 6d 70 6c 69 63 69 74 22 3a 30 2c 22 70 61 67 65 |mplicit":0,"page|
|000002b0| 4c 6f 61 64 22 3a 33 30 30 30 30 30 2c 22 73 63 |Load":300000,"sc|
|000002c0| 72 69 70 74 22 3a 33 30 30 30 30 7d 2c 22 75 6e |ript":30000},"un|
|000002d0| 68 61 6e 64 6c 65 64 50 72 6f 6d 70 74 42 65 68 |handledPromptBeh|
|000002e0| 61 76 69 6f 72 22 3a 22 64 69 73 6d 69 73 73 20 |avior":"dismiss |
|000002f0| 61 6e 64 20 6e 6f 74 69 66 79 22 2c 22 77 65 62 |and notify","web|
|00000300| 61 75 74 68 6e 3a 65 78 74 65 6e 73 69 6f 6e 3a |authn:extension:|
|00000310| 63 72 65 64 42 6c 6f 62 22 3a 74 72 75 65 2c 22 |credBlob":true,"|
|00000320| 77 65 62 61 75 74 68 6e 3a 65 78 74 65 6e 73 69 |webauthn:extensi|
|00000330| 6f 6e 3a 6c 61 72 67 65 42 6c 6f 62 22 3a 74 72 |on:largeBlob":tr|
|00000340| 75 65 2c 22 77 65 62 61 75 74 68 6e 3a 65 78 74 |ue,"webauthn:ext|
|00000350| 65 6e 73 69 6f 6e 3a 6d 69 6e 50 69 6e 4c 65 6e |ension:minPinLen|
|00000360| 67 74 68 22 3a 74 72 75 65 2c 22 77 65 62 61 75 |gth":true,"webau|
|00000370| 74 68 6e 3a 65 78 74 65 6e 73 69 6f 6e 3a 70 72 |thn:extension:pr|
|00000380| 66 22 3a 74 72 75 65 2c 22 77 65 62 61 75 74 68 |f":true,"webauth|
|00000390| 6e 3a 76 69 72 74 75 61 6c 41 75 74 68 65 6e 74 |n:virtualAuthent|
|000003a0| 69 63 61 74 6f 72 73 22 3a 74 72 75 65 7d 2c 22 |icators":true},"|
|000003b0| 73 65 73 73 69 6f 6e 49 64 22 3a 22 37 62 31 35 |sessionId":"7b15|
|000003c0| 61 36 64 31 65 37 36 36 36 30 66 39 61 33 33 32 |a6d1e76660f9a332|
|000003d0| 39 36 64 65 38 61 63 64 63 36 65 62 22 7d 7d    |96de8acdc6eb"}} |
+--------+-------------------------------------------------+----------------+
&amp#27;[35m23-10-16 13:09:38:655&amp#27;[m [&amp#27;[34mDEBUG&amp#27;[m] 

Request DefaultHttpRequest(decodeResult: success, version: HTTP/1.1)
POST /session HTTP/1.1
User-Agent: selenium/4.5.0 (java windows)
Content-Length: 439
Content-Type: application/json; charset=utf-8
host: localhost:55697
accept: */*

Response DefaultHttpResponse(decodeResult: success, version: HTTP/1.1)
HTTP/1.1 200 OK
Content-Type: application/json; charset=utf-8
cache-control: no-cache
content-length: 882

&amp#27;[35m23-10-16 13:09:38:655&amp#27;[m [&amp#27;[34mDEBUG&amp#27;[m] Adding key: http://localhost:55697 for channel [id: 0x44fe0519, L:/127.0.0.1:58190 - R:localhost/127.0.0.1:55697]
&amp#27;[35m23-10-16 13:09:38:656&amp#27;[m [&amp#27;[30mTRACE&amp#27;[m] [id: 0x44fe0519, L:/127.0.0.1:58190 - R:localhost/127.0.0.1:55697] READ COMPLETE
&amp#27;[35m23-10-16 13:09:38:682&amp#27;[m [&amp#27;[30mTRACE&amp#27;[m] [id: 0xf56b8d89] REGISTERED
&amp#27;[35m23-10-16 13:09:38:682&amp#27;[m [&amp#27;[30mTRACE&amp#27;[m] [id: 0xf56b8d89] CONNECT: localhost/127.0.0.1:58191
&amp#27;[35m23-10-16 13:09:38:683&amp#27;[m [&amp#27;[34mDEBUG&amp#27;[m] Using new Channel '[id: 0xf56b8d89, L:/127.0.0.1:58196 - R:localhost/127.0.0.1:58191]' for 'GET' to '/json/version'
&amp#27;[35m23-10-16 13:09:38:686&amp#27;[m [&amp#27;[30mTRACE&amp#27;[m] [id: 0xf56b8d89, L:/127.0.0.1:58196 - R:localhost/127.0.0.1:58191] WRITE: 109B
         +-------------------------------------------------+
         |  0  1  2  3  4  5  6  7  8  9  a  b  c  d  e  f |
+--------+-------------------------------------------------+----------------+
|00000000| 47 45 54 20 2f 6a 73 6f 6e 2f 76 65 72 73 69 6f |GET /json/versio|
|00000010| 6e 20 48 54 54 50 2f 31 2e 31 0d 0a 55 73 65 72 |n HTTP/1.1..User|
|00000020| 2d 41 67 65 6e 74 3a 20 73 65 6c 65 6e 69 75 6d |-Agent: selenium|
|00000030| 2f 34 2e 35 2e 30 20 28 6a 61 76 61 20 77 69 6e |/4.5.0 (java win|
|00000040| 64 6f 77 73 29 0d 0a 68 6f 73 74 3a 20 6c 6f 63 |dows)..host: loc|
|00000050| 61 6c 68 6f 73 74 3a 35 38 31 39 31 0d 0a 61 63 |alhost:58191..ac|
|00000060| 63 65 70 74 3a 20 2a 2f 2a 0d 0a 0d 0a          |cept: */*....   |
+--------+-------------------------------------------------+----------------+
&amp#27;[35m23-10-16 13:09:38:687&amp#27;[m [&amp#27;[30mTRACE&amp#27;[m] [id: 0xf56b8d89, L:/127.0.0.1:58196 - R:localhost/127.0.0.1:58191] FLUSH
&amp#27;[35m23-10-16 13:09:38:687&amp#27;[m [&amp#27;[30mTRACE&amp#27;[m] [id: 0xf56b8d89, L:/127.0.0.1:58196 - R:localhost/127.0.0.1:58191] ACTIVE
&amp#27;[35m23-10-16 13:09:38:688&amp#27;[m [&amp#27;[30mTRACE&amp#27;[m] [id: 0xf56b8d89, L:/127.0.0.1:58196 - R:localhost/127.0.0.1:58191] READ: 556B
         +-------------------------------------------------+
         |  0  1  2  3  4  5  6  7  8  9  a  b  c  d  e  f |
+--------+-------------------------------------------------+----------------+
|00000000| 48 54 54 50 2f 31 2e 31 20 32 30 30 20 4f 4b 0d |HTTP/1.1 200 OK.|
|00000010| 0a 43 6f 6e 74 65 6e 74 2d 53 65 63 75 72 69 74 |.Content-Securit|
|00000020| 79 2d 50 6f 6c 69 63 79 3a 66 72 61 6d 65 2d 61 |y-Policy:frame-a|
|00000030| 6e 63 65 73 74 6f 72 73 20 27 6e 6f 6e 65 27 0d |ncestors 'none'.|
|00000040| 0a 43 6f 6e 74 65 6e 74 2d 4c 65 6e 67 74 68 3a |.Content-Length:|
|00000050| 34 32 33 0d 0a 43 6f 6e 74 65 6e 74 2d 54 79 70 |423..Content-Typ|
|00000060| 65 3a 61 70 70 6c 69 63 61 74 69 6f 6e 2f 6a 73 |e:application/js|
|00000070| 6f 6e 3b 20 63 68 61 72 73 65 74 3d 55 54 46 2d |on; charset=UTF-|
|00000080| 38 0d 0a 0d 0a 7b 0d 0a 20 20 20 22 42 72 6f 77 |8....{..   "Brow|
|00000090| 73 65 72 22 3a 20 22 43 68 72 6f 6d 65 2f 31 31 |ser": "Chrome/11|
|000000a0| 38 2e 30 2e 35 39 39 33 2e 37 30 22 2c 0d 0a 20 |8.0.5993.70",.. |
|000000b0| 20 20 22 50 72 6f 74 6f 63 6f 6c 2d 56 65 72 73 |  "Protocol-Vers|
|000000c0| 69 6f 6e 22 3a 20 22 31 2e 33 22 2c 0d 0a 20 20 |ion": "1.3",..  |
|000000d0| 20 22 55 73 65 72 2d 41 67 65 6e 74 22 3a 20 22 | "User-Agent": "|
|000000e0| 4d 6f 7a 69 6c 6c 61 2f 35 2e 30 20 28 57 69 6e |Mozilla/5.0 (Win|
|000000f0| 64 6f 77 73 20 4e 54 20 31 30 2e 30 3b 20 57 69 |dows NT 10.0; Wi|
|00000100| 6e 36 34 3b 20 78 36 34 29 20 41 70 70 6c 65 57 |n64; x64) AppleW|
|00000110| 65 62 4b 69 74 2f 35 33 37 2e 33 36 20 28 4b 48 |ebKit/537.36 (KH|
|00000120| 54 4d 4c 2c 20 6c 69 6b 65 20 47 65 63 6b 6f 29 |TML, like Gecko)|
|00000130| 20 43 68 72 6f 6d 65 2f 31 31 38 2e 30 2e 30 2e | Chrome/118.0.0.|
|00000140| 30 20 53 61 66 61 72 69 2f 35 33 37 2e 33 36 22 |0 Safari/537.36"|
|00000150| 2c 0d 0a 20 20 20 22 56 38 2d 56 65 72 73 69 6f |,..   "V8-Versio|
|00000160| 6e 22 3a 20 22 31 31 2e 38 2e 31 37 32 2e 31 35 |n": "11.8.172.15|
|00000170| 22 2c 0d 0a 20 20 20 22 57 65 62 4b 69 74 2d 56 |",..   "WebKit-V|
|00000180| 65 72 73 69 6f 6e 22 3a 20 22 35 33 37 2e 33 36 |ersion": "537.36|
|00000190| 20 28 40 65 35 32 66 33 33 66 33 30 62 39 31 62 | (@e52f33f30b91b|
|000001a0| 34 64 64 66 61 64 36 34 39 61 63 64 64 63 33 39 |4ddfad649acddc39|
|000001b0| 61 62 35 37 30 34 37 33 62 38 36 29 22 2c 0d 0a |ab570473b86)",..|
|000001c0| 20 20 20 22 77 65 62 53 6f 63 6b 65 74 44 65 62 |   "webSocketDeb|
|000001d0| 75 67 67 65 72 55 72 6c 22 3a 20 22 77 73 3a 2f |uggerUrl": "ws:/|
|000001e0| 2f 6c 6f 63 61 6c 68 6f 73 74 3a 35 38 31 39 31 |/localhost:58191|
|000001f0| 2f 64 65 76 74 6f 6f 6c 73 2f 62 72 6f 77 73 65 |/devtools/browse|
|00000200| 72 2f 65 62 35 30 39 34 36 34 2d 66 31 35 36 2d |r/eb509464-f156-|
|00000210| 34 66 62 39 2d 62 65 32 34 2d 38 65 31 37 66 38 |4fb9-be24-8e17f8|
|00000220| 64 62 63 36 30 32 22 0d 0a 7d 0d 0a             |dbc602"..}..    |
+--------+-------------------------------------------------+----------------+
&amp#27;[35m23-10-16 13:09:38:688&amp#27;[m [&amp#27;[34mDEBUG&amp#27;[m] 

Request DefaultFullHttpRequest(decodeResult: success, version: HTTP/1.1, content: EmptyByteBufBE)
GET /json/version HTTP/1.1
User-Agent: selenium/4.5.0 (java windows)
host: localhost:58191
accept: */*

Response DefaultHttpResponse(decodeResult: success, version: HTTP/1.1)
HTTP/1.1 200 OK
Content-Security-Policy: frame-ancestors 'none'
Content-Type: application/json; charset=UTF-8
content-length: 423

&amp#27;[35m23-10-16 13:09:38:688&amp#27;[m [&amp#27;[34mDEBUG&amp#27;[m] Adding key: http://localhost:58191 for channel [id: 0xf56b8d89, L:/127.0.0.1:58196 - R:localhost/127.0.0.1:58191]
&amp#27;[35m23-10-16 13:09:38:689&amp#27;[m [&amp#27;[30mTRACE&amp#27;[m] [id: 0xf56b8d89, L:/127.0.0.1:58196 - R:localhost/127.0.0.1:58191] READ COMPLETE
&amp#27;[35m23-10-16 13:09:38:692&amp#27;[m [&amp#27;[30mTRACE&amp#27;[m] [id: 0xeabbd1e2] REGISTERED
&amp#27;[35m23-10-16 13:09:38:692&amp#27;[m [&amp#27;[30mTRACE&amp#27;[m] [id: 0xeabbd1e2] CONNECT: localhost/127.0.0.1:58191
&amp#27;[35m23-10-16 13:09:38:693&amp#27;[m [&amp#27;[34mDEBUG&amp#27;[m] Entry count for : http://localhost:55697 : 1
&amp#27;[35m23-10-16 13:09:38:693&amp#27;[m [&amp#27;[34mDEBUG&amp#27;[m] Using new Channel '[id: 0xeabbd1e2, L:/127.0.0.1:58197 - R:localhost/127.0.0.1:58191]' for 'GET' to '/devtools/browser/eb509464-f156-4fb9-be24-8e17f8dbc602'
&amp#27;[35m23-10-16 13:09:38:693&amp#27;[m [&amp#27;[34mDEBUG&amp#27;[m] Entry count for : http://localhost:58191 : 1
&amp#27;[35m23-10-16 13:09:38:696&amp#27;[m [&amp#27;[30mTRACE&amp#27;[m] [id: 0xeabbd1e2, L:/127.0.0.1:58197 - R:localhost/127.0.0.1:58191] WRITE: 273B
         +-------------------------------------------------+
         |  0  1  2  3  4  5  6  7  8  9  a  b  c  d  e  f |
+--------+-------------------------------------------------+----------------+
|00000000| 47 45 54 20 2f 64 65 76 74 6f 6f 6c 73 2f 62 72 |GET /devtools/br|
|00000010| 6f 77 73 65 72 2f 65 62 35 30 39 34 36 34 2d 66 |owser/eb509464-f|
|00000020| 31 35 36 2d 34 66 62 39 2d 62 65 32 34 2d 38 65 |156-4fb9-be24-8e|
|00000030| 31 37 66 38 64 62 63 36 30 32 20 48 54 54 50 2f |17f8dbc602 HTTP/|
|00000040| 31 2e 31 0d 0a 75 70 67 72 61 64 65 3a 20 77 65 |1.1..upgrade: we|
|00000050| 62 73 6f 63 6b 65 74 0d 0a 63 6f 6e 6e 65 63 74 |bsocket..connect|
|00000060| 69 6f 6e 3a 20 75 70 67 72 61 64 65 0d 0a 73 65 |ion: upgrade..se|
|00000070| 63 2d 77 65 62 73 6f 63 6b 65 74 2d 6b 65 79 3a |c-websocket-key:|
|00000080| 20 76 56 73 53 34 2f 66 44 51 39 6f 4e 75 6b 6a | vVsS4/fDQ9oNukj|
|00000090| 54 4d 73 43 32 42 41 3d 3d 0d 0a 73 65 63 2d 77 |TMsC2BA==..sec-w|
|000000a0| 65 62 73 6f 63 6b 65 74 2d 76 65 72 73 69 6f 6e |ebsocket-version|
|000000b0| 3a 20 31 33 0d 0a 6f 72 69 67 69 6e 3a 20 68 74 |: 13..origin: ht|
|000000c0| 74 70 3a 2f 2f 6c 6f 63 61 6c 68 6f 73 74 3a 35 |tp://localhost:5|
|000000d0| 38 31 39 31 0d 0a 68 6f 73 74 3a 20 6c 6f 63 61 |8191..host: loca|
|000000e0| 6c 68 6f 73 74 3a 35 38 31 39 31 0d 0a 61 63 63 |lhost:58191..acc|
|000000f0| 65 70 74 3a 20 2a 2f 2a 0d 0a 75 73 65 72 2d 61 |ept: */*..user-a|
|00000100| 67 65 6e 74 3a 20 41 48 43 2f 32 2e 31 0d 0a 0d |gent: AHC/2.1...|
|00000110| 0a                                              |.               |
+--------+-------------------------------------------------+----------------+
&amp#27;[35m23-10-16 13:09:38:696&amp#27;[m [&amp#27;[30mTRACE&amp#27;[m] [id: 0xeabbd1e2, L:/127.0.0.1:58197 - R:localhost/127.0.0.1:58191] FLUSH
&amp#27;[35m23-10-16 13:09:38:696&amp#27;[m [&amp#27;[30mTRACE&amp#27;[m] [id: 0xeabbd1e2, L:/127.0.0.1:58197 - R:localhost/127.0.0.1:58191] ACTIVE
&amp#27;[35m23-10-16 13:09:38:697&amp#27;[m [&amp#27;[30mTRACE&amp#27;[m] [id: 0xeabbd1e2, L:/127.0.0.1:58197 - R:localhost/127.0.0.1:58191] READ: 138B
         +-------------------------------------------------+
         |  0  1  2  3  4  5  6  7  8  9  a  b  c  d  e  f |
+--------+-------------------------------------------------+----------------+
|00000000| 48 54 54 50 2f 31 2e 31 20 31 30 31 20 57 65 62 |HTTP/1.1 101 Web|
|00000010| 53 6f 63 6b 65 74 20 50 72 6f 74 6f 63 6f 6c 20 |Socket Protocol |
|00000020| 48 61 6e 64 73 68 61 6b 65 0d 0a 55 70 67 72 61 |Handshake..Upgra|
|00000030| 64 65 3a 20 57 65 62 53 6f 63 6b 65 74 0d 0a 43 |de: WebSocket..C|
|00000040| 6f 6e 6e 65 63 74 69 6f 6e 3a 20 55 70 67 72 61 |onnection: Upgra|
|00000050| 64 65 0d 0a 53 65 63 2d 57 65 62 53 6f 63 6b 65 |de..Sec-WebSocke|
|00000060| 74 2d 41 63 63 65 70 74 3a 20 2f 55 68 70 50 45 |t-Accept: /UhpPE|
|00000070| 6e 4f 56 6c 48 56 74 2b 5a 49 31 42 58 55 6f 6b |nOVlHVt+ZI1BXUok|
|00000080| 76 73 76 42 49 3d 0d 0a 0d 0a                   |vsvBI=....      |
+--------+-------------------------------------------------+----------------+
&amp#27;[35m23-10-16 13:09:38:697&amp#27;[m [&amp#27;[34mDEBUG&amp#27;[m] 

Request DefaultFullHttpRequest(decodeResult: success, version: HTTP/1.1, content: EmptyByteBufBE)
GET /devtools/browser/eb509464-f156-4fb9-be24-8e17f8dbc602 HTTP/1.1
upgrade: websocket
connection: upgrade
sec-websocket-key: vVsS4/fDQ9oNukjTMsC2BA==
sec-websocket-version: 13
origin: http://localhost:58191
host: localhost:58191
accept: */*
user-agent: AHC/2.1

Response DefaultHttpResponse(decodeResult: success, version: HTTP/1.1)
HTTP/1.1 101 WebSocket Protocol Handshake
Upgrade: WebSocket
Connection: Upgrade
Sec-WebSocket-Accept: /UhpPEnOVlHVt+ZI1BXUokvsvBI=

&amp#27;[35m23-10-16 13:09:38:698&amp#27;[m [&amp#27;[30mTRACE&amp#27;[m] [id: 0xeabbd1e2, L:/127.0.0.1:58197 - R:localhost/127.0.0.1:58191] READ COMPLETE
&amp#27;[35m23-10-16 13:09:38:702&amp#27;[m [&amp#27;[34mDEBUG&amp#27;[m] Using pooled Channel '[id: 0x44fe0519, L:/127.0.0.1:58190 - R:localhost/127.0.0.1:55697]' for 'POST' to 'http://localhost:55697/session/7b15a6d1e76660f9a33296de8acdc6eb/url'
&amp#27;[35m23-10-16 13:09:38:703&amp#27;[m [&amp#27;[34mDEBUG&amp#27;[m] Using open Channel [id: 0x44fe0519, L:/127.0.0.1:58190 - R:localhost/127.0.0.1:55697] for POST '/session/7b15a6d1e76660f9a33296de8acdc6eb/url'
&amp#27;[35m23-10-16 13:09:38:703&amp#27;[m [&amp#27;[30mTRACE&amp#27;[m] [id: 0x44fe0519, L:/127.0.0.1:58190 - R:localhost/127.0.0.1:55697] WRITE: 209B
         +-------------------------------------------------+
         |  0  1  2  3  4  5  6  7  8  9  a  b  c  d  e  f |
+--------+-------------------------------------------------+----------------+
|00000000| 50 4f 53 54 20 2f 73 65 73 73 69 6f 6e 2f 37 62 |POST /session/7b|
|00000010| 31 35 61 36 64 31 65 37 36 36 36 30 66 39 61 33 |15a6d1e76660f9a3|
|00000020| 33 32 39 36 64 65 38 61 63 64 63 36 65 62 2f 75 |3296de8acdc6eb/u|
|00000030| 72 6c 20 48 54 54 50 2f 31 2e 31 0d 0a 55 73 65 |rl HTTP/1.1..Use|
|00000040| 72 2d 41 67 65 6e 74 3a 20 73 65 6c 65 6e 69 75 |r-Agent: seleniu|
|00000050| 6d 2f 34 2e 35 2e 30 20 28 6a 61 76 61 20 77 69 |m/4.5.0 (java wi|
|00000060| 6e 64 6f 77 73 29 0d 0a 43 6f 6e 74 65 6e 74 2d |ndows)..Content-|
|00000070| 4c 65 6e 67 74 68 3a 20 36 39 0d 0a 43 6f 6e 74 |Length: 69..Cont|
|00000080| 65 6e 74 2d 54 79 70 65 3a 20 61 70 70 6c 69 63 |ent-Type: applic|
|00000090| 61 74 69 6f 6e 2f 6a 73 6f 6e 3b 20 63 68 61 72 |ation/json; char|
|000000a0| 73 65 74 3d 75 74 66 2d 38 0d 0a 68 6f 73 74 3a |set=utf-8..host:|
|000000b0| 20 6c 6f 63 61 6c 68 6f 73 74 3a 35 35 36 39 37 | localhost:55697|
|000000c0| 0d 0a 61 63 63 65 70 74 3a 20 2a 2f 2a 0d 0a 0d |..accept: */*...|
|000000d0| 0a                                              |.               |
+--------+-------------------------------------------------+----------------+
&amp#27;[35m23-10-16 13:09:38:704&amp#27;[m [&amp#27;[30mTRACE&amp#27;[m] [id: 0x44fe0519, L:/127.0.0.1:58190 - R:localhost/127.0.0.1:55697] WRITE: 69B
         +-------------------------------------------------+
         |  0  1  2  3  4  5  6  7  8  9  a  b  c  d  e  f |
+--------+-------------------------------------------------+----------------+
|00000000| 7b 0a 20 20 22 75 72 6c 22 3a 20 22 68 74 74 70 |{.  "url": "http|
|00000010| 73 3a 5c 75 30 30 32 66 5c 75 30 30 32 66 6c 6f |s:\u002f\u002flo|
|00000020| 67 69 6e 2e 73 61 6c 65 73 66 6f 72 63 65 2e 63 |gin.salesforce.c|
|00000030| 6f 6d 5c 75 30 30 32 66 3f 6c 6f 63 61 6c 65 3d |om\u002f?locale=|
|00000040| 65 75 22 0a 7d                                  |eu".}           |
+--------+-------------------------------------------------+----------------+
&amp#27;[35m23-10-16 13:09:38:704&amp#27;[m [&amp#27;[30mTRACE&amp#27;[m] [id: 0x44fe0519, L:/127.0.0.1:58190 - R:localhost/127.0.0.1:55697] FLUSH
&amp#27;[35m23-10-16 13:09:38:704&amp#27;[m [&amp#27;[30mTRACE&amp#27;[m] [id: 0x44fe0519, L:/127.0.0.1:58190 - R:localhost/127.0.0.1:55697] WRITE: 0B
&amp#27;[35m23-10-16 13:09:38:705&amp#27;[m [&amp#27;[30mTRACE&amp#27;[m] [id: 0x44fe0519, L:/127.0.0.1:58190 - R:localhost/127.0.0.1:55697] FLUSH
&amp#27;[35m23-10-16 13:09:39:792&amp#27;[m [&amp#27;[34mDEBUG&amp#27;[m] Entry count for : http://localhost:58191 : 1
&amp#27;[35m23-10-16 13:09:40:893&amp#27;[m [&amp#27;[34mDEBUG&amp#27;[m] Entry count for : http://localhost:58191 : 1
&amp#27;[35m23-10-16 13:09:41:995&amp#27;[m [&amp#27;[34mDEBUG&amp#27;[m] Entry count for : http://localhost:58191 : 1
&amp#27;[35m23-10-16 13:09:43:093&amp#27;[m [&amp#27;[34mDEBUG&amp#27;[m] Entry count for : http://localhost:58191 : 1
&amp#27;[35m23-10-16 13:09:44:194&amp#27;[m [&amp#27;[34mDEBUG&amp#27;[m] Entry count for : http://localhost:58191 : 1
&amp#27;[35m23-10-16 13:09:44:705&amp#27;[m [&amp#27;[30mTRACE&amp#27;[m] [id: 0x44fe0519, L:/127.0.0.1:58190 - R:localhost/127.0.0.1:55697] READ: 122B
         +-------------------------------------------------+
         |  0  1  2  3  4  5  6  7  8  9  a  b  c  d  e  f |
+--------+-------------------------------------------------+----------------+
|00000000| 48 54 54 50 2f 31 2e 31 20 32 30 30 20 4f 4b 0d |HTTP/1.1 200 OK.|
|00000010| 0a 43 6f 6e 74 65 6e 74 2d 4c 65 6e 67 74 68 3a |.Content-Length:|
|00000020| 31 34 0d 0a 43 6f 6e 74 65 6e 74 2d 54 79 70 65 |14..Content-Type|
|00000030| 3a 61 70 70 6c 69 63 61 74 69 6f 6e 2f 6a 73 6f |:application/jso|
|00000040| 6e 3b 20 63 68 61 72 73 65 74 3d 75 74 66 2d 38 |n; charset=utf-8|
|00000050| 0d 0a 63 61 63 68 65 2d 63 6f 6e 74 72 6f 6c 3a |..cache-control:|
|00000060| 6e 6f 2d 63 61 63 68 65 0d 0a 0d 0a 7b 22 76 61 |no-cache....{"va|
|00000070| 6c 75 65 22 3a 6e 75 6c 6c 7d                   |lue":null}      |
+--------+-------------------------------------------------+----------------+
&amp#27;[35m23-10-16 13:09:44:706&amp#27;[m [&amp#27;[34mDEBUG&amp#27;[m] 

Request DefaultHttpRequest(decodeResult: success, version: HTTP/1.1)
POST /session/7b15a6d1e76660f9a33296de8acdc6eb/url HTTP/1.1
User-Agent: selenium/4.5.0 (java windows)
Content-Length: 69
Content-Type: application/json; charset=utf-8
host: localhost:55697
accept: */*

Response DefaultHttpResponse(decodeResult: success, version: HTTP/1.1)
HTTP/1.1 200 OK
Content-Type: application/json; charset=utf-8
cache-control: no-cache
content-length: 14

&amp#27;[35m23-10-16 13:09:44:706&amp#27;[m [&amp#27;[34mDEBUG&amp#27;[m] Adding key: http://localhost:55697 for channel [id: 0x44fe0519, L:/127.0.0.1:58190 - R:localhost/127.0.0.1:55697]
&amp#27;[35m23-10-16 13:09:44:706&amp#27;[m [&amp#27;[30mTRACE&amp#27;[m] [id: 0x44fe0519, L:/127.0.0.1:58190 - R:localhost/127.0.0.1:55697] READ COMPLETE
&amp#27;[35m23-10-16 13:09:44:710&amp#27;[m [&amp#27;[34mDEBUG&amp#27;[m] Using pooled Channel '[id: 0x44fe0519, L:/127.0.0.1:58190 - R:localhost/127.0.0.1:55697]' for 'POST' to 'http://localhost:55697/session/7b15a6d1e76660f9a33296de8acdc6eb/url'
&amp#27;[35m23-10-16 13:09:44:710&amp#27;[m [&amp#27;[34mDEBUG&amp#27;[m] Using open Channel [id: 0x44fe0519, L:/127.0.0.1:58190 - R:localhost/127.0.0.1:55697] for POST '/session/7b15a6d1e76660f9a33296de8acdc6eb/url'
&amp#27;[35m23-10-16 13:09:44:711&amp#27;[m [&amp#27;[30mTRACE&amp#27;[m] [id: 0x44fe0519, L:/127.0.0.1:58190 - R:localhost/127.0.0.1:55697] WRITE: 209B
         +-------------------------------------------------+
         |  0  1  2  3  4  5  6  7  8  9  a  b  c  d  e  f |
+--------+-------------------------------------------------+----------------+
|00000000| 50 4f 53 54 20 2f 73 65 73 73 69 6f 6e 2f 37 62 |POST /session/7b|
|00000010| 31 35 61 36 64 31 65 37 36 36 36 30 66 39 61 33 |15a6d1e76660f9a3|
|00000020| 33 32 39 36 64 65 38 61 63 64 63 36 65 62 2f 75 |3296de8acdc6eb/u|
|00000030| 72 6c 20 48 54 54 50 2f 31 2e 31 0d 0a 55 73 65 |rl HTTP/1.1..Use|
|00000040| 72 2d 41 67 65 6e 74 3a 20 73 65 6c 65 6e 69 75 |r-Agent: seleniu|
|00000050| 6d 2f 34 2e 35 2e 30 20 28 6a 61 76 61 20 77 69 |m/4.5.0 (java wi|
|00000060| 6e 64 6f 77 73 29 0d 0a 43 6f 6e 74 65 6e 74 2d |ndows)..Content-|
|00000070| 4c 65 6e 67 74 68 3a 20 36 39 0d 0a 43 6f 6e 74 |Length: 69..Cont|
|00000080| 65 6e 74 2d 54 79 70 65 3a 20 61 70 70 6c 69 63 |ent-Type: applic|
|00000090| 61 74 69 6f 6e 2f 6a 73 6f 6e 3b 20 63 68 61 72 |ation/json; char|
|000000a0| 73 65 74 3d 75 74 66 2d 38 0d 0a 68 6f 73 74 3a |set=utf-8..host:|
|000000b0| 20 6c 6f 63 61 6c 68 6f 73 74 3a 35 35 36 39 37 | localhost:55697|
|000000c0| 0d 0a 61 63 63 65 70 74 3a 20 2a 2f 2a 0d 0a 0d |..accept: */*...|
|000000d0| 0a                                              |.               |
+--------+-------------------------------------------------+----------------+
&amp#27;[35m23-10-16 13:09:44:712&amp#27;[m [&amp#27;[30mTRACE&amp#27;[m] [id: 0x44fe0519, L:/127.0.0.1:58190 - R:localhost/127.0.0.1:55697] WRITE: 69B
         +-------------------------------------------------+
         |  0  1  2  3  4  5  6  7  8  9  a  b  c  d  e  f |
+--------+-------------------------------------------------+----------------+
|00000000| 7b 0a 20 20 22 75 72 6c 22 3a 20 22 68 74 74 70 |{.  "url": "http|
|00000010| 73 3a 5c 75 30 30 32 66 5c 75 30 30 32 66 6c 6f |s:\u002f\u002flo|
|00000020| 67 69 6e 2e 73 61 6c 65 73 66 6f 72 63 65 2e 63 |gin.salesforce.c|
|00000030| 6f 6d 5c 75 30 30 32 66 3f 6c 6f 63 61 6c 65 3d |om\u002f?locale=|
|00000040| 65 75 22 0a 7d                                  |eu".}           |
+--------+-------------------------------------------------+----------------+
&amp#27;[35m23-10-16 13:09:44:712&amp#27;[m [&amp#27;[30mTRACE&amp#27;[m] [id: 0x44fe0519, L:/127.0.0.1:58190 - R:localhost/127.0.0.1:55697] FLUSH
&amp#27;[35m23-10-16 13:09:44:713&amp#27;[m [&amp#27;[30mTRACE&amp#27;[m] [id: 0x44fe0519, L:/127.0.0.1:58190 - R:localhost/127.0.0.1:55697] WRITE: 0B
&amp#27;[35m23-10-16 13:09:44:713&amp#27;[m [&amp#27;[30mTRACE&amp#27;[m] [id: 0x44fe0519, L:/127.0.0.1:58190 - R:localhost/127.0.0.1:55697] FLUSH
&amp#27;[35m23-10-16 13:09:44:969&amp#27;[m [&amp#27;[30mTRACE&amp#27;[m] [id: 0x44fe0519, L:/127.0.0.1:58190 - R:localhost/127.0.0.1:55697] READ: 122B
         +-------------------------------------------------+
         |  0  1  2  3  4  5  6  7  8  9  a  b  c  d  e  f |
+--------+-------------------------------------------------+----------------+
|00000000| 48 54 54 50 2f 31 2e 31 20 32 30 30 20 4f 4b 0d |HTTP/1.1 200 OK.|
|00000010| 0a 43 6f 6e 74 65 6e 74 2d 4c 65 6e 67 74 68 3a |.Content-Length:|
|00000020| 31 34 0d 0a 43 6f 6e 74 65 6e 74 2d 54 79 70 65 |14..Content-Type|
|00000030| 3a 61 70 70 6c 69 63 61 74 69 6f 6e 2f 6a 73 6f |:application/jso|
|00000040| 6e 3b 20 63 68 61 72 73 65 74 3d 75 74 66 2d 38 |n; charset=utf-8|
|00000050| 0d 0a 63 61 63 68 65 2d 63 6f 6e 74 72 6f 6c 3a |..cache-control:|
|00000060| 6e 6f 2d 63 61 63 68 65 0d 0a 0d 0a 7b 22 76 61 |no-cache....{"va|
|00000070| 6c 75 65 22 3a 6e 75 6c 6c 7d                   |lue":null}      |
+--------+-------------------------------------------------+----------------+
&amp#27;[35m23-10-16 13:09:44:969&amp#27;[m [&amp#27;[34mDEBUG&amp#27;[m] 

Request DefaultHttpRequest(decodeResult: success, version: HTTP/1.1)
POST /session/7b15a6d1e76660f9a33296de8acdc6eb/url HTTP/1.1
User-Agent: selenium/4.5.0 (java windows)
Content-Length: 69
Content-Type: application/json; charset=utf-8
host: localhost:55697
accept: */*

Response DefaultHttpResponse(decodeResult: success, version: HTTP/1.1)
HTTP/1.1 200 OK
Content-Type: application/json; charset=utf-8
cache-control: no-cache
content-length: 14

&amp#27;[35m23-10-16 13:09:44:970&amp#27;[m [&amp#27;[34mDEBUG&amp#27;[m] Adding key: http://localhost:55697 for channel [id: 0x44fe0519, L:/127.0.0.1:58190 - R:localhost/127.0.0.1:55697]
&amp#27;[35m23-10-16 13:09:44:970&amp#27;[m [&amp#27;[30mTRACE&amp#27;[m] [id: 0x44fe0519, L:/127.0.0.1:58190 - R:localhost/127.0.0.1:55697] READ COMPLETE
&amp#27;[35m23-10-16 13:09:44:971&amp#27;[m [&amp#27;[34mDEBUG&amp#27;[m] Using pooled Channel '[id: 0x44fe0519, L:/127.0.0.1:58190 - R:localhost/127.0.0.1:55697]' for 'GET' to 'http://localhost:55697/session/7b15a6d1e76660f9a33296de8acdc6eb/title'
&amp#27;[35m23-10-16 13:09:44:971&amp#27;[m [&amp#27;[34mDEBUG&amp#27;[m] Using open Channel [id: 0x44fe0519, L:/127.0.0.1:58190 - R:localhost/127.0.0.1:55697] for GET '/session/7b15a6d1e76660f9a33296de8acdc6eb/title'
&amp#27;[35m23-10-16 13:09:44:972&amp#27;[m [&amp#27;[30mTRACE&amp#27;[m] [id: 0x44fe0519, L:/127.0.0.1:58190 - R:localhost/127.0.0.1:55697] WRITE: 215B
         +-------------------------------------------------+
         |  0  1  2  3  4  5  6  7  8  9  a  b  c  d  e  f |
+--------+-------------------------------------------------+----------------+
|00000000| 47 45 54 20 2f 73 65 73 73 69 6f 6e 2f 37 62 31 |GET /session/7b1|
|00000010| 35 61 36 64 31 65 37 36 36 36 30 66 39 61 33 33 |5a6d1e76660f9a33|
|00000020| 32 39 36 64 65 38 61 63 64 63 36 65 62 2f 74 69 |296de8acdc6eb/ti|
|00000030| 74 6c 65 20 48 54 54 50 2f 31 2e 31 0d 0a 55 73 |tle HTTP/1.1..Us|
|00000040| 65 72 2d 41 67 65 6e 74 3a 20 73 65 6c 65 6e 69 |er-Agent: seleni|
|00000050| 75 6d 2f 34 2e 35 2e 30 20 28 6a 61 76 61 20 77 |um/4.5.0 (java w|
|00000060| 69 6e 64 6f 77 73 29 0d 0a 43 61 63 68 65 2d 43 |indows)..Cache-C|
|00000070| 6f 6e 74 72 6f 6c 3a 20 6e 6f 2d 63 61 63 68 65 |ontrol: no-cache|
|00000080| 0d 0a 43 6f 6e 74 65 6e 74 2d 54 79 70 65 3a 20 |..Content-Type: |
|00000090| 61 70 70 6c 69 63 61 74 69 6f 6e 2f 6a 73 6f 6e |application/json|
|000000a0| 3b 20 63 68 61 72 73 65 74 3d 75 74 66 2d 38 0d |; charset=utf-8.|
|000000b0| 0a 68 6f 73 74 3a 20 6c 6f 63 61 6c 68 6f 73 74 |.host: localhost|
|000000c0| 3a 35 35 36 39 37 0d 0a 61 63 63 65 70 74 3a 20 |:55697..accept: |
|000000d0| 2a 2f 2a 0d 0a 0d 0a                            |*/*....         |
+--------+-------------------------------------------------+----------------+
&amp#27;[35m23-10-16 13:09:44:972&amp#27;[m [&amp#27;[30mTRACE&amp#27;[m] [id: 0x44fe0519, L:/127.0.0.1:58190 - R:localhost/127.0.0.1:55697] FLUSH
&amp#27;[35m23-10-16 13:09:44:978&amp#27;[m [&amp#27;[30mTRACE&amp#27;[m] [id: 0x44fe0519, L:/127.0.0.1:58190 - R:localhost/127.0.0.1:55697] READ: 138B
         +-------------------------------------------------+
         |  0  1  2  3  4  5  6  7  8  9  a  b  c  d  e  f |
+--------+-------------------------------------------------+----------------+
|00000000| 48 54 54 50 2f 31 2e 31 20 32 30 30 20 4f 4b 0d |HTTP/1.1 200 OK.|
|00000010| 0a 43 6f 6e 74 65 6e 74 2d 4c 65 6e 67 74 68 3a |.Content-Length:|
|00000020| 33 30 0d 0a 43 6f 6e 74 65 6e 74 2d 54 79 70 65 |30..Content-Type|
|00000030| 3a 61 70 70 6c 69 63 61 74 69 6f 6e 2f 6a 73 6f |:application/jso|
|00000040| 6e 3b 20 63 68 61 72 73 65 74 3d 75 74 66 2d 38 |n; charset=utf-8|
|00000050| 0d 0a 63 61 63 68 65 2d 63 6f 6e 74 72 6f 6c 3a |..cache-control:|
|00000060| 6e 6f 2d 63 61 63 68 65 0d 0a 0d 0a 7b 22 76 61 |no-cache....{"va|
|00000070| 6c 75 65 22 3a 22 4c 6f 67 69 6e 20 7c 20 53 61 |lue":"Login | Sa|
|00000080| 6c 65 73 66 6f 72 63 65 22 7d                   |lesforce"}      |
+--------+-------------------------------------------------+----------------+
&amp#27;[35m23-10-16 13:09:44:979&amp#27;[m [&amp#27;[34mDEBUG&amp#27;[m] 

Request DefaultFullHttpRequest(decodeResult: success, version: HTTP/1.1, content: EmptyByteBufBE)
GET /session/7b15a6d1e76660f9a33296de8acdc6eb/title HTTP/1.1
User-Agent: selenium/4.5.0 (java windows)
Cache-Control: no-cache
Content-Type: application/json; charset=utf-8
host: localhost:55697
accept: */*

Response DefaultHttpResponse(decodeResult: success, version: HTTP/1.1)
HTTP/1.1 200 OK
Content-Type: application/json; charset=utf-8
cache-control: no-cache
content-length: 30

&amp#27;[35m23-10-16 13:09:44:979&amp#27;[m [&amp#27;[34mDEBUG&amp#27;[m] Adding key: http://localhost:55697 for channel [id: 0x44fe0519, L:/127.0.0.1:58190 - R:localhost/127.0.0.1:55697]
&amp#27;[35m23-10-16 13:09:44:979&amp#27;[m [&amp#27;[30mTRACE&amp#27;[m] [id: 0x44fe0519, L:/127.0.0.1:58190 - R:localhost/127.0.0.1:55697] READ COMPLETE
Test Case Title 2 is - Login | Salesforce
]]></system-out>
    <system-err><![CDATA[Oct 16, 2023 1:09:36 PM org.openqa.selenium.remote.http.WebSocket$Listener onError
WARNING: Connection reset
java.net.SocketException: Connection reset
	at java.base/sun.nio.ch.SocketChannelImpl.throwConnectionReset(SocketChannelImpl.java:394)
	at java.base/sun.nio.ch.SocketChannelImpl.read(SocketChannelImpl.java:426)
	at io.netty.buffer.PooledByteBuf.setBytes(PooledByteBuf.java:258)
	at io.netty.buffer.AbstractByteBuf.writeBytes(AbstractByteBuf.java:1132)
	at io.netty.channel.socket.nio.NioSocketChannel.doReadBytes(NioSocketChannel.java:357)
	at io.netty.channel.nio.AbstractNioByteChannel$NioByteUnsafe.read(AbstractNioByteChannel.java:151)
	at io.netty.channel.nio.NioEventLoop.processSelectedKey(NioEventLoop.java:722)
	at io.netty.channel.nio.NioEventLoop.processSelectedKeysOptimized(NioEventLoop.java:658)
	at io.netty.channel.nio.NioEventLoop.processSelectedKeys(NioEventLoop.java:584)
	at io.netty.channel.nio.NioEventLoop.run(NioEventLoop.java:496)
	at io.netty.util.concurrent.SingleThreadEventExecutor$4.run(SingleThreadEventExecutor.java:997)
	at io.netty.util.internal.ThreadExecutorMap$2.run(ThreadExecutorMap.java:74)
	at io.netty.util.concurrent.FastThreadLocalRunnable.run(FastThreadLocalRunnable.java:30)
	at java.base/java.lang.Thread.run(Thread.java:833)

Starting ChromeDriver 117.0.5938.149 (e3344ddefa12e60436fa28c81cf207c1afb4d0a9-refs/branch-heads/5938@{#1539}) on port 55697
Only local connections are allowed.
Please see https://chromedriver.chromium.org/security-considerations for suggestions on keeping ChromeDriver safe.
ChromeDriver was started successfully.
[1697458178.607][WARNING]: This version of ChromeDriver has not been tested with Chrome version 118.
Oct 16, 2023 1:09:38 PM org.openqa.selenium.remote.ProtocolHandshake createSession
INFO: Detected upstream dialect: W3C
Oct 16, 2023 1:09:38 PM org.openqa.selenium.devtools.CdpVersionFinder findNearestMatch
WARNING: Unable to find an exact match for CDP version 118, so returning the closest version found: a no-op implementation
Oct 16, 2023 1:09:38 PM org.openqa.selenium.devtools.CdpVersionFinder findNearestMatch
INFO: Unable to find CDP implementation matching 118.
Oct 16, 2023 1:09:38 PM org.openqa.selenium.chromium.ChromiumDriver lambda$new$3
WARNING: Unable to find version of CDP to use for . You may need to include a dependency on a specific version of the CDP using something similar to `org.seleniumhq.selenium:selenium-devtools-v86:4.5.0` where the version ("v86") matches the version of the chromium-based browser you're using and the version number of the artifact is the same as Selenium's.
]]></system-err>
  </testcase>
  <testcase name="Test3" classname="com.automationproject.demoCICD.TestClass1" time="0.497">
    <system-out><![CDATA[&amp#27;[35m23-10-16 13:09:44:981&amp#27;[m [&amp#27;[30mTRACE&amp#27;[m] Encoding WebSocket Frame opCode=8 length=26
&amp#27;[35m23-10-16 13:09:44:981&amp#27;[m [&amp#27;[30mTRACE&amp#27;[m] [id: 0xeabbd1e2, L:/127.0.0.1:58197 - R:localhost/127.0.0.1:58191] WRITE: 32B
         +-------------------------------------------------+
         |  0  1  2  3  4  5  6  7  8  9  a  b  c  d  e  f |
+--------+-------------------------------------------------+----------------+
|00000000| 88 9a 54 be b1 cf 57 56 e6 aa 36 fa c3 a6 22 db |..T...WV..6...".|
|00000010| c3 ef 37 d2 de bc 3d d0 d6 ef 27 d1 d2 a4 31 ca |..7...=...'...1.|
+--------+-------------------------------------------------+----------------+
&amp#27;[35m23-10-16 13:09:44:982&amp#27;[m [&amp#27;[30mTRACE&amp#27;[m] [id: 0xeabbd1e2, L:/127.0.0.1:58197 - R:localhost/127.0.0.1:58191] FLUSH
&amp#27;[35m23-10-16 13:09:44:982&amp#27;[m [&amp#27;[30mTRACE&amp#27;[m] [id: 0xeabbd1e2, L:/127.0.0.1:58197 - R:localhost/127.0.0.1:58191] READ COMPLETE
&amp#27;[35m23-10-16 13:09:44:983&amp#27;[m [&amp#27;[30mTRACE&amp#27;[m] [id: 0xeabbd1e2, L:/127.0.0.1:58197 ! R:localhost/127.0.0.1:58191] INACTIVE
&amp#27;[35m23-10-16 13:09:44:983&amp#27;[m [&amp#27;[34mDEBUG&amp#27;[m] Channel Closed: [id: 0xeabbd1e2, L:/127.0.0.1:58197 ! R:localhost/127.0.0.1:58191] with attribute NettyResponseFuture{currentRetry=0,
	isDone=1,
	isCancelled=0,
	asyncHandler=org.asynchttpclient.ws.WebSocketUpgradeHandler@2feaf4b2,
	nettyRequest=org.asynchttpclient.netty.request.NettyRequest@6ae86f2b,
	future=java.util.concurrent.CompletableFuture@5bb5113b[Completed normally],
	uri=ws://localhost:58191/devtools/browser/eb509464-f156-4fb9-be24-8e17f8dbc602,
	keepAlive=true,
	redirectCount=0,
	timeoutsHolder=null,
	inAuth=0,
	touch=1697458178698}
&amp#27;[35m23-10-16 13:09:44:984&amp#27;[m [&amp#27;[30mTRACE&amp#27;[m] Connection was closed abnormally (that is, with no close frame being received).
&amp#27;[35m23-10-16 13:09:44:984&amp#27;[m [&amp#27;[34mDEBUG&amp#27;[m] Closing Channel [id: 0xeabbd1e2, L:/127.0.0.1:58197 ! R:localhost/127.0.0.1:58191] 
&amp#27;[35m23-10-16 13:09:44:984&amp#27;[m [&amp#27;[30mTRACE&amp#27;[m] [id: 0xeabbd1e2, L:/127.0.0.1:58197 ! R:localhost/127.0.0.1:58191] UNREGISTERED
&amp#27;[35m23-10-16 13:09:44:985&amp#27;[m [&amp#27;[34mDEBUG&amp#27;[m] Using pooled Channel '[id: 0x44fe0519, L:/127.0.0.1:58190 - R:localhost/127.0.0.1:55697]' for 'DELETE' to 'http://localhost:55697/session/7b15a6d1e76660f9a33296de8acdc6eb'
&amp#27;[35m23-10-16 13:09:44:985&amp#27;[m [&amp#27;[34mDEBUG&amp#27;[m] Using open Channel [id: 0x44fe0519, L:/127.0.0.1:58190 - R:localhost/127.0.0.1:55697] for DELETE '/session/7b15a6d1e76660f9a33296de8acdc6eb'
&amp#27;[35m23-10-16 13:09:44:986&amp#27;[m [&amp#27;[30mTRACE&amp#27;[m] [id: 0x44fe0519, L:/127.0.0.1:58190 - R:localhost/127.0.0.1:55697] WRITE: 187B
         +-------------------------------------------------+
         |  0  1  2  3  4  5  6  7  8  9  a  b  c  d  e  f |
+--------+-------------------------------------------------+----------------+
|00000000| 44 45 4c 45 54 45 20 2f 73 65 73 73 69 6f 6e 2f |DELETE /session/|
|00000010| 37 62 31 35 61 36 64 31 65 37 36 36 36 30 66 39 |7b15a6d1e76660f9|
|00000020| 61 33 33 32 39 36 64 65 38 61 63 64 63 36 65 62 |a33296de8acdc6eb|
|00000030| 20 48 54 54 50 2f 31 2e 31 0d 0a 55 73 65 72 2d | HTTP/1.1..User-|
|00000040| 41 67 65 6e 74 3a 20 73 65 6c 65 6e 69 75 6d 2f |Agent: selenium/|
|00000050| 34 2e 35 2e 30 20 28 6a 61 76 61 20 77 69 6e 64 |4.5.0 (java wind|
|00000060| 6f 77 73 29 0d 0a 43 6f 6e 74 65 6e 74 2d 54 79 |ows)..Content-Ty|
|00000070| 70 65 3a 20 61 70 70 6c 69 63 61 74 69 6f 6e 2f |pe: application/|
|00000080| 6a 73 6f 6e 3b 20 63 68 61 72 73 65 74 3d 75 74 |json; charset=ut|
|00000090| 66 2d 38 0d 0a 68 6f 73 74 3a 20 6c 6f 63 61 6c |f-8..host: local|
|000000a0| 68 6f 73 74 3a 35 35 36 39 37 0d 0a 61 63 63 65 |host:55697..acce|
|000000b0| 70 74 3a 20 2a 2f 2a 0d 0a 0d 0a                |pt: */*....     |
+--------+-------------------------------------------------+----------------+
&amp#27;[35m23-10-16 13:09:44:986&amp#27;[m [&amp#27;[30mTRACE&amp#27;[m] [id: 0x44fe0519, L:/127.0.0.1:58190 - R:localhost/127.0.0.1:55697] FLUSH
&amp#27;[35m23-10-16 13:09:45:093&amp#27;[m [&amp#27;[30mTRACE&amp#27;[m] [id: 0xf56b8d89, L:/127.0.0.1:58196 - R:localhost/127.0.0.1:58191] READ COMPLETE
&amp#27;[35m23-10-16 13:09:45:094&amp#27;[m [&amp#27;[30mTRACE&amp#27;[m] [id: 0xf56b8d89, L:/127.0.0.1:58196 - R:localhost/127.0.0.1:58191] EXCEPTION: java.net.SocketException: Connection reset
java.net.SocketException: Connection reset
	at sun.nio.ch.SocketChannelImpl.throwConnectionReset(SocketChannelImpl.java:394) ~[?:?]
	at sun.nio.ch.SocketChannelImpl.read(SocketChannelImpl.java:426) ~[?:?]
	at io.netty.buffer.PooledByteBuf.setBytes(PooledByteBuf.java:258) ~[netty-buffer-4.1.79.Final.jar:4.1.79.Final]
	at io.netty.buffer.AbstractByteBuf.writeBytes(AbstractByteBuf.java:1132) ~[netty-buffer-4.1.79.Final.jar:4.1.79.Final]
	at io.netty.channel.socket.nio.NioSocketChannel.doReadBytes(NioSocketChannel.java:357) ~[netty-transport-4.1.79.Final.jar:4.1.79.Final]
	at io.netty.channel.nio.AbstractNioByteChannel$NioByteUnsafe.read(AbstractNioByteChannel.java:151) [netty-transport-4.1.79.Final.jar:4.1.79.Final]
	at io.netty.channel.nio.NioEventLoop.processSelectedKey(NioEventLoop.java:722) [netty-transport-4.1.79.Final.jar:4.1.79.Final]
	at io.netty.channel.nio.NioEventLoop.processSelectedKeysOptimized(NioEventLoop.java:658) [netty-transport-4.1.79.Final.jar:4.1.79.Final]
	at io.netty.channel.nio.NioEventLoop.processSelectedKeys(NioEventLoop.java:584) [netty-transport-4.1.79.Final.jar:4.1.79.Final]
	at io.netty.channel.nio.NioEventLoop.run(NioEventLoop.java:496) [netty-transport-4.1.79.Final.jar:4.1.79.Final]
	at io.netty.util.concurrent.SingleThreadEventExecutor$4.run(SingleThreadEventExecutor.java:997) [netty-common-4.1.79.Final.jar:4.1.79.Final]
	at io.netty.util.internal.ThreadExecutorMap$2.run(ThreadExecutorMap.java:74) [netty-common-4.1.79.Final.jar:4.1.79.Final]
	at io.netty.util.concurrent.FastThreadLocalRunnable.run(FastThreadLocalRunnable.java:30) [netty-common-4.1.79.Final.jar:4.1.79.Final]
	at java.lang.Thread.run(Thread.java:833) [?:?]
&amp#27;[35m23-10-16 13:09:45:095&amp#27;[m [&amp#27;[34mDEBUG&amp#27;[m] Unexpected I/O exception on channel [id: 0xf56b8d89, L:/127.0.0.1:58196 - R:localhost/127.0.0.1:58191]
java.net.SocketException: Connection reset
	at sun.nio.ch.SocketChannelImpl.throwConnectionReset(SocketChannelImpl.java:394) ~[?:?]
	at sun.nio.ch.SocketChannelImpl.read(SocketChannelImpl.java:426) ~[?:?]
	at io.netty.buffer.PooledByteBuf.setBytes(PooledByteBuf.java:258) ~[netty-buffer-4.1.79.Final.jar:4.1.79.Final]
	at io.netty.buffer.AbstractByteBuf.writeBytes(AbstractByteBuf.java:1132) ~[netty-buffer-4.1.79.Final.jar:4.1.79.Final]
	at io.netty.channel.socket.nio.NioSocketChannel.doReadBytes(NioSocketChannel.java:357) ~[netty-transport-4.1.79.Final.jar:4.1.79.Final]
	at io.netty.channel.nio.AbstractNioByteChannel$NioByteUnsafe.read(AbstractNioByteChannel.java:151) [netty-transport-4.1.79.Final.jar:4.1.79.Final]
	at io.netty.channel.nio.NioEventLoop.processSelectedKey(NioEventLoop.java:722) [netty-transport-4.1.79.Final.jar:4.1.79.Final]
	at io.netty.channel.nio.NioEventLoop.processSelectedKeysOptimized(NioEventLoop.java:658) [netty-transport-4.1.79.Final.jar:4.1.79.Final]
	at io.netty.channel.nio.NioEventLoop.processSelectedKeys(NioEventLoop.java:584) [netty-transport-4.1.79.Final.jar:4.1.79.Final]
	at io.netty.channel.nio.NioEventLoop.run(NioEventLoop.java:496) [netty-transport-4.1.79.Final.jar:4.1.79.Final]
	at io.netty.util.concurrent.SingleThreadEventExecutor$4.run(SingleThreadEventExecutor.java:997) [netty-common-4.1.79.Final.jar:4.1.79.Final]
	at io.netty.util.internal.ThreadExecutorMap$2.run(ThreadExecutorMap.java:74) [netty-common-4.1.79.Final.jar:4.1.79.Final]
	at io.netty.util.concurrent.FastThreadLocalRunnable.run(FastThreadLocalRunnable.java:30) [netty-common-4.1.79.Final.jar:4.1.79.Final]
	at java.lang.Thread.run(Thread.java:833) [?:?]
&amp#27;[35m23-10-16 13:09:45:096&amp#27;[m [&amp#27;[34mDEBUG&amp#27;[m] Closing Channel [id: 0xf56b8d89, L:/127.0.0.1:58196 - R:localhost/127.0.0.1:58191] 
&amp#27;[35m23-10-16 13:09:45:097&amp#27;[m [&amp#27;[30mTRACE&amp#27;[m] [id: 0xf56b8d89, L:/127.0.0.1:58196 - R:localhost/127.0.0.1:58191] CLOSE
&amp#27;[35m23-10-16 13:09:45:097&amp#27;[m [&amp#27;[30mTRACE&amp#27;[m] [id: 0xf56b8d89, L:/127.0.0.1:58196 ! R:localhost/127.0.0.1:58191] USER_EVENT: io.netty.channel.socket.ChannelInputShutdownReadComplete@40e1c826
&amp#27;[35m23-10-16 13:09:45:097&amp#27;[m [&amp#27;[30mTRACE&amp#27;[m] [id: 0xf56b8d89, L:/127.0.0.1:58196 ! R:localhost/127.0.0.1:58191] INACTIVE
&amp#27;[35m23-10-16 13:09:45:097&amp#27;[m [&amp#27;[34mDEBUG&amp#27;[m] Channel Closed: [id: 0xf56b8d89, L:/127.0.0.1:58196 ! R:localhost/127.0.0.1:58191] with attribute DISCARD
&amp#27;[35m23-10-16 13:09:45:097&amp#27;[m [&amp#27;[30mTRACE&amp#27;[m] [id: 0xf56b8d89, L:/127.0.0.1:58196 ! R:localhost/127.0.0.1:58191] UNREGISTERED
&amp#27;[35m23-10-16 13:09:45:111&amp#27;[m [&amp#27;[30mTRACE&amp#27;[m] [id: 0x44fe0519, L:/127.0.0.1:58190 - R:localhost/127.0.0.1:55697] READ: 122B
         +-------------------------------------------------+
         |  0  1  2  3  4  5  6  7  8  9  a  b  c  d  e  f |
+--------+-------------------------------------------------+----------------+
|00000000| 48 54 54 50 2f 31 2e 31 20 32 30 30 20 4f 4b 0d |HTTP/1.1 200 OK.|
|00000010| 0a 43 6f 6e 74 65 6e 74 2d 4c 65 6e 67 74 68 3a |.Content-Length:|
|00000020| 31 34 0d 0a 43 6f 6e 74 65 6e 74 2d 54 79 70 65 |14..Content-Type|
|00000030| 3a 61 70 70 6c 69 63 61 74 69 6f 6e 2f 6a 73 6f |:application/jso|
|00000040| 6e 3b 20 63 68 61 72 73 65 74 3d 75 74 66 2d 38 |n; charset=utf-8|
|00000050| 0d 0a 63 61 63 68 65 2d 63 6f 6e 74 72 6f 6c 3a |..cache-control:|
|00000060| 6e 6f 2d 63 61 63 68 65 0d 0a 0d 0a 7b 22 76 61 |no-cache....{"va|
|00000070| 6c 75 65 22 3a 6e 75 6c 6c 7d                   |lue":null}      |
+--------+-------------------------------------------------+----------------+
&amp#27;[35m23-10-16 13:09:45:111&amp#27;[m [&amp#27;[34mDEBUG&amp#27;[m] 

Request DefaultFullHttpRequest(decodeResult: success, version: HTTP/1.1, content: EmptyByteBufBE)
DELETE /session/7b15a6d1e76660f9a33296de8acdc6eb HTTP/1.1
User-Agent: selenium/4.5.0 (java windows)
Content-Type: application/json; charset=utf-8
host: localhost:55697
accept: */*

Response DefaultHttpResponse(decodeResult: success, version: HTTP/1.1)
HTTP/1.1 200 OK
Content-Type: application/json; charset=utf-8
cache-control: no-cache
content-length: 14

&amp#27;[35m23-10-16 13:09:45:112&amp#27;[m [&amp#27;[34mDEBUG&amp#27;[m] Adding key: http://localhost:55697 for channel [id: 0x44fe0519, L:/127.0.0.1:58190 - R:localhost/127.0.0.1:55697]
&amp#27;[35m23-10-16 13:09:45:112&amp#27;[m [&amp#27;[30mTRACE&amp#27;[m] [id: 0x44fe0519, L:/127.0.0.1:58190 - R:localhost/127.0.0.1:55697] READ COMPLETE
&amp#27;[35m23-10-16 13:09:45:183&amp#27;[m [&amp#27;[30mTRACE&amp#27;[m] [id: 0x44fe0519, L:/127.0.0.1:58190 - R:localhost/127.0.0.1:55697] READ COMPLETE
&amp#27;[35m23-10-16 13:09:45:184&amp#27;[m [&amp#27;[30mTRACE&amp#27;[m] [id: 0x44fe0519, L:/127.0.0.1:58190 ! R:localhost/127.0.0.1:55697] INACTIVE
&amp#27;[35m23-10-16 13:09:45:184&amp#27;[m [&amp#27;[34mDEBUG&amp#27;[m] Channel Closed: [id: 0x44fe0519, L:/127.0.0.1:58190 ! R:localhost/127.0.0.1:55697] with attribute DISCARD
&amp#27;[35m23-10-16 13:09:45:184&amp#27;[m [&amp#27;[30mTRACE&amp#27;[m] [id: 0x44fe0519, L:/127.0.0.1:58190 ! R:localhost/127.0.0.1:55697] UNREGISTERED
&amp#27;[35m23-10-16 13:09:45:294&amp#27;[m [&amp#27;[34mDEBUG&amp#27;[m] Entry count for : http://localhost:55697 : 1
&amp#27;[35m23-10-16 13:09:45:294&amp#27;[m [&amp#27;[34mDEBUG&amp#27;[m] Entry count for : http://localhost:58191 : 1
&amp#27;[35m23-10-16 13:09:45:294&amp#27;[m [&amp#27;[34mDEBUG&amp#27;[m] Adding Candidate expired Channel [id: 0x44fe0519, L:/127.0.0.1:58190 ! R:localhost/127.0.0.1:55697] isIdleTimeoutExpired=false isRemotelyClosed=true isTtlExpired=false
&amp#27;[35m23-10-16 13:09:45:294&amp#27;[m [&amp#27;[34mDEBUG&amp#27;[m] Closing Idle Channel [id: 0x44fe0519, L:/127.0.0.1:58190 ! R:localhost/127.0.0.1:55697]
&amp#27;[35m23-10-16 13:09:45:294&amp#27;[m [&amp#27;[34mDEBUG&amp#27;[m] Adding Candidate expired Channel [id: 0xf56b8d89, L:/127.0.0.1:58196 ! R:localhost/127.0.0.1:58191] isIdleTimeoutExpired=false isRemotelyClosed=true isTtlExpired=false
&amp#27;[35m23-10-16 13:09:45:294&amp#27;[m [&amp#27;[34mDEBUG&amp#27;[m] Closing Idle Channel [id: 0xf56b8d89, L:/127.0.0.1:58196 ! R:localhost/127.0.0.1:58191]
&amp#27;[35m23-10-16 13:09:45:294&amp#27;[m [&amp#27;[34mDEBUG&amp#27;[m] Closed 2 connections out of 2 in 0 ms
&amp#27;[35m23-10-16 13:09:45:705&amp#27;[m [&amp#27;[30mTRACE&amp#27;[m] [id: 0x3837b62a] REGISTERED
&amp#27;[35m23-10-16 13:09:45:706&amp#27;[m [&amp#27;[30mTRACE&amp#27;[m] [id: 0x3837b62a] CONNECT: localhost/127.0.0.1:57147
&amp#27;[35m23-10-16 13:09:45:706&amp#27;[m [&amp#27;[34mDEBUG&amp#27;[m] Using new Channel '[id: 0x3837b62a, L:/127.0.0.1:58216 - R:localhost/127.0.0.1:57147]' for 'POST' to '/session'
&amp#27;[35m23-10-16 13:09:45:709&amp#27;[m [&amp#27;[30mTRACE&amp#27;[m] [id: 0x3837b62a, L:/127.0.0.1:58216 - R:localhost/127.0.0.1:57147] WRITE: 173B
         +-------------------------------------------------+
         |  0  1  2  3  4  5  6  7  8  9  a  b  c  d  e  f |
+--------+-------------------------------------------------+----------------+
|00000000| 50 4f 53 54 20 2f 73 65 73 73 69 6f 6e 20 48 54 |POST /session HT|
|00000010| 54 50 2f 31 2e 31 0d 0a 55 73 65 72 2d 41 67 65 |TP/1.1..User-Age|
|00000020| 6e 74 3a 20 73 65 6c 65 6e 69 75 6d 2f 34 2e 35 |nt: selenium/4.5|
|00000030| 2e 30 20 28 6a 61 76 61 20 77 69 6e 64 6f 77 73 |.0 (java windows|
|00000040| 29 0d 0a 43 6f 6e 74 65 6e 74 2d 4c 65 6e 67 74 |)..Content-Lengt|
|00000050| 68 3a 20 34 33 39 0d 0a 43 6f 6e 74 65 6e 74 2d |h: 439..Content-|
|00000060| 54 79 70 65 3a 20 61 70 70 6c 69 63 61 74 69 6f |Type: applicatio|
|00000070| 6e 2f 6a 73 6f 6e 3b 20 63 68 61 72 73 65 74 3d |n/json; charset=|
|00000080| 75 74 66 2d 38 0d 0a 68 6f 73 74 3a 20 6c 6f 63 |utf-8..host: loc|
|00000090| 61 6c 68 6f 73 74 3a 35 37 31 34 37 0d 0a 61 63 |alhost:57147..ac|
|000000a0| 63 65 70 74 3a 20 2a 2f 2a 0d 0a 0d 0a          |cept: */*....   |
+--------+-------------------------------------------------+----------------+
&amp#27;[35m23-10-16 13:09:45:714&amp#27;[m [&amp#27;[30mTRACE&amp#27;[m] [id: 0x3837b62a, L:/127.0.0.1:58216 - R:localhost/127.0.0.1:57147] WRITE: 439B
         +-------------------------------------------------+
         |  0  1  2  3  4  5  6  7  8  9  a  b  c  d  e  f |
+--------+-------------------------------------------------+----------------+
|00000000| 7b 0a 20 20 22 64 65 73 69 72 65 64 43 61 70 61 |{.  "desiredCapa|
|00000010| 62 69 6c 69 74 69 65 73 22 3a 20 7b 0a 20 20 20 |bilities": {.   |
|00000020| 20 22 62 72 6f 77 73 65 72 4e 61 6d 65 22 3a 20 | "browserName": |
|00000030| 22 63 68 72 6f 6d 65 22 2c 0a 20 20 20 20 22 67 |"chrome",.    "g|
|00000040| 6f 6f 67 3a 63 68 72 6f 6d 65 4f 70 74 69 6f 6e |oog:chromeOption|
|00000050| 73 22 3a 20 7b 0a 20 20 20 20 20 20 22 61 72 67 |s": {.      "arg|
|00000060| 73 22 3a 20 5b 0a 20 20 20 20 20 20 20 20 22 2d |s": [.        "-|
|00000070| 2d 72 65 6d 6f 74 65 2d 61 6c 6c 6f 77 2d 6f 72 |-remote-allow-or|
|00000080| 69 67 69 6e 73 3d 2a 22 0a 20 20 20 20 20 20 5d |igins=*".      ]|
|00000090| 2c 0a 20 20 20 20 20 20 22 65 78 74 65 6e 73 69 |,.      "extensi|
|000000a0| 6f 6e 73 22 3a 20 5b 0a 20 20 20 20 20 20 5d 0a |ons": [.      ].|
|000000b0| 20 20 20 20 7d 0a 20 20 7d 2c 0a 20 20 22 63 61 |    }.  },.  "ca|
|000000c0| 70 61 62 69 6c 69 74 69 65 73 22 3a 20 7b 0a 20 |pabilities": {. |
|000000d0| 20 20 20 22 66 69 72 73 74 4d 61 74 63 68 22 3a |   "firstMatch":|
|000000e0| 20 5b 0a 20 20 20 20 20 20 7b 0a 20 20 20 20 20 | [.      {.     |
|000000f0| 20 20 20 22 62 72 6f 77 73 65 72 4e 61 6d 65 22 |   "browserName"|
|00000100| 3a 20 22 63 68 72 6f 6d 65 22 2c 0a 20 20 20 20 |: "chrome",.    |
|00000110| 20 20 20 20 22 67 6f 6f 67 3a 63 68 72 6f 6d 65 |    "goog:chrome|
|00000120| 4f 70 74 69 6f 6e 73 22 3a 20 7b 0a 20 20 20 20 |Options": {.    |
|00000130| 20 20 20 20 20 20 22 61 72 67 73 22 3a 20 5b 0a |      "args": [.|
|00000140| 20 20 20 20 20 20 20 20 20 20 20 20 22 2d 2d 72 |            "--r|
|00000150| 65 6d 6f 74 65 2d 61 6c 6c 6f 77 2d 6f 72 69 67 |emote-allow-orig|
|00000160| 69 6e 73 3d 2a 22 0a 20 20 20 20 20 20 20 20 20 |ins=*".         |
|00000170| 20 5d 2c 0a 20 20 20 20 20 20 20 20 20 20 22 65 | ],.          "e|
|00000180| 78 74 65 6e 73 69 6f 6e 73 22 3a 20 5b 0a 20 20 |xtensions": [.  |
|00000190| 20 20 20 20 20 20 20 20 5d 0a 20 20 20 20 20 20 |        ].      |
|000001a0| 20 20 7d 0a 20 20 20 20 20 20 7d 0a 20 20 20 20 |  }.      }.    |
|000001b0| 5d 0a 20 20 7d 0a 7d                            |].  }.}         |
+--------+-------------------------------------------------+----------------+
&amp#27;[35m23-10-16 13:09:45:714&amp#27;[m [&amp#27;[30mTRACE&amp#27;[m] [id: 0x3837b62a, L:/127.0.0.1:58216 - R:localhost/127.0.0.1:57147] FLUSH
&amp#27;[35m23-10-16 13:09:45:715&amp#27;[m [&amp#27;[30mTRACE&amp#27;[m] [id: 0x3837b62a, L:/127.0.0.1:58216 - R:localhost/127.0.0.1:57147] WRITE: 0B
&amp#27;[35m23-10-16 13:09:45:715&amp#27;[m [&amp#27;[30mTRACE&amp#27;[m] [id: 0x3837b62a, L:/127.0.0.1:58216 - R:localhost/127.0.0.1:57147] FLUSH
&amp#27;[35m23-10-16 13:09:45:715&amp#27;[m [&amp#27;[30mTRACE&amp#27;[m] [id: 0x3837b62a, L:/127.0.0.1:58216 - R:localhost/127.0.0.1:57147] ACTIVE
&amp#27;[35m23-10-16 13:09:46:831&amp#27;[m [&amp#27;[30mTRACE&amp#27;[m] [id: 0x3837b62a, L:/127.0.0.1:58216 - R:localhost/127.0.0.1:57147] READ: 992B
         +-------------------------------------------------+
         |  0  1  2  3  4  5  6  7  8  9  a  b  c  d  e  f |
+--------+-------------------------------------------------+----------------+
|00000000| 48 54 54 50 2f 31 2e 31 20 32 30 30 20 4f 4b 0d |HTTP/1.1 200 OK.|
|00000010| 0a 43 6f 6e 74 65 6e 74 2d 4c 65 6e 67 74 68 3a |.Content-Length:|
|00000020| 38 38 33 0d 0a 43 6f 6e 74 65 6e 74 2d 54 79 70 |883..Content-Typ|
|00000030| 65 3a 61 70 70 6c 69 63 61 74 69 6f 6e 2f 6a 73 |e:application/js|
|00000040| 6f 6e 3b 20 63 68 61 72 73 65 74 3d 75 74 66 2d |on; charset=utf-|
|00000050| 38 0d 0a 63 61 63 68 65 2d 63 6f 6e 74 72 6f 6c |8..cache-control|
|00000060| 3a 6e 6f 2d 63 61 63 68 65 0d 0a 0d 0a 7b 22 76 |:no-cache....{"v|
|00000070| 61 6c 75 65 22 3a 7b 22 63 61 70 61 62 69 6c 69 |alue":{"capabili|
|00000080| 74 69 65 73 22 3a 7b 22 61 63 63 65 70 74 49 6e |ties":{"acceptIn|
|00000090| 73 65 63 75 72 65 43 65 72 74 73 22 3a 66 61 6c |secureCerts":fal|
|000000a0| 73 65 2c 22 62 72 6f 77 73 65 72 4e 61 6d 65 22 |se,"browserName"|
|000000b0| 3a 22 63 68 72 6f 6d 65 22 2c 22 62 72 6f 77 73 |:"chrome","brows|
|000000c0| 65 72 56 65 72 73 69 6f 6e 22 3a 22 31 31 38 2e |erVersion":"118.|
|000000d0| 30 2e 35 39 39 33 2e 37 30 22 2c 22 63 68 72 6f |0.5993.70","chro|
|000000e0| 6d 65 22 3a 7b 22 63 68 72 6f 6d 65 64 72 69 76 |me":{"chromedriv|
|000000f0| 65 72 56 65 72 73 69 6f 6e 22 3a 22 31 31 37 2e |erVersion":"117.|
|00000100| 30 2e 35 39 33 38 2e 31 34 39 20 28 65 33 33 34 |0.5938.149 (e334|
|00000110| 34 64 64 65 66 61 31 32 65 36 30 34 33 36 66 61 |4ddefa12e60436fa|
|00000120| 32 38 63 38 31 63 66 32 30 37 63 31 61 66 62 34 |28c81cf207c1afb4|
|00000130| 64 30 61 39 2d 72 65 66 73 2f 62 72 61 6e 63 68 |d0a9-refs/branch|
|00000140| 2d 68 65 61 64 73 2f 35 39 33 38 40 7b 23 31 35 |-heads/5938@{#15|
|00000150| 33 39 7d 29 22 2c 22 75 73 65 72 44 61 74 61 44 |39})","userDataD|
|00000160| 69 72 22 3a 22 43 3a 5c 5c 55 73 65 72 73 5c 5c |ir":"C:\\Users\\|
|00000170| 6f 77 6e 65 72 5c 5c 41 70 70 44 61 74 61 5c 5c |owner\\AppData\\|
|00000180| 4c 6f 63 61 6c 5c 5c 54 65 6d 70 5c 5c 73 63 6f |Local\\Temp\\sco|
|00000190| 70 65 64 5f 64 69 72 31 37 32 37 36 5f 31 38 39 |ped_dir17276_189|
|000001a0| 31 33 38 39 32 31 35 22 7d 2c 22 66 65 64 63 6d |1389215"},"fedcm|
|000001b0| 3a 61 63 63 6f 75 6e 74 73 22 3a 74 72 75 65 2c |:accounts":true,|
|000001c0| 22 67 6f 6f 67 3a 63 68 72 6f 6d 65 4f 70 74 69 |"goog:chromeOpti|
|000001d0| 6f 6e 73 22 3a 7b 22 64 65 62 75 67 67 65 72 41 |ons":{"debuggerA|
|000001e0| 64 64 72 65 73 73 22 3a 22 6c 6f 63 61 6c 68 6f |ddress":"localho|
|000001f0| 73 74 3a 35 38 32 31 37 22 7d 2c 22 6e 65 74 77 |st:58217"},"netw|
|00000200| 6f 72 6b 43 6f 6e 6e 65 63 74 69 6f 6e 45 6e 61 |orkConnectionEna|
|00000210| 62 6c 65 64 22 3a 66 61 6c 73 65 2c 22 70 61 67 |bled":false,"pag|
|00000220| 65 4c 6f 61 64 53 74 72 61 74 65 67 79 22 3a 22 |eLoadStrategy":"|
|00000230| 6e 6f 72 6d 61 6c 22 2c 22 70 6c 61 74 66 6f 72 |normal","platfor|
|00000240| 6d 4e 61 6d 65 22 3a 22 77 69 6e 64 6f 77 73 22 |mName":"windows"|
|00000250| 2c 22 70 72 6f 78 79 22 3a 7b 7d 2c 22 73 65 74 |,"proxy":{},"set|
|00000260| 57 69 6e 64 6f 77 52 65 63 74 22 3a 74 72 75 65 |WindowRect":true|
|00000270| 2c 22 73 74 72 69 63 74 46 69 6c 65 49 6e 74 65 |,"strictFileInte|
|00000280| 72 61 63 74 61 62 69 6c 69 74 79 22 3a 66 61 6c |ractability":fal|
|00000290| 73 65 2c 22 74 69 6d 65 6f 75 74 73 22 3a 7b 22 |se,"timeouts":{"|
|000002a0| 69 6d 70 6c 69 63 69 74 22 3a 30 2c 22 70 61 67 |implicit":0,"pag|
|000002b0| 65 4c 6f 61 64 22 3a 33 30 30 30 30 30 2c 22 73 |eLoad":300000,"s|
|000002c0| 63 72 69 70 74 22 3a 33 30 30 30 30 7d 2c 22 75 |cript":30000},"u|
|000002d0| 6e 68 61 6e 64 6c 65 64 50 72 6f 6d 70 74 42 65 |nhandledPromptBe|
|000002e0| 68 61 76 69 6f 72 22 3a 22 64 69 73 6d 69 73 73 |havior":"dismiss|
|000002f0| 20 61 6e 64 20 6e 6f 74 69 66 79 22 2c 22 77 65 | and notify","we|
|00000300| 62 61 75 74 68 6e 3a 65 78 74 65 6e 73 69 6f 6e |bauthn:extension|
|00000310| 3a 63 72 65 64 42 6c 6f 62 22 3a 74 72 75 65 2c |:credBlob":true,|
|00000320| 22 77 65 62 61 75 74 68 6e 3a 65 78 74 65 6e 73 |"webauthn:extens|
|00000330| 69 6f 6e 3a 6c 61 72 67 65 42 6c 6f 62 22 3a 74 |ion:largeBlob":t|
|00000340| 72 75 65 2c 22 77 65 62 61 75 74 68 6e 3a 65 78 |rue,"webauthn:ex|
|00000350| 74 65 6e 73 69 6f 6e 3a 6d 69 6e 50 69 6e 4c 65 |tension:minPinLe|
|00000360| 6e 67 74 68 22 3a 74 72 75 65 2c 22 77 65 62 61 |ngth":true,"weba|
|00000370| 75 74 68 6e 3a 65 78 74 65 6e 73 69 6f 6e 3a 70 |uthn:extension:p|
|00000380| 72 66 22 3a 74 72 75 65 2c 22 77 65 62 61 75 74 |rf":true,"webaut|
|00000390| 68 6e 3a 76 69 72 74 75 61 6c 41 75 74 68 65 6e |hn:virtualAuthen|
|000003a0| 74 69 63 61 74 6f 72 73 22 3a 74 72 75 65 7d 2c |ticators":true},|
|000003b0| 22 73 65 73 73 69 6f 6e 49 64 22 3a 22 30 62 30 |"sessionId":"0b0|
|000003c0| 39 61 31 36 31 66 33 61 31 33 33 35 61 32 37 34 |9a161f3a1335a274|
|000003d0| 38 65 32 66 63 34 30 31 35 32 32 36 38 22 7d 7d |8e2fc40152268"}}|
+--------+-------------------------------------------------+----------------+
&amp#27;[35m23-10-16 13:09:46:832&amp#27;[m [&amp#27;[34mDEBUG&amp#27;[m] 

Request DefaultHttpRequest(decodeResult: success, version: HTTP/1.1)
POST /session HTTP/1.1
User-Agent: selenium/4.5.0 (java windows)
Content-Length: 439
Content-Type: application/json; charset=utf-8
host: localhost:57147
accept: */*

Response DefaultHttpResponse(decodeResult: success, version: HTTP/1.1)
HTTP/1.1 200 OK
Content-Type: application/json; charset=utf-8
cache-control: no-cache
content-length: 883

&amp#27;[35m23-10-16 13:09:46:832&amp#27;[m [&amp#27;[34mDEBUG&amp#27;[m] Adding key: http://localhost:57147 for channel [id: 0x3837b62a, L:/127.0.0.1:58216 - R:localhost/127.0.0.1:57147]
&amp#27;[35m23-10-16 13:09:46:832&amp#27;[m [&amp#27;[30mTRACE&amp#27;[m] [id: 0x3837b62a, L:/127.0.0.1:58216 - R:localhost/127.0.0.1:57147] READ COMPLETE
&amp#27;[35m23-10-16 13:09:46:845&amp#27;[m [&amp#27;[30mTRACE&amp#27;[m] [id: 0x25a151ec] REGISTERED
&amp#27;[35m23-10-16 13:09:46:845&amp#27;[m [&amp#27;[30mTRACE&amp#27;[m] [id: 0x25a151ec] CONNECT: localhost/127.0.0.1:58217
&amp#27;[35m23-10-16 13:09:46:846&amp#27;[m [&amp#27;[34mDEBUG&amp#27;[m] Using new Channel '[id: 0x25a151ec, L:/127.0.0.1:58222 - R:localhost/127.0.0.1:58217]' for 'GET' to '/json/version'
&amp#27;[35m23-10-16 13:09:46:847&amp#27;[m [&amp#27;[30mTRACE&amp#27;[m] [id: 0x25a151ec, L:/127.0.0.1:58222 - R:localhost/127.0.0.1:58217] WRITE: 109B
         +-------------------------------------------------+
         |  0  1  2  3  4  5  6  7  8  9  a  b  c  d  e  f |
+--------+-------------------------------------------------+----------------+
|00000000| 47 45 54 20 2f 6a 73 6f 6e 2f 76 65 72 73 69 6f |GET /json/versio|
|00000010| 6e 20 48 54 54 50 2f 31 2e 31 0d 0a 55 73 65 72 |n HTTP/1.1..User|
|00000020| 2d 41 67 65 6e 74 3a 20 73 65 6c 65 6e 69 75 6d |-Agent: selenium|
|00000030| 2f 34 2e 35 2e 30 20 28 6a 61 76 61 20 77 69 6e |/4.5.0 (java win|
|00000040| 64 6f 77 73 29 0d 0a 68 6f 73 74 3a 20 6c 6f 63 |dows)..host: loc|
|00000050| 61 6c 68 6f 73 74 3a 35 38 32 31 37 0d 0a 61 63 |alhost:58217..ac|
|00000060| 63 65 70 74 3a 20 2a 2f 2a 0d 0a 0d 0a          |cept: */*....   |
+--------+-------------------------------------------------+----------------+
&amp#27;[35m23-10-16 13:09:46:847&amp#27;[m [&amp#27;[30mTRACE&amp#27;[m] [id: 0x25a151ec, L:/127.0.0.1:58222 - R:localhost/127.0.0.1:58217] FLUSH
&amp#27;[35m23-10-16 13:09:46:848&amp#27;[m [&amp#27;[30mTRACE&amp#27;[m] [id: 0x25a151ec, L:/127.0.0.1:58222 - R:localhost/127.0.0.1:58217] ACTIVE
&amp#27;[35m23-10-16 13:09:46:848&amp#27;[m [&amp#27;[30mTRACE&amp#27;[m] [id: 0x25a151ec, L:/127.0.0.1:58222 - R:localhost/127.0.0.1:58217] READ: 556B
         +-------------------------------------------------+
         |  0  1  2  3  4  5  6  7  8  9  a  b  c  d  e  f |
+--------+-------------------------------------------------+----------------+
|00000000| 48 54 54 50 2f 31 2e 31 20 32 30 30 20 4f 4b 0d |HTTP/1.1 200 OK.|
|00000010| 0a 43 6f 6e 74 65 6e 74 2d 53 65 63 75 72 69 74 |.Content-Securit|
|00000020| 79 2d 50 6f 6c 69 63 79 3a 66 72 61 6d 65 2d 61 |y-Policy:frame-a|
|00000030| 6e 63 65 73 74 6f 72 73 20 27 6e 6f 6e 65 27 0d |ncestors 'none'.|
|00000040| 0a 43 6f 6e 74 65 6e 74 2d 4c 65 6e 67 74 68 3a |.Content-Length:|
|00000050| 34 32 33 0d 0a 43 6f 6e 74 65 6e 74 2d 54 79 70 |423..Content-Typ|
|00000060| 65 3a 61 70 70 6c 69 63 61 74 69 6f 6e 2f 6a 73 |e:application/js|
|00000070| 6f 6e 3b 20 63 68 61 72 73 65 74 3d 55 54 46 2d |on; charset=UTF-|
|00000080| 38 0d 0a 0d 0a 7b 0d 0a 20 20 20 22 42 72 6f 77 |8....{..   "Brow|
|00000090| 73 65 72 22 3a 20 22 43 68 72 6f 6d 65 2f 31 31 |ser": "Chrome/11|
|000000a0| 38 2e 30 2e 35 39 39 33 2e 37 30 22 2c 0d 0a 20 |8.0.5993.70",.. |
|000000b0| 20 20 22 50 72 6f 74 6f 63 6f 6c 2d 56 65 72 73 |  "Protocol-Vers|
|000000c0| 69 6f 6e 22 3a 20 22 31 2e 33 22 2c 0d 0a 20 20 |ion": "1.3",..  |
|000000d0| 20 22 55 73 65 72 2d 41 67 65 6e 74 22 3a 20 22 | "User-Agent": "|
|000000e0| 4d 6f 7a 69 6c 6c 61 2f 35 2e 30 20 28 57 69 6e |Mozilla/5.0 (Win|
|000000f0| 64 6f 77 73 20 4e 54 20 31 30 2e 30 3b 20 57 69 |dows NT 10.0; Wi|
|00000100| 6e 36 34 3b 20 78 36 34 29 20 41 70 70 6c 65 57 |n64; x64) AppleW|
|00000110| 65 62 4b 69 74 2f 35 33 37 2e 33 36 20 28 4b 48 |ebKit/537.36 (KH|
|00000120| 54 4d 4c 2c 20 6c 69 6b 65 20 47 65 63 6b 6f 29 |TML, like Gecko)|
|00000130| 20 43 68 72 6f 6d 65 2f 31 31 38 2e 30 2e 30 2e | Chrome/118.0.0.|
|00000140| 30 20 53 61 66 61 72 69 2f 35 33 37 2e 33 36 22 |0 Safari/537.36"|
|00000150| 2c 0d 0a 20 20 20 22 56 38 2d 56 65 72 73 69 6f |,..   "V8-Versio|
|00000160| 6e 22 3a 20 22 31 31 2e 38 2e 31 37 32 2e 31 35 |n": "11.8.172.15|
|00000170| 22 2c 0d 0a 20 20 20 22 57 65 62 4b 69 74 2d 56 |",..   "WebKit-V|
|00000180| 65 72 73 69 6f 6e 22 3a 20 22 35 33 37 2e 33 36 |ersion": "537.36|
|00000190| 20 28 40 65 35 32 66 33 33 66 33 30 62 39 31 62 | (@e52f33f30b91b|
|000001a0| 34 64 64 66 61 64 36 34 39 61 63 64 64 63 33 39 |4ddfad649acddc39|
|000001b0| 61 62 35 37 30 34 37 33 62 38 36 29 22 2c 0d 0a |ab570473b86)",..|
|000001c0| 20 20 20 22 77 65 62 53 6f 63 6b 65 74 44 65 62 |   "webSocketDeb|
|000001d0| 75 67 67 65 72 55 72 6c 22 3a 20 22 77 73 3a 2f |uggerUrl": "ws:/|
|000001e0| 2f 6c 6f 63 61 6c 68 6f 73 74 3a 35 38 32 31 37 |/localhost:58217|
|000001f0| 2f 64 65 76 74 6f 6f 6c 73 2f 62 72 6f 77 73 65 |/devtools/browse|
|00000200| 72 2f 31 36 36 66 61 31 35 35 2d 30 62 64 30 2d |r/166fa155-0bd0-|
|00000210| 34 36 62 35 2d 39 30 62 39 2d 33 37 32 31 61 34 |46b5-90b9-3721a4|
|00000220| 38 31 39 66 32 37 22 0d 0a 7d 0d 0a             |819f27"..}..    |
+--------+-------------------------------------------------+----------------+
&amp#27;[35m23-10-16 13:09:46:848&amp#27;[m [&amp#27;[34mDEBUG&amp#27;[m] 

Request DefaultFullHttpRequest(decodeResult: success, version: HTTP/1.1, content: EmptyByteBufBE)
GET /json/version HTTP/1.1
User-Agent: selenium/4.5.0 (java windows)
host: localhost:58217
accept: */*

Response DefaultHttpResponse(decodeResult: success, version: HTTP/1.1)
HTTP/1.1 200 OK
Content-Security-Policy: frame-ancestors 'none'
Content-Type: application/json; charset=UTF-8
content-length: 423

&amp#27;[35m23-10-16 13:09:46:849&amp#27;[m [&amp#27;[34mDEBUG&amp#27;[m] Adding key: http://localhost:58217 for channel [id: 0x25a151ec, L:/127.0.0.1:58222 - R:localhost/127.0.0.1:58217]
&amp#27;[35m23-10-16 13:09:46:849&amp#27;[m [&amp#27;[30mTRACE&amp#27;[m] [id: 0x25a151ec, L:/127.0.0.1:58222 - R:localhost/127.0.0.1:58217] READ COMPLETE
&amp#27;[35m23-10-16 13:09:46:851&amp#27;[m [&amp#27;[30mTRACE&amp#27;[m] [id: 0x64d465a9] REGISTERED
&amp#27;[35m23-10-16 13:09:46:851&amp#27;[m [&amp#27;[30mTRACE&amp#27;[m] [id: 0x64d465a9] CONNECT: localhost/127.0.0.1:58217
&amp#27;[35m23-10-16 13:09:46:852&amp#27;[m [&amp#27;[34mDEBUG&amp#27;[m] Using new Channel '[id: 0x64d465a9, L:/127.0.0.1:58223 - R:localhost/127.0.0.1:58217]' for 'GET' to '/devtools/browser/166fa155-0bd0-46b5-90b9-3721a4819f27'
&amp#27;[35m23-10-16 13:09:46:852&amp#27;[m [&amp#27;[30mTRACE&amp#27;[m] [id: 0x64d465a9, L:/127.0.0.1:58223 - R:localhost/127.0.0.1:58217] WRITE: 273B
         +-------------------------------------------------+
         |  0  1  2  3  4  5  6  7  8  9  a  b  c  d  e  f |
+--------+-------------------------------------------------+----------------+
|00000000| 47 45 54 20 2f 64 65 76 74 6f 6f 6c 73 2f 62 72 |GET /devtools/br|
|00000010| 6f 77 73 65 72 2f 31 36 36 66 61 31 35 35 2d 30 |owser/166fa155-0|
|00000020| 62 64 30 2d 34 36 62 35 2d 39 30 62 39 2d 33 37 |bd0-46b5-90b9-37|
|00000030| 32 31 61 34 38 31 39 66 32 37 20 48 54 54 50 2f |21a4819f27 HTTP/|
|00000040| 31 2e 31 0d 0a 75 70 67 72 61 64 65 3a 20 77 65 |1.1..upgrade: we|
|00000050| 62 73 6f 63 6b 65 74 0d 0a 63 6f 6e 6e 65 63 74 |bsocket..connect|
|00000060| 69 6f 6e 3a 20 75 70 67 72 61 64 65 0d 0a 73 65 |ion: upgrade..se|
|00000070| 63 2d 77 65 62 73 6f 63 6b 65 74 2d 6b 65 79 3a |c-websocket-key:|
|00000080| 20 42 72 31 57 42 55 51 49 31 58 53 47 35 46 77 | Br1WBUQI1XSG5Fw|
|00000090| 33 6a 47 63 62 6e 51 3d 3d 0d 0a 73 65 63 2d 77 |3jGcbnQ==..sec-w|
|000000a0| 65 62 73 6f 63 6b 65 74 2d 76 65 72 73 69 6f 6e |ebsocket-version|
|000000b0| 3a 20 31 33 0d 0a 6f 72 69 67 69 6e 3a 20 68 74 |: 13..origin: ht|
|000000c0| 74 70 3a 2f 2f 6c 6f 63 61 6c 68 6f 73 74 3a 35 |tp://localhost:5|
|000000d0| 38 32 31 37 0d 0a 68 6f 73 74 3a 20 6c 6f 63 61 |8217..host: loca|
|000000e0| 6c 68 6f 73 74 3a 35 38 32 31 37 0d 0a 61 63 63 |lhost:58217..acc|
|000000f0| 65 70 74 3a 20 2a 2f 2a 0d 0a 75 73 65 72 2d 61 |ept: */*..user-a|
|00000100| 67 65 6e 74 3a 20 41 48 43 2f 32 2e 31 0d 0a 0d |gent: AHC/2.1...|
|00000110| 0a                                              |.               |
+--------+-------------------------------------------------+----------------+
&amp#27;[35m23-10-16 13:09:46:852&amp#27;[m [&amp#27;[30mTRACE&amp#27;[m] [id: 0x64d465a9, L:/127.0.0.1:58223 - R:localhost/127.0.0.1:58217] FLUSH
&amp#27;[35m23-10-16 13:09:46:853&amp#27;[m [&amp#27;[30mTRACE&amp#27;[m] [id: 0x64d465a9, L:/127.0.0.1:58223 - R:localhost/127.0.0.1:58217] ACTIVE
&amp#27;[35m23-10-16 13:09:46:853&amp#27;[m [&amp#27;[30mTRACE&amp#27;[m] [id: 0x64d465a9, L:/127.0.0.1:58223 - R:localhost/127.0.0.1:58217] READ: 138B
         +-------------------------------------------------+
         |  0  1  2  3  4  5  6  7  8  9  a  b  c  d  e  f |
+--------+-------------------------------------------------+----------------+
|00000000| 48 54 54 50 2f 31 2e 31 20 31 30 31 20 57 65 62 |HTTP/1.1 101 Web|
|00000010| 53 6f 63 6b 65 74 20 50 72 6f 74 6f 63 6f 6c 20 |Socket Protocol |
|00000020| 48 61 6e 64 73 68 61 6b 65 0d 0a 55 70 67 72 61 |Handshake..Upgra|
|00000030| 64 65 3a 20 57 65 62 53 6f 63 6b 65 74 0d 0a 43 |de: WebSocket..C|
|00000040| 6f 6e 6e 65 63 74 69 6f 6e 3a 20 55 70 67 72 61 |onnection: Upgra|
|00000050| 64 65 0d 0a 53 65 63 2d 57 65 62 53 6f 63 6b 65 |de..Sec-WebSocke|
|00000060| 74 2d 41 63 63 65 70 74 3a 20 31 73 72 39 6b 6a |t-Accept: 1sr9kj|
|00000070| 7a 4b 63 6a 52 4a 42 59 34 43 72 52 44 65 77 33 |zKcjRJBY4CrRDew3|
|00000080| 57 7a 6a 4b 51 3d 0d 0a 0d 0a                   |WzjKQ=....      |
+--------+-------------------------------------------------+----------------+
&amp#27;[35m23-10-16 13:09:46:853&amp#27;[m [&amp#27;[34mDEBUG&amp#27;[m] 

Request DefaultFullHttpRequest(decodeResult: success, version: HTTP/1.1, content: EmptyByteBufBE)
GET /devtools/browser/166fa155-0bd0-46b5-90b9-3721a4819f27 HTTP/1.1
upgrade: websocket
connection: upgrade
sec-websocket-key: Br1WBUQI1XSG5Fw3jGcbnQ==
sec-websocket-version: 13
origin: http://localhost:58217
host: localhost:58217
accept: */*
user-agent: AHC/2.1

Response DefaultHttpResponse(decodeResult: success, version: HTTP/1.1)
HTTP/1.1 101 WebSocket Protocol Handshake
Upgrade: WebSocket
Connection: Upgrade
Sec-WebSocket-Accept: 1sr9kjzKcjRJBY4CrRDew3WzjKQ=

&amp#27;[35m23-10-16 13:09:46:854&amp#27;[m [&amp#27;[30mTRACE&amp#27;[m] [id: 0x64d465a9, L:/127.0.0.1:58223 - R:localhost/127.0.0.1:58217] READ COMPLETE
&amp#27;[35m23-10-16 13:09:46:859&amp#27;[m [&amp#27;[34mDEBUG&amp#27;[m] Using pooled Channel '[id: 0x3837b62a, L:/127.0.0.1:58216 - R:localhost/127.0.0.1:57147]' for 'POST' to 'http://localhost:57147/session/0b09a161f3a1335a2748e2fc40152268/url'
&amp#27;[35m23-10-16 13:09:46:859&amp#27;[m [&amp#27;[34mDEBUG&amp#27;[m] Using open Channel [id: 0x3837b62a, L:/127.0.0.1:58216 - R:localhost/127.0.0.1:57147] for POST '/session/0b09a161f3a1335a2748e2fc40152268/url'
&amp#27;[35m23-10-16 13:09:46:860&amp#27;[m [&amp#27;[30mTRACE&amp#27;[m] [id: 0x3837b62a, L:/127.0.0.1:58216 - R:localhost/127.0.0.1:57147] WRITE: 209B
         +-------------------------------------------------+
         |  0  1  2  3  4  5  6  7  8  9  a  b  c  d  e  f |
+--------+-------------------------------------------------+----------------+
|00000000| 50 4f 53 54 20 2f 73 65 73 73 69 6f 6e 2f 30 62 |POST /session/0b|
|00000010| 30 39 61 31 36 31 66 33 61 31 33 33 35 61 32 37 |09a161f3a1335a27|
|00000020| 34 38 65 32 66 63 34 30 31 35 32 32 36 38 2f 75 |48e2fc40152268/u|
|00000030| 72 6c 20 48 54 54 50 2f 31 2e 31 0d 0a 55 73 65 |rl HTTP/1.1..Use|
|00000040| 72 2d 41 67 65 6e 74 3a 20 73 65 6c 65 6e 69 75 |r-Agent: seleniu|
|00000050| 6d 2f 34 2e 35 2e 30 20 28 6a 61 76 61 20 77 69 |m/4.5.0 (java wi|
|00000060| 6e 64 6f 77 73 29 0d 0a 43 6f 6e 74 65 6e 74 2d |ndows)..Content-|
|00000070| 4c 65 6e 67 74 68 3a 20 36 39 0d 0a 43 6f 6e 74 |Length: 69..Cont|
|00000080| 65 6e 74 2d 54 79 70 65 3a 20 61 70 70 6c 69 63 |ent-Type: applic|
|00000090| 61 74 69 6f 6e 2f 6a 73 6f 6e 3b 20 63 68 61 72 |ation/json; char|
|000000a0| 73 65 74 3d 75 74 66 2d 38 0d 0a 68 6f 73 74 3a |set=utf-8..host:|
|000000b0| 20 6c 6f 63 61 6c 68 6f 73 74 3a 35 37 31 34 37 | localhost:57147|
|000000c0| 0d 0a 61 63 63 65 70 74 3a 20 2a 2f 2a 0d 0a 0d |..accept: */*...|
|000000d0| 0a                                              |.               |
+--------+-------------------------------------------------+----------------+
&amp#27;[35m23-10-16 13:09:46:861&amp#27;[m [&amp#27;[30mTRACE&amp#27;[m] [id: 0x3837b62a, L:/127.0.0.1:58216 - R:localhost/127.0.0.1:57147] WRITE: 69B
         +-------------------------------------------------+
         |  0  1  2  3  4  5  6  7  8  9  a  b  c  d  e  f |
+--------+-------------------------------------------------+----------------+
|00000000| 7b 0a 20 20 22 75 72 6c 22 3a 20 22 68 74 74 70 |{.  "url": "http|
|00000010| 73 3a 5c 75 30 30 32 66 5c 75 30 30 32 66 6c 6f |s:\u002f\u002flo|
|00000020| 67 69 6e 2e 73 61 6c 65 73 66 6f 72 63 65 2e 63 |gin.salesforce.c|
|00000030| 6f 6d 5c 75 30 30 32 66 3f 6c 6f 63 61 6c 65 3d |om\u002f?locale=|
|00000040| 65 75 22 0a 7d                                  |eu".}           |
+--------+-------------------------------------------------+----------------+
&amp#27;[35m23-10-16 13:09:46:861&amp#27;[m [&amp#27;[30mTRACE&amp#27;[m] [id: 0x3837b62a, L:/127.0.0.1:58216 - R:localhost/127.0.0.1:57147] FLUSH
&amp#27;[35m23-10-16 13:09:46:862&amp#27;[m [&amp#27;[30mTRACE&amp#27;[m] [id: 0x3837b62a, L:/127.0.0.1:58216 - R:localhost/127.0.0.1:57147] WRITE: 0B
&amp#27;[35m23-10-16 13:09:46:862&amp#27;[m [&amp#27;[30mTRACE&amp#27;[m] [id: 0x3837b62a, L:/127.0.0.1:58216 - R:localhost/127.0.0.1:57147] FLUSH
&amp#27;[35m23-10-16 13:09:47:492&amp#27;[m [&amp#27;[34mDEBUG&amp#27;[m] Entry count for : http://localhost:58217 : 1
&amp#27;[35m23-10-16 13:09:48:601&amp#27;[m [&amp#27;[34mDEBUG&amp#27;[m] Entry count for : http://localhost:58217 : 1
&amp#27;[35m23-10-16 13:09:49:699&amp#27;[m [&amp#27;[34mDEBUG&amp#27;[m] Entry count for : http://localhost:58217 : 1
&amp#27;[35m23-10-16 13:09:50:793&amp#27;[m [&amp#27;[34mDEBUG&amp#27;[m] Entry count for : http://localhost:58217 : 1
&amp#27;[35m23-10-16 13:09:51:893&amp#27;[m [&amp#27;[34mDEBUG&amp#27;[m] Entry count for : http://localhost:58217 : 1
&amp#27;[35m23-10-16 13:09:52:830&amp#27;[m [&amp#27;[30mTRACE&amp#27;[m] [id: 0x3837b62a, L:/127.0.0.1:58216 - R:localhost/127.0.0.1:57147] READ: 122B
         +-------------------------------------------------+
         |  0  1  2  3  4  5  6  7  8  9  a  b  c  d  e  f |
+--------+-------------------------------------------------+----------------+
|00000000| 48 54 54 50 2f 31 2e 31 20 32 30 30 20 4f 4b 0d |HTTP/1.1 200 OK.|
|00000010| 0a 43 6f 6e 74 65 6e 74 2d 4c 65 6e 67 74 68 3a |.Content-Length:|
|00000020| 31 34 0d 0a 43 6f 6e 74 65 6e 74 2d 54 79 70 65 |14..Content-Type|
|00000030| 3a 61 70 70 6c 69 63 61 74 69 6f 6e 2f 6a 73 6f |:application/jso|
|00000040| 6e 3b 20 63 68 61 72 73 65 74 3d 75 74 66 2d 38 |n; charset=utf-8|
|00000050| 0d 0a 63 61 63 68 65 2d 63 6f 6e 74 72 6f 6c 3a |..cache-control:|
|00000060| 6e 6f 2d 63 61 63 68 65 0d 0a 0d 0a 7b 22 76 61 |no-cache....{"va|
|00000070| 6c 75 65 22 3a 6e 75 6c 6c 7d                   |lue":null}      |
+--------+-------------------------------------------------+----------------+
&amp#27;[35m23-10-16 13:09:52:831&amp#27;[m [&amp#27;[34mDEBUG&amp#27;[m] 

Request DefaultHttpRequest(decodeResult: success, version: HTTP/1.1)
POST /session/0b09a161f3a1335a2748e2fc40152268/url HTTP/1.1
User-Agent: selenium/4.5.0 (java windows)
Content-Length: 69
Content-Type: application/json; charset=utf-8
host: localhost:57147
accept: */*

Response DefaultHttpResponse(decodeResult: success, version: HTTP/1.1)
HTTP/1.1 200 OK
Content-Type: application/json; charset=utf-8
cache-control: no-cache
content-length: 14

&amp#27;[35m23-10-16 13:09:52:831&amp#27;[m [&amp#27;[34mDEBUG&amp#27;[m] Adding key: http://localhost:57147 for channel [id: 0x3837b62a, L:/127.0.0.1:58216 - R:localhost/127.0.0.1:57147]
&amp#27;[35m23-10-16 13:09:52:831&amp#27;[m [&amp#27;[30mTRACE&amp#27;[m] [id: 0x3837b62a, L:/127.0.0.1:58216 - R:localhost/127.0.0.1:57147] READ COMPLETE
&amp#27;[35m23-10-16 13:09:52:834&amp#27;[m [&amp#27;[34mDEBUG&amp#27;[m] Using pooled Channel '[id: 0x3837b62a, L:/127.0.0.1:58216 - R:localhost/127.0.0.1:57147]' for 'POST' to 'http://localhost:57147/session/0b09a161f3a1335a2748e2fc40152268/url'
&amp#27;[35m23-10-16 13:09:52:834&amp#27;[m [&amp#27;[34mDEBUG&amp#27;[m] Using open Channel [id: 0x3837b62a, L:/127.0.0.1:58216 - R:localhost/127.0.0.1:57147] for POST '/session/0b09a161f3a1335a2748e2fc40152268/url'
&amp#27;[35m23-10-16 13:09:52:835&amp#27;[m [&amp#27;[30mTRACE&amp#27;[m] [id: 0x3837b62a, L:/127.0.0.1:58216 - R:localhost/127.0.0.1:57147] WRITE: 209B
         +-------------------------------------------------+
         |  0  1  2  3  4  5  6  7  8  9  a  b  c  d  e  f |
+--------+-------------------------------------------------+----------------+
|00000000| 50 4f 53 54 20 2f 73 65 73 73 69 6f 6e 2f 30 62 |POST /session/0b|
|00000010| 30 39 61 31 36 31 66 33 61 31 33 33 35 61 32 37 |09a161f3a1335a27|
|00000020| 34 38 65 32 66 63 34 30 31 35 32 32 36 38 2f 75 |48e2fc40152268/u|
|00000030| 72 6c 20 48 54 54 50 2f 31 2e 31 0d 0a 55 73 65 |rl HTTP/1.1..Use|
|00000040| 72 2d 41 67 65 6e 74 3a 20 73 65 6c 65 6e 69 75 |r-Agent: seleniu|
|00000050| 6d 2f 34 2e 35 2e 30 20 28 6a 61 76 61 20 77 69 |m/4.5.0 (java wi|
|00000060| 6e 64 6f 77 73 29 0d 0a 43 6f 6e 74 65 6e 74 2d |ndows)..Content-|
|00000070| 4c 65 6e 67 74 68 3a 20 36 39 0d 0a 43 6f 6e 74 |Length: 69..Cont|
|00000080| 65 6e 74 2d 54 79 70 65 3a 20 61 70 70 6c 69 63 |ent-Type: applic|
|00000090| 61 74 69 6f 6e 2f 6a 73 6f 6e 3b 20 63 68 61 72 |ation/json; char|
|000000a0| 73 65 74 3d 75 74 66 2d 38 0d 0a 68 6f 73 74 3a |set=utf-8..host:|
|000000b0| 20 6c 6f 63 61 6c 68 6f 73 74 3a 35 37 31 34 37 | localhost:57147|
|000000c0| 0d 0a 61 63 63 65 70 74 3a 20 2a 2f 2a 0d 0a 0d |..accept: */*...|
|000000d0| 0a                                              |.               |
+--------+-------------------------------------------------+----------------+
&amp#27;[35m23-10-16 13:09:52:835&amp#27;[m [&amp#27;[30mTRACE&amp#27;[m] [id: 0x3837b62a, L:/127.0.0.1:58216 - R:localhost/127.0.0.1:57147] WRITE: 69B
         +-------------------------------------------------+
         |  0  1  2  3  4  5  6  7  8  9  a  b  c  d  e  f |
+--------+-------------------------------------------------+----------------+
|00000000| 7b 0a 20 20 22 75 72 6c 22 3a 20 22 68 74 74 70 |{.  "url": "http|
|00000010| 73 3a 5c 75 30 30 32 66 5c 75 30 30 32 66 6c 6f |s:\u002f\u002flo|
|00000020| 67 69 6e 2e 73 61 6c 65 73 66 6f 72 63 65 2e 63 |gin.salesforce.c|
|00000030| 6f 6d 5c 75 30 30 32 66 3f 6c 6f 63 61 6c 65 3d |om\u002f?locale=|
|00000040| 65 75 22 0a 7d                                  |eu".}           |
+--------+-------------------------------------------------+----------------+
&amp#27;[35m23-10-16 13:09:52:836&amp#27;[m [&amp#27;[30mTRACE&amp#27;[m] [id: 0x3837b62a, L:/127.0.0.1:58216 - R:localhost/127.0.0.1:57147] FLUSH
&amp#27;[35m23-10-16 13:09:52:836&amp#27;[m [&amp#27;[30mTRACE&amp#27;[m] [id: 0x3837b62a, L:/127.0.0.1:58216 - R:localhost/127.0.0.1:57147] WRITE: 0B
&amp#27;[35m23-10-16 13:09:52:836&amp#27;[m [&amp#27;[30mTRACE&amp#27;[m] [id: 0x3837b62a, L:/127.0.0.1:58216 - R:localhost/127.0.0.1:57147] FLUSH
&amp#27;[35m23-10-16 13:09:52:998&amp#27;[m [&amp#27;[34mDEBUG&amp#27;[m] Entry count for : http://localhost:58217 : 1
&amp#27;[35m23-10-16 13:09:53:317&amp#27;[m [&amp#27;[30mTRACE&amp#27;[m] [id: 0x3837b62a, L:/127.0.0.1:58216 - R:localhost/127.0.0.1:57147] READ: 122B
         +-------------------------------------------------+
         |  0  1  2  3  4  5  6  7  8  9  a  b  c  d  e  f |
+--------+-------------------------------------------------+----------------+
|00000000| 48 54 54 50 2f 31 2e 31 20 32 30 30 20 4f 4b 0d |HTTP/1.1 200 OK.|
|00000010| 0a 43 6f 6e 74 65 6e 74 2d 4c 65 6e 67 74 68 3a |.Content-Length:|
|00000020| 31 34 0d 0a 43 6f 6e 74 65 6e 74 2d 54 79 70 65 |14..Content-Type|
|00000030| 3a 61 70 70 6c 69 63 61 74 69 6f 6e 2f 6a 73 6f |:application/jso|
|00000040| 6e 3b 20 63 68 61 72 73 65 74 3d 75 74 66 2d 38 |n; charset=utf-8|
|00000050| 0d 0a 63 61 63 68 65 2d 63 6f 6e 74 72 6f 6c 3a |..cache-control:|
|00000060| 6e 6f 2d 63 61 63 68 65 0d 0a 0d 0a 7b 22 76 61 |no-cache....{"va|
|00000070| 6c 75 65 22 3a 6e 75 6c 6c 7d                   |lue":null}      |
+--------+-------------------------------------------------+----------------+
&amp#27;[35m23-10-16 13:09:53:318&amp#27;[m [&amp#27;[34mDEBUG&amp#27;[m] 

Request DefaultHttpRequest(decodeResult: success, version: HTTP/1.1)
POST /session/0b09a161f3a1335a2748e2fc40152268/url HTTP/1.1
User-Agent: selenium/4.5.0 (java windows)
Content-Length: 69
Content-Type: application/json; charset=utf-8
host: localhost:57147
accept: */*

Response DefaultHttpResponse(decodeResult: success, version: HTTP/1.1)
HTTP/1.1 200 OK
Content-Type: application/json; charset=utf-8
cache-control: no-cache
content-length: 14

&amp#27;[35m23-10-16 13:09:53:318&amp#27;[m [&amp#27;[34mDEBUG&amp#27;[m] Adding key: http://localhost:57147 for channel [id: 0x3837b62a, L:/127.0.0.1:58216 - R:localhost/127.0.0.1:57147]
&amp#27;[35m23-10-16 13:09:53:319&amp#27;[m [&amp#27;[30mTRACE&amp#27;[m] [id: 0x3837b62a, L:/127.0.0.1:58216 - R:localhost/127.0.0.1:57147] READ COMPLETE
&amp#27;[35m23-10-16 13:09:53:320&amp#27;[m [&amp#27;[34mDEBUG&amp#27;[m] Using pooled Channel '[id: 0x3837b62a, L:/127.0.0.1:58216 - R:localhost/127.0.0.1:57147]' for 'GET' to 'http://localhost:57147/session/0b09a161f3a1335a2748e2fc40152268/title'
&amp#27;[35m23-10-16 13:09:53:320&amp#27;[m [&amp#27;[34mDEBUG&amp#27;[m] Using open Channel [id: 0x3837b62a, L:/127.0.0.1:58216 - R:localhost/127.0.0.1:57147] for GET '/session/0b09a161f3a1335a2748e2fc40152268/title'
&amp#27;[35m23-10-16 13:09:53:320&amp#27;[m [&amp#27;[30mTRACE&amp#27;[m] [id: 0x3837b62a, L:/127.0.0.1:58216 - R:localhost/127.0.0.1:57147] WRITE: 215B
         +-------------------------------------------------+
         |  0  1  2  3  4  5  6  7  8  9  a  b  c  d  e  f |
+--------+-------------------------------------------------+----------------+
|00000000| 47 45 54 20 2f 73 65 73 73 69 6f 6e 2f 30 62 30 |GET /session/0b0|
|00000010| 39 61 31 36 31 66 33 61 31 33 33 35 61 32 37 34 |9a161f3a1335a274|
|00000020| 38 65 32 66 63 34 30 31 35 32 32 36 38 2f 74 69 |8e2fc40152268/ti|
|00000030| 74 6c 65 20 48 54 54 50 2f 31 2e 31 0d 0a 55 73 |tle HTTP/1.1..Us|
|00000040| 65 72 2d 41 67 65 6e 74 3a 20 73 65 6c 65 6e 69 |er-Agent: seleni|
|00000050| 75 6d 2f 34 2e 35 2e 30 20 28 6a 61 76 61 20 77 |um/4.5.0 (java w|
|00000060| 69 6e 64 6f 77 73 29 0d 0a 43 61 63 68 65 2d 43 |indows)..Cache-C|
|00000070| 6f 6e 74 72 6f 6c 3a 20 6e 6f 2d 63 61 63 68 65 |ontrol: no-cache|
|00000080| 0d 0a 43 6f 6e 74 65 6e 74 2d 54 79 70 65 3a 20 |..Content-Type: |
|00000090| 61 70 70 6c 69 63 61 74 69 6f 6e 2f 6a 73 6f 6e |application/json|
|000000a0| 3b 20 63 68 61 72 73 65 74 3d 75 74 66 2d 38 0d |; charset=utf-8.|
|000000b0| 0a 68 6f 73 74 3a 20 6c 6f 63 61 6c 68 6f 73 74 |.host: localhost|
|000000c0| 3a 35 37 31 34 37 0d 0a 61 63 63 65 70 74 3a 20 |:57147..accept: |
|000000d0| 2a 2f 2a 0d 0a 0d 0a                            |*/*....         |
+--------+-------------------------------------------------+----------------+
&amp#27;[35m23-10-16 13:09:53:321&amp#27;[m [&amp#27;[30mTRACE&amp#27;[m] [id: 0x3837b62a, L:/127.0.0.1:58216 - R:localhost/127.0.0.1:57147] FLUSH
&amp#27;[35m23-10-16 13:09:53:327&amp#27;[m [&amp#27;[30mTRACE&amp#27;[m] [id: 0x3837b62a, L:/127.0.0.1:58216 - R:localhost/127.0.0.1:57147] READ: 138B
         +-------------------------------------------------+
         |  0  1  2  3  4  5  6  7  8  9  a  b  c  d  e  f |
+--------+-------------------------------------------------+----------------+
|00000000| 48 54 54 50 2f 31 2e 31 20 32 30 30 20 4f 4b 0d |HTTP/1.1 200 OK.|
|00000010| 0a 43 6f 6e 74 65 6e 74 2d 4c 65 6e 67 74 68 3a |.Content-Length:|
|00000020| 33 30 0d 0a 43 6f 6e 74 65 6e 74 2d 54 79 70 65 |30..Content-Type|
|00000030| 3a 61 70 70 6c 69 63 61 74 69 6f 6e 2f 6a 73 6f |:application/jso|
|00000040| 6e 3b 20 63 68 61 72 73 65 74 3d 75 74 66 2d 38 |n; charset=utf-8|
|00000050| 0d 0a 63 61 63 68 65 2d 63 6f 6e 74 72 6f 6c 3a |..cache-control:|
|00000060| 6e 6f 2d 63 61 63 68 65 0d 0a 0d 0a 7b 22 76 61 |no-cache....{"va|
|00000070| 6c 75 65 22 3a 22 4c 6f 67 69 6e 20 7c 20 53 61 |lue":"Login | Sa|
|00000080| 6c 65 73 66 6f 72 63 65 22 7d                   |lesforce"}      |
+--------+-------------------------------------------------+----------------+
&amp#27;[35m23-10-16 13:09:53:327&amp#27;[m [&amp#27;[34mDEBUG&amp#27;[m] 

Request DefaultFullHttpRequest(decodeResult: success, version: HTTP/1.1, content: EmptyByteBufBE)
GET /session/0b09a161f3a1335a2748e2fc40152268/title HTTP/1.1
User-Agent: selenium/4.5.0 (java windows)
Cache-Control: no-cache
Content-Type: application/json; charset=utf-8
host: localhost:57147
accept: */*

Response DefaultHttpResponse(decodeResult: success, version: HTTP/1.1)
HTTP/1.1 200 OK
Content-Type: application/json; charset=utf-8
cache-control: no-cache
content-length: 30

&amp#27;[35m23-10-16 13:09:53:328&amp#27;[m [&amp#27;[34mDEBUG&amp#27;[m] Adding key: http://localhost:57147 for channel [id: 0x3837b62a, L:/127.0.0.1:58216 - R:localhost/127.0.0.1:57147]
&amp#27;[35m23-10-16 13:09:53:328&amp#27;[m [&amp#27;[30mTRACE&amp#27;[m] [id: 0x3837b62a, L:/127.0.0.1:58216 - R:localhost/127.0.0.1:57147] READ COMPLETE
Test Case Title 3 is - Login | Salesforce
]]></system-out>
    <system-err><![CDATA[Starting ChromeDriver 117.0.5938.149 (e3344ddefa12e60436fa28c81cf207c1afb4d0a9-refs/branch-heads/5938@{#1539}) on port 57147
Only local connections are allowed.
Please see https://chromedriver.chromium.org/security-considerations for suggestions on keeping ChromeDriver safe.
ChromeDriver was started successfully.
[1697458186.663][WARNING]: This version of ChromeDriver has not been tested with Chrome version 118.
Oct 16, 2023 1:09:46 PM org.openqa.selenium.remote.ProtocolHandshake createSession
INFO: Detected upstream dialect: W3C
Oct 16, 2023 1:09:46 PM org.openqa.selenium.devtools.CdpVersionFinder findNearestMatch
WARNING: Unable to find an exact match for CDP version 118, so returning the closest version found: a no-op implementation
Oct 16, 2023 1:09:46 PM org.openqa.selenium.devtools.CdpVersionFinder findNearestMatch
INFO: Unable to find CDP implementation matching 118.
Oct 16, 2023 1:09:46 PM org.openqa.selenium.chromium.ChromiumDriver lambda$new$3
WARNING: Unable to find version of CDP to use for . You may need to include a dependency on a specific version of the CDP using something similar to `org.seleniumhq.selenium:selenium-devtools-v86:4.5.0` where the version ("v86") matches the version of the chromium-based browser you're using and the version number of the artifact is the same as Selenium's.
]]></system-err>
  </testcase>
</testsuite>