<?xml version="1.0" encoding="UTF-8"?>
<!-- Generated by org.testng.reporters.JUnitReportReporter -->
<testsuite hostname="LAPTOP-L3G1H4CL" failures="0" tests="3" name="com.automationproject.demoCICD.TestClass1" time="44.821" errors="0" timestamp="2023-10-10T08:01:24 BST" skipped="0">
  <testcase classname="com.automationproject.demoCICD.TestClass1" name="Test2" time="22.520"/>
  <system-out/>
  <testcase classname="com.automationproject.demoCICD.TestClass1" name="Test3" time="10.014"/>
  <system-out/>
  <testcase classname="com.automationproject.demoCICD.TestClass1" name="Test1" time="12.287"/>
  <system-out/>
</testsuite> <!-- com.automationproject.demoCICD.TestClass1 -->
