<?xml version="1.0" encoding="UTF-8"?>
<!-- Generated by org.testng.reporters.JUnitReportReporter -->
<testsuite hostname="LAPTOP-L3G1H4CL" failures="0" tests="3" name="com.automationproject.demoCICD.TestClass1" time="35.364" errors="0" timestamp="2023-10-19T14:21:46 BST" skipped="0">
  <testcase classname="com.automationproject.demoCICD.TestClass1" name="Test3" time="7.495"/>
  <system-out/>
  <testcase classname="com.automationproject.demoCICD.TestClass1" name="Test2" time="8.282"/>
  <system-out/>
  <testcase classname="com.automationproject.demoCICD.TestClass1" name="Test1" time="19.587"/>
  <system-out/>
</testsuite> <!-- com.automationproject.demoCICD.TestClass1 -->
