<?xml version="1.0" encoding="UTF-8"?>
<!-- Generated by org.testng.reporters.JUnitReportReporter -->
<testsuite hostname="LAPTOP-L3G1H4CL" failures="0" tests="3" name="com.automationproject.demoCICD.TestClass1" time="29.955" errors="0" timestamp="2023-10-16T13:09:53 BST" skipped="0">
  <testcase classname="com.automationproject.demoCICD.TestClass1" name="Test1" time="13.572"/>
  <system-out/>
  <testcase classname="com.automationproject.demoCICD.TestClass1" name="Test2" time="8.035"/>
  <system-out/>
  <testcase classname="com.automationproject.demoCICD.TestClass1" name="Test3" time="8.348"/>
  <system-out/>
</testsuite> <!-- com.automationproject.demoCICD.TestClass1 -->
