<?xml version="1.0" encoding="UTF-8"?>
<!-- Generated by org.testng.reporters.JUnitReportReporter -->
<testsuite hostname="LAPTOP-L3G1H4CL" failures="0" tests="3" name="com.automationproject.demoCICD.TestClass1" time="21.230" errors="0" timestamp="2023-10-10T18:16:55 BST" skipped="0">
  <testcase classname="com.automationproject.demoCICD.TestClass1" name="Test1" time="9.796"/>
  <system-out/>
  <testcase classname="com.automationproject.demoCICD.TestClass1" name="Test2" time="5.819"/>
  <system-out/>
  <testcase classname="com.automationproject.demoCICD.TestClass1" name="Test3" time="5.615"/>
  <system-out/>
</testsuite> <!-- com.automationproject.demoCICD.TestClass1 -->
